{"/home/baturs/4-sprint-mission/mission 9/src/app.ts": {"path":"/home/baturs/4-sprint-mission/mission 9/src/app.ts","statementMap":{"0":{"start":{"line":1,"column":0},"end":{"line":1,"column":30}},"1":{"start":{"line":2,"column":0},"end":{"line":2,"column":41}},"2":{"start":{"line":3,"column":0},"end":{"line":3,"column":37}},"3":{"start":{"line":4,"column":0},"end":{"line":4,"column":39}},"4":{"start":{"line":5,"column":0},"end":{"line":5,"column":44}},"5":{"start":{"line":6,"column":0},"end":{"line":6,"column":24}},"6":{"start":{"line":7,"column":0},"end":{"line":7,"column":58}},"7":{"start":{"line":8,"column":0},"end":{"line":8,"column":24}},"8":{"start":{"line":9,"column":0},"end":{"line":9,"column":37}},"9":{"start":{"line":10,"column":0},"end":{"line":10,"column":49}},"10":{"start":{"line":12,"column":12},"end":{"line":12,"column":21}},"11":{"start":{"line":40,"column":9},"end":{"line":40,"column":12}},"12":{"start":{"line":14,"column":0},"end":{"line":14,"column":48}},"13":{"start":{"line":15,"column":0},"end":{"line":15,"column":24}},"14":{"start":{"line":16,"column":0},"end":{"line":16,"column":24}},"15":{"start":{"line":18,"column":20},"end":{"line":22,"column":2}},"16":{"start":{"line":23,"column":0},"end":{"line":23,"column":27}},"17":{"start":{"line":25,"column":0},"end":{"line":25,"column":31}},"18":{"start":{"line":26,"column":0},"end":{"line":26,"column":16}},"19":{"start":{"line":28,"column":0},"end":{"line":28,"column":48}},"20":{"start":{"line":29,"column":0},"end":{"line":29,"column":22}},"21":{"start":{"line":31,"column":15},"end":{"line":31,"column":37}},"22":{"start":{"line":33,"column":0},"end":{"line":33,"column":15}},"23":{"start":{"line":34,"column":0},"end":{"line":34,"column":17}},"24":{"start":{"line":36,"column":0},"end":{"line":38,"column":3}},"25":{"start":{"line":37,"column":2},"end":{"line":37,"column":63}},"26":{"start":{"line":41,"column":0},"end":{"line":41,"column":19}}},"fnMap":{"0":{"name":"(anonymous_1)","decl":{"start":{"line":36,"column":20},"end":{"line":36,"column":23}},"loc":{"start":{"line":36,"column":25},"end":{"line":38,"column":1}}}},"branchMap":{},"s":{"0":1,"1":1,"2":1,"3":1,"4":1,"5":1,"6":1,"7":1,"8":1,"9":1,"10":1,"11":1,"12":1,"13":1,"14":1,"15":1,"16":1,"17":1,"18":1,"19":1,"20":1,"21":1,"22":1,"23":1,"24":1,"25":1,"26":1},"f":{"0":1},"b":{}}
,"/home/baturs/4-sprint-mission/mission 9/src/controllers/alertController.ts": {"path":"/home/baturs/4-sprint-mission/mission 9/src/controllers/alertController.ts","statementMap":{"0":{"start":{"line":2,"column":0},"end":{"line":2,"column":56}},"1":{"start":{"line":3,"column":0},"end":{"line":3,"column":33}},"2":{"start":{"line":6,"column":10},"end":{"line":6,"column":39}},"3":{"start":{"line":8,"column":2},"end":{"line":14,"column":4}},"4":{"start":{"line":9,"column":4},"end":{"line":10,"column":79}},"5":{"start":{"line":10,"column":6},"end":{"line":10,"column":79}},"6":{"start":{"line":11,"column":19},"end":{"line":11,"column":30}},"7":{"start":{"line":12,"column":19},"end":{"line":12,"column":50}},"8":{"start":{"line":13,"column":4},"end":{"line":13,"column":21}},"9":{"start":{"line":16,"column":2},"end":{"line":35,"column":4}},"10":{"start":{"line":17,"column":4},"end":{"line":18,"column":79}},"11":{"start":{"line":18,"column":6},"end":{"line":18,"column":79}},"12":{"start":{"line":20,"column":19},"end":{"line":20,"column":30}},"13":{"start":{"line":21,"column":20},"end":{"line":21,"column":41}},"14":{"start":{"line":23,"column":4},"end":{"line":25,"column":5}},"15":{"start":{"line":24,"column":6},"end":{"line":24,"column":43}},"16":{"start":{"line":27,"column":20},"end":{"line":27,"column":60}},"17":{"start":{"line":29,"column":4},"end":{"line":33,"column":5}},"18":{"start":{"line":30,"column":6},"end":{"line":32,"column":9}},"19":{"start":{"line":34,"column":4},"end":{"line":34,"column":27}},"20":{"start":{"line":5,"column":0},"end":{"line":5,"column":13}}},"fnMap":{"0":{"name":"(anonymous_1)","decl":{"start":{"line":5,"column":0},"end":{"line":5,"column":13}},"loc":{"start":{"line":5,"column":0},"end":{"line":36,"column":1}}},"1":{"name":"(anonymous_2)","decl":{"start":{"line":8,"column":9},"end":{"line":8,"column":14}},"loc":{"start":{"line":8,"column":47},"end":{"line":14,"column":3}}},"2":{"name":"(anonymous_3)","decl":{"start":{"line":16,"column":15},"end":{"line":16,"column":20}},"loc":{"start":{"line":16,"column":53},"end":{"line":35,"column":3}}}},"branchMap":{"0":{"loc":{"start":{"line":9,"column":4},"end":{"line":10,"column":79}},"type":"if","locations":[{"start":{"line":9,"column":4},"end":{"line":10,"column":79}},{"start":{},"end":{}}]},"1":{"loc":{"start":{"line":17,"column":4},"end":{"line":18,"column":79}},"type":"if","locations":[{"start":{"line":17,"column":4},"end":{"line":18,"column":79}},{"start":{},"end":{}}]},"2":{"loc":{"start":{"line":23,"column":4},"end":{"line":25,"column":5}},"type":"if","locations":[{"start":{"line":23,"column":4},"end":{"line":25,"column":5}},{"start":{},"end":{}}]},"3":{"loc":{"start":{"line":29,"column":4},"end":{"line":33,"column":5}},"type":"if","locations":[{"start":{"line":29,"column":4},"end":{"line":33,"column":5}},{"start":{},"end":{}}]}},"s":{"0":1,"1":1,"2":1,"3":1,"4":0,"5":0,"6":0,"7":0,"8":0,"9":1,"10":0,"11":0,"12":0,"13":0,"14":0,"15":0,"16":0,"17":0,"18":0,"19":0,"20":1},"f":{"0":1,"1":0,"2":0},"b":{"0":[0,0],"1":[0,0],"2":[0,0],"3":[0,0]}}
,"/home/baturs/4-sprint-mission/mission 9/src/controllers/articleController.ts": {"path":"/home/baturs/4-sprint-mission/mission 9/src/controllers/articleController.ts","statementMap":{"0":{"start":{"line":2,"column":0},"end":{"line":2,"column":33}},"1":{"start":{"line":3,"column":0},"end":{"line":3,"column":60}},"2":{"start":{"line":4,"column":0},"end":{"line":4,"column":99}},"3":{"start":{"line":6,"column":23},"end":{"line":6,"column":43}},"4":{"start":{"line":10,"column":4},"end":{"line":18,"column":5}},"5":{"start":{"line":11,"column":6},"end":{"line":11,"column":94}},"6":{"start":{"line":11,"column":21},"end":{"line":11,"column":94}},"7":{"start":{"line":13,"column":21},"end":{"line":13,"column":56}},"8":{"start":{"line":14,"column":22},"end":{"line":14,"column":70}},"9":{"start":{"line":15,"column":6},"end":{"line":15,"column":47}},"10":{"start":{"line":17,"column":6},"end":{"line":17,"column":16}},"11":{"start":{"line":22,"column":4},"end":{"line":28,"column":5}},"12":{"start":{"line":23,"column":21},"end":{"line":23,"column":56}},"13":{"start":{"line":24,"column":23},"end":{"line":24,"column":56}},"14":{"start":{"line":25,"column":6},"end":{"line":25,"column":43}},"15":{"start":{"line":27,"column":6},"end":{"line":27,"column":16}},"16":{"start":{"line":32,"column":4},"end":{"line":39,"column":5}},"17":{"start":{"line":33,"column":24},"end":{"line":33,"column":45}},"18":{"start":{"line":34,"column":22},"end":{"line":34,"column":63}},"19":{"start":{"line":35,"column":6},"end":{"line":35,"column":95}},"20":{"start":{"line":35,"column":20},"end":{"line":35,"column":95}},"21":{"start":{"line":36,"column":6},"end":{"line":36,"column":42}},"22":{"start":{"line":38,"column":6},"end":{"line":38,"column":16}},"23":{"start":{"line":43,"column":4},"end":{"line":54,"column":5}},"24":{"start":{"line":44,"column":6},"end":{"line":44,"column":94}},"25":{"start":{"line":44,"column":21},"end":{"line":44,"column":94}},"26":{"start":{"line":45,"column":21},"end":{"line":45,"column":97}},"27":{"start":{"line":46,"column":24},"end":{"line":46,"column":45}},"28":{"start":{"line":47,"column":22},"end":{"line":47,"column":81}},"29":{"start":{"line":49,"column":6},"end":{"line":49,"column":42}},"30":{"start":{"line":51,"column":6},"end":{"line":51,"column":114}},"31":{"start":{"line":51,"column":39},"end":{"line":51,"column":114}},"32":{"start":{"line":52,"column":6},"end":{"line":52,"column":113}},"33":{"start":{"line":52,"column":39},"end":{"line":52,"column":113}},"34":{"start":{"line":53,"column":6},"end":{"line":53,"column":16}},"35":{"start":{"line":58,"column":4},"end":{"line":68,"column":5}},"36":{"start":{"line":59,"column":6},"end":{"line":59,"column":94}},"37":{"start":{"line":59,"column":21},"end":{"line":59,"column":94}},"38":{"start":{"line":61,"column":24},"end":{"line":61,"column":45}},"39":{"start":{"line":62,"column":6},"end":{"line":62,"column":58}},"40":{"start":{"line":63,"column":6},"end":{"line":63,"column":42}},"41":{"start":{"line":65,"column":6},"end":{"line":65,"column":114}},"42":{"start":{"line":65,"column":39},"end":{"line":65,"column":114}},"43":{"start":{"line":66,"column":6},"end":{"line":66,"column":113}},"44":{"start":{"line":66,"column":39},"end":{"line":66,"column":113}},"45":{"start":{"line":67,"column":6},"end":{"line":67,"column":16}},"46":{"start":{"line":8,"column":0},"end":{"line":8,"column":13}}},"fnMap":{"0":{"name":"(anonymous_1)","decl":{"start":{"line":9,"column":2},"end":{"line":9,"column":7}},"loc":{"start":{"line":9,"column":62},"end":{"line":19,"column":3}}},"1":{"name":"(anonymous_2)","decl":{"start":{"line":21,"column":2},"end":{"line":21,"column":7}},"loc":{"start":{"line":21,"column":60},"end":{"line":29,"column":3}}},"2":{"name":"(anonymous_3)","decl":{"start":{"line":31,"column":2},"end":{"line":31,"column":7}},"loc":{"start":{"line":31,"column":62},"end":{"line":40,"column":3}}},"3":{"name":"(anonymous_4)","decl":{"start":{"line":42,"column":2},"end":{"line":42,"column":7}},"loc":{"start":{"line":42,"column":62},"end":{"line":55,"column":3}}},"4":{"name":"(anonymous_5)","decl":{"start":{"line":57,"column":2},"end":{"line":57,"column":7}},"loc":{"start":{"line":57,"column":62},"end":{"line":69,"column":3}}}},"branchMap":{"0":{"loc":{"start":{"line":11,"column":6},"end":{"line":11,"column":94}},"type":"if","locations":[{"start":{"line":11,"column":6},"end":{"line":11,"column":94}},{"start":{},"end":{}}]},"1":{"loc":{"start":{"line":35,"column":6},"end":{"line":35,"column":95}},"type":"if","locations":[{"start":{"line":35,"column":6},"end":{"line":35,"column":95}},{"start":{},"end":{}}]},"2":{"loc":{"start":{"line":44,"column":6},"end":{"line":44,"column":94}},"type":"if","locations":[{"start":{"line":44,"column":6},"end":{"line":44,"column":94}},{"start":{},"end":{}}]},"3":{"loc":{"start":{"line":51,"column":6},"end":{"line":51,"column":114}},"type":"if","locations":[{"start":{"line":51,"column":6},"end":{"line":51,"column":114}},{"start":{},"end":{}}]},"4":{"loc":{"start":{"line":52,"column":6},"end":{"line":52,"column":113}},"type":"if","locations":[{"start":{"line":52,"column":6},"end":{"line":52,"column":113}},{"start":{},"end":{}}]},"5":{"loc":{"start":{"line":59,"column":6},"end":{"line":59,"column":94}},"type":"if","locations":[{"start":{"line":59,"column":6},"end":{"line":59,"column":94}},{"start":{},"end":{}}]},"6":{"loc":{"start":{"line":65,"column":6},"end":{"line":65,"column":114}},"type":"if","locations":[{"start":{"line":65,"column":6},"end":{"line":65,"column":114}},{"start":{},"end":{}}]},"7":{"loc":{"start":{"line":66,"column":6},"end":{"line":66,"column":113}},"type":"if","locations":[{"start":{"line":66,"column":6},"end":{"line":66,"column":113}},{"start":{},"end":{}}]}},"s":{"0":1,"1":1,"2":1,"3":1,"4":0,"5":0,"6":0,"7":0,"8":0,"9":0,"10":0,"11":0,"12":0,"13":0,"14":0,"15":0,"16":0,"17":0,"18":0,"19":0,"20":0,"21":0,"22":0,"23":0,"24":0,"25":0,"26":0,"27":0,"28":0,"29":0,"30":0,"31":0,"32":0,"33":0,"34":0,"35":0,"36":0,"37":0,"38":0,"39":0,"40":0,"41":0,"42":0,"43":0,"44":0,"45":0,"46":1},"f":{"0":0,"1":0,"2":0,"3":0,"4":0},"b":{"0":[0,0],"1":[0,0],"2":[0,0],"3":[0,0],"4":[0,0],"5":[0,0],"6":[0,0],"7":[0,0]}}
,"/home/baturs/4-sprint-mission/mission 9/src/controllers/commentController.ts": {"path":"/home/baturs/4-sprint-mission/mission 9/src/controllers/commentController.ts","statementMap":{"0":{"start":{"line":2,"column":0},"end":{"line":2,"column":24}},"1":{"start":{"line":3,"column":0},"end":{"line":3,"column":33}},"2":{"start":{"line":4,"column":0},"end":{"line":4,"column":60}},"3":{"start":{"line":6,"column":23},"end":{"line":6,"column":43}},"4":{"start":{"line":8,"column":22},"end":{"line":10,"column":2}},"5":{"start":{"line":12,"column":26},"end":{"line":15,"column":2}},"6":{"start":{"line":19,"column":4},"end":{"line":27,"column":5}},"7":{"start":{"line":20,"column":6},"end":{"line":20,"column":94}},"8":{"start":{"line":20,"column":21},"end":{"line":20,"column":94}},"9":{"start":{"line":21,"column":24},"end":{"line":21,"column":45}},"10":{"start":{"line":22,"column":21},"end":{"line":22,"column":50}},"11":{"start":{"line":23,"column":22},"end":{"line":23,"column":103}},"12":{"start":{"line":24,"column":6},"end":{"line":24,"column":47}},"13":{"start":{"line":26,"column":6},"end":{"line":26,"column":16}},"14":{"start":{"line":31,"column":4},"end":{"line":39,"column":5}},"15":{"start":{"line":32,"column":6},"end":{"line":32,"column":94}},"16":{"start":{"line":32,"column":21},"end":{"line":32,"column":94}},"17":{"start":{"line":33,"column":24},"end":{"line":33,"column":45}},"18":{"start":{"line":34,"column":21},"end":{"line":34,"column":50}},"19":{"start":{"line":35,"column":22},"end":{"line":35,"column":103}},"20":{"start":{"line":36,"column":6},"end":{"line":36,"column":47}},"21":{"start":{"line":38,"column":6},"end":{"line":38,"column":16}},"22":{"start":{"line":43,"column":4},"end":{"line":53,"column":5}},"23":{"start":{"line":44,"column":6},"end":{"line":44,"column":94}},"24":{"start":{"line":44,"column":21},"end":{"line":44,"column":94}},"25":{"start":{"line":45,"column":24},"end":{"line":45,"column":45}},"26":{"start":{"line":46,"column":21},"end":{"line":46,"column":50}},"27":{"start":{"line":47,"column":22},"end":{"line":47,"column":96}},"28":{"start":{"line":48,"column":6},"end":{"line":48,"column":42}},"29":{"start":{"line":50,"column":6},"end":{"line":50,"column":114}},"30":{"start":{"line":50,"column":39},"end":{"line":50,"column":114}},"31":{"start":{"line":51,"column":6},"end":{"line":51,"column":113}},"32":{"start":{"line":51,"column":39},"end":{"line":51,"column":113}},"33":{"start":{"line":52,"column":6},"end":{"line":52,"column":16}},"34":{"start":{"line":57,"column":4},"end":{"line":66,"column":5}},"35":{"start":{"line":58,"column":6},"end":{"line":58,"column":94}},"36":{"start":{"line":58,"column":21},"end":{"line":58,"column":94}},"37":{"start":{"line":59,"column":24},"end":{"line":59,"column":45}},"38":{"start":{"line":60,"column":6},"end":{"line":60,"column":65}},"39":{"start":{"line":61,"column":6},"end":{"line":61,"column":42}},"40":{"start":{"line":63,"column":6},"end":{"line":63,"column":114}},"41":{"start":{"line":63,"column":39},"end":{"line":63,"column":114}},"42":{"start":{"line":64,"column":6},"end":{"line":64,"column":113}},"43":{"start":{"line":64,"column":39},"end":{"line":64,"column":113}},"44":{"start":{"line":65,"column":6},"end":{"line":65,"column":16}},"45":{"start":{"line":70,"column":4},"end":{"line":76,"column":5}},"46":{"start":{"line":71,"column":21},"end":{"line":71,"column":93}},"47":{"start":{"line":72,"column":23},"end":{"line":72,"column":88}},"48":{"start":{"line":73,"column":6},"end":{"line":73,"column":43}},"49":{"start":{"line":75,"column":6},"end":{"line":75,"column":16}},"50":{"start":{"line":80,"column":4},"end":{"line":86,"column":5}},"51":{"start":{"line":81,"column":21},"end":{"line":81,"column":93}},"52":{"start":{"line":82,"column":23},"end":{"line":82,"column":88}},"53":{"start":{"line":83,"column":6},"end":{"line":83,"column":43}},"54":{"start":{"line":85,"column":6},"end":{"line":85,"column":16}},"55":{"start":{"line":17,"column":0},"end":{"line":17,"column":13}}},"fnMap":{"0":{"name":"(anonymous_1)","decl":{"start":{"line":18,"column":2},"end":{"line":18,"column":7}},"loc":{"start":{"line":18,"column":76},"end":{"line":28,"column":3}}},"1":{"name":"(anonymous_2)","decl":{"start":{"line":30,"column":2},"end":{"line":30,"column":7}},"loc":{"start":{"line":30,"column":76},"end":{"line":40,"column":3}}},"2":{"name":"(anonymous_3)","decl":{"start":{"line":42,"column":2},"end":{"line":42,"column":7}},"loc":{"start":{"line":42,"column":69},"end":{"line":54,"column":3}}},"3":{"name":"(anonymous_4)","decl":{"start":{"line":56,"column":2},"end":{"line":56,"column":7}},"loc":{"start":{"line":56,"column":69},"end":{"line":67,"column":3}}},"4":{"name":"(anonymous_5)","decl":{"start":{"line":69,"column":2},"end":{"line":69,"column":7}},"loc":{"start":{"line":69,"column":74},"end":{"line":77,"column":3}}},"5":{"name":"(anonymous_6)","decl":{"start":{"line":79,"column":2},"end":{"line":79,"column":7}},"loc":{"start":{"line":79,"column":74},"end":{"line":87,"column":3}}}},"branchMap":{"0":{"loc":{"start":{"line":20,"column":6},"end":{"line":20,"column":94}},"type":"if","locations":[{"start":{"line":20,"column":6},"end":{"line":20,"column":94}},{"start":{},"end":{}}]},"1":{"loc":{"start":{"line":32,"column":6},"end":{"line":32,"column":94}},"type":"if","locations":[{"start":{"line":32,"column":6},"end":{"line":32,"column":94}},{"start":{},"end":{}}]},"2":{"loc":{"start":{"line":44,"column":6},"end":{"line":44,"column":94}},"type":"if","locations":[{"start":{"line":44,"column":6},"end":{"line":44,"column":94}},{"start":{},"end":{}}]},"3":{"loc":{"start":{"line":50,"column":6},"end":{"line":50,"column":114}},"type":"if","locations":[{"start":{"line":50,"column":6},"end":{"line":50,"column":114}},{"start":{},"end":{}}]},"4":{"loc":{"start":{"line":51,"column":6},"end":{"line":51,"column":113}},"type":"if","locations":[{"start":{"line":51,"column":6},"end":{"line":51,"column":113}},{"start":{},"end":{}}]},"5":{"loc":{"start":{"line":58,"column":6},"end":{"line":58,"column":94}},"type":"if","locations":[{"start":{"line":58,"column":6},"end":{"line":58,"column":94}},{"start":{},"end":{}}]},"6":{"loc":{"start":{"line":63,"column":6},"end":{"line":63,"column":114}},"type":"if","locations":[{"start":{"line":63,"column":6},"end":{"line":63,"column":114}},{"start":{},"end":{}}]},"7":{"loc":{"start":{"line":64,"column":6},"end":{"line":64,"column":113}},"type":"if","locations":[{"start":{"line":64,"column":6},"end":{"line":64,"column":113}},{"start":{},"end":{}}]}},"s":{"0":1,"1":1,"2":1,"3":1,"4":1,"5":1,"6":0,"7":0,"8":0,"9":0,"10":0,"11":0,"12":0,"13":0,"14":0,"15":0,"16":0,"17":0,"18":0,"19":0,"20":0,"21":0,"22":0,"23":0,"24":0,"25":0,"26":0,"27":0,"28":0,"29":0,"30":0,"31":0,"32":0,"33":0,"34":0,"35":0,"36":0,"37":0,"38":0,"39":0,"40":0,"41":0,"42":0,"43":0,"44":0,"45":0,"46":0,"47":0,"48":0,"49":0,"50":0,"51":0,"52":0,"53":0,"54":0,"55":1},"f":{"0":0,"1":0,"2":0,"3":0,"4":0,"5":0},"b":{"0":[0,0],"1":[0,0],"2":[0,0],"3":[0,0],"4":[0,0],"5":[0,0],"6":[0,0],"7":[0,0]}}
,"/home/baturs/4-sprint-mission/mission 9/src/controllers/likeController.ts": {"path":"/home/baturs/4-sprint-mission/mission 9/src/controllers/likeController.ts","statementMap":{"0":{"start":{"line":2,"column":0},"end":{"line":2,"column":33}},"1":{"start":{"line":3,"column":0},"end":{"line":3,"column":54}},"2":{"start":{"line":5,"column":20},"end":{"line":5,"column":37}},"3":{"start":{"line":9,"column":4},"end":{"line":9,"column":92}},"4":{"start":{"line":9,"column":19},"end":{"line":9,"column":92}},"5":{"start":{"line":10,"column":4},"end":{"line":16,"column":5}},"6":{"start":{"line":11,"column":21},"end":{"line":11,"column":86}},"7":{"start":{"line":12,"column":6},"end":{"line":12,"column":84}},"8":{"start":{"line":14,"column":6},"end":{"line":14,"column":122}},"9":{"start":{"line":14,"column":47},"end":{"line":14,"column":122}},"10":{"start":{"line":15,"column":6},"end":{"line":15,"column":16}},"11":{"start":{"line":20,"column":4},"end":{"line":20,"column":92}},"12":{"start":{"line":20,"column":19},"end":{"line":20,"column":92}},"13":{"start":{"line":21,"column":4},"end":{"line":27,"column":5}},"14":{"start":{"line":22,"column":21},"end":{"line":22,"column":86}},"15":{"start":{"line":23,"column":6},"end":{"line":23,"column":84}},"16":{"start":{"line":25,"column":6},"end":{"line":25,"column":122}},"17":{"start":{"line":25,"column":47},"end":{"line":25,"column":122}},"18":{"start":{"line":26,"column":6},"end":{"line":26,"column":16}},"19":{"start":{"line":31,"column":4},"end":{"line":31,"column":92}},"20":{"start":{"line":31,"column":19},"end":{"line":31,"column":92}},"21":{"start":{"line":32,"column":4},"end":{"line":38,"column":5}},"22":{"start":{"line":33,"column":28},"end":{"line":33,"column":75}},"23":{"start":{"line":34,"column":23},"end":{"line":34,"column":82}},"24":{"start":{"line":34,"column":49},"end":{"line":34,"column":80}},"25":{"start":{"line":35,"column":6},"end":{"line":35,"column":43}},"26":{"start":{"line":37,"column":6},"end":{"line":37,"column":16}},"27":{"start":{"line":42,"column":4},"end":{"line":42,"column":92}},"28":{"start":{"line":42,"column":19},"end":{"line":42,"column":92}},"29":{"start":{"line":43,"column":4},"end":{"line":49,"column":5}},"30":{"start":{"line":44,"column":28},"end":{"line":44,"column":75}},"31":{"start":{"line":45,"column":23},"end":{"line":45,"column":82}},"32":{"start":{"line":45,"column":49},"end":{"line":45,"column":80}},"33":{"start":{"line":46,"column":6},"end":{"line":46,"column":43}},"34":{"start":{"line":48,"column":6},"end":{"line":48,"column":16}},"35":{"start":{"line":7,"column":0},"end":{"line":7,"column":13}}},"fnMap":{"0":{"name":"(anonymous_1)","decl":{"start":{"line":8,"column":2},"end":{"line":8,"column":7}},"loc":{"start":{"line":8,"column":67},"end":{"line":17,"column":3}}},"1":{"name":"(anonymous_2)","decl":{"start":{"line":19,"column":2},"end":{"line":19,"column":7}},"loc":{"start":{"line":19,"column":67},"end":{"line":28,"column":3}}},"2":{"name":"(anonymous_3)","decl":{"start":{"line":30,"column":2},"end":{"line":30,"column":7}},"loc":{"start":{"line":30,"column":72},"end":{"line":39,"column":3}}},"3":{"name":"(anonymous_4)","decl":{"start":{"line":34,"column":41},"end":{"line":34,"column":42}},"loc":{"start":{"line":34,"column":49},"end":{"line":34,"column":80}}},"4":{"name":"(anonymous_5)","decl":{"start":{"line":41,"column":2},"end":{"line":41,"column":7}},"loc":{"start":{"line":41,"column":72},"end":{"line":50,"column":3}}},"5":{"name":"(anonymous_6)","decl":{"start":{"line":45,"column":41},"end":{"line":45,"column":42}},"loc":{"start":{"line":45,"column":49},"end":{"line":45,"column":80}}}},"branchMap":{"0":{"loc":{"start":{"line":9,"column":4},"end":{"line":9,"column":92}},"type":"if","locations":[{"start":{"line":9,"column":4},"end":{"line":9,"column":92}},{"start":{},"end":{}}]},"1":{"loc":{"start":{"line":14,"column":6},"end":{"line":14,"column":122}},"type":"if","locations":[{"start":{"line":14,"column":6},"end":{"line":14,"column":122}},{"start":{},"end":{}}]},"2":{"loc":{"start":{"line":20,"column":4},"end":{"line":20,"column":92}},"type":"if","locations":[{"start":{"line":20,"column":4},"end":{"line":20,"column":92}},{"start":{},"end":{}}]},"3":{"loc":{"start":{"line":25,"column":6},"end":{"line":25,"column":122}},"type":"if","locations":[{"start":{"line":25,"column":6},"end":{"line":25,"column":122}},{"start":{},"end":{}}]},"4":{"loc":{"start":{"line":31,"column":4},"end":{"line":31,"column":92}},"type":"if","locations":[{"start":{"line":31,"column":4},"end":{"line":31,"column":92}},{"start":{},"end":{}}]},"5":{"loc":{"start":{"line":42,"column":4},"end":{"line":42,"column":92}},"type":"if","locations":[{"start":{"line":42,"column":4},"end":{"line":42,"column":92}},{"start":{},"end":{}}]}},"s":{"0":1,"1":1,"2":1,"3":0,"4":0,"5":0,"6":0,"7":0,"8":0,"9":0,"10":0,"11":0,"12":0,"13":0,"14":0,"15":0,"16":0,"17":0,"18":0,"19":0,"20":0,"21":0,"22":0,"23":0,"24":0,"25":0,"26":0,"27":0,"28":0,"29":0,"30":0,"31":0,"32":0,"33":0,"34":0,"35":1},"f":{"0":0,"1":0,"2":0,"3":0,"4":0,"5":0},"b":{"0":[0,0],"1":[0,0],"2":[0,0],"3":[0,0],"4":[0,0],"5":[0,0]}}
,"/home/baturs/4-sprint-mission/mission 9/src/controllers/photoController.ts": {"path":"/home/baturs/4-sprint-mission/mission 9/src/controllers/photoController.ts","statementMap":{"0":{"start":{"line":2,"column":0},"end":{"line":2,"column":35}},"1":{"start":{"line":3,"column":0},"end":{"line":3,"column":33}},"2":{"start":{"line":7,"column":4},"end":{"line":7,"column":76}},"3":{"start":{"line":7,"column":19},"end":{"line":7,"column":76}},"4":{"start":{"line":9,"column":4},"end":{"line":11,"column":5}},"5":{"start":{"line":10,"column":6},"end":{"line":10,"column":82}},"6":{"start":{"line":13,"column":4},"end":{"line":27,"column":5}},"7":{"start":{"line":14,"column":23},"end":{"line":14,"column":55}},"8":{"start":{"line":16,"column":26},"end":{"line":19,"column":8}},"9":{"start":{"line":21,"column":6},"end":{"line":24,"column":9}},"10":{"start":{"line":26,"column":6},"end":{"line":26,"column":16}},"11":{"start":{"line":5,"column":0},"end":{"line":5,"column":13}}},"fnMap":{"0":{"name":"(anonymous_1)","decl":{"start":{"line":6,"column":2},"end":{"line":6,"column":7}},"loc":{"start":{"line":6,"column":62},"end":{"line":28,"column":3}}}},"branchMap":{"0":{"loc":{"start":{"line":7,"column":4},"end":{"line":7,"column":76}},"type":"if","locations":[{"start":{"line":7,"column":4},"end":{"line":7,"column":76}},{"start":{},"end":{}}]},"1":{"loc":{"start":{"line":9,"column":4},"end":{"line":11,"column":5}},"type":"if","locations":[{"start":{"line":9,"column":4},"end":{"line":11,"column":5}},{"start":{},"end":{}}]}},"s":{"0":1,"1":1,"2":0,"3":0,"4":0,"5":0,"6":0,"7":0,"8":0,"9":0,"10":0,"11":1},"f":{"0":0},"b":{"0":[0,0],"1":[0,0]}}
,"/home/baturs/4-sprint-mission/mission 9/src/controllers/productController.ts": {"path":"/home/baturs/4-sprint-mission/mission 9/src/controllers/productController.ts","statementMap":{"0":{"start":{"line":2,"column":0},"end":{"line":2,"column":33}},"1":{"start":{"line":3,"column":0},"end":{"line":3,"column":60}},"2":{"start":{"line":4,"column":0},"end":{"line":4,"column":99}},"3":{"start":{"line":6,"column":23},"end":{"line":6,"column":43}},"4":{"start":{"line":10,"column":4},"end":{"line":17,"column":5}},"5":{"start":{"line":11,"column":6},"end":{"line":11,"column":94}},"6":{"start":{"line":11,"column":21},"end":{"line":11,"column":94}},"7":{"start":{"line":12,"column":21},"end":{"line":12,"column":56}},"8":{"start":{"line":13,"column":22},"end":{"line":13,"column":70}},"9":{"start":{"line":14,"column":6},"end":{"line":14,"column":47}},"10":{"start":{"line":16,"column":6},"end":{"line":16,"column":16}},"11":{"start":{"line":21,"column":4},"end":{"line":27,"column":5}},"12":{"start":{"line":22,"column":21},"end":{"line":22,"column":56}},"13":{"start":{"line":23,"column":23},"end":{"line":23,"column":56}},"14":{"start":{"line":24,"column":6},"end":{"line":24,"column":43}},"15":{"start":{"line":26,"column":6},"end":{"line":26,"column":16}},"16":{"start":{"line":31,"column":4},"end":{"line":38,"column":5}},"17":{"start":{"line":32,"column":24},"end":{"line":32,"column":45}},"18":{"start":{"line":33,"column":22},"end":{"line":33,"column":63}},"19":{"start":{"line":34,"column":6},"end":{"line":34,"column":95}},"20":{"start":{"line":34,"column":20},"end":{"line":34,"column":95}},"21":{"start":{"line":35,"column":6},"end":{"line":35,"column":42}},"22":{"start":{"line":37,"column":6},"end":{"line":37,"column":16}},"23":{"start":{"line":42,"column":4},"end":{"line":53,"column":5}},"24":{"start":{"line":43,"column":6},"end":{"line":43,"column":94}},"25":{"start":{"line":43,"column":21},"end":{"line":43,"column":94}},"26":{"start":{"line":44,"column":21},"end":{"line":44,"column":131}},"27":{"start":{"line":45,"column":24},"end":{"line":45,"column":45}},"28":{"start":{"line":46,"column":22},"end":{"line":46,"column":81}},"29":{"start":{"line":48,"column":6},"end":{"line":48,"column":42}},"30":{"start":{"line":50,"column":6},"end":{"line":50,"column":114}},"31":{"start":{"line":50,"column":39},"end":{"line":50,"column":114}},"32":{"start":{"line":51,"column":6},"end":{"line":51,"column":113}},"33":{"start":{"line":51,"column":39},"end":{"line":51,"column":113}},"34":{"start":{"line":52,"column":6},"end":{"line":52,"column":16}},"35":{"start":{"line":57,"column":4},"end":{"line":66,"column":5}},"36":{"start":{"line":58,"column":6},"end":{"line":58,"column":94}},"37":{"start":{"line":58,"column":21},"end":{"line":58,"column":94}},"38":{"start":{"line":59,"column":24},"end":{"line":59,"column":45}},"39":{"start":{"line":60,"column":6},"end":{"line":60,"column":58}},"40":{"start":{"line":61,"column":6},"end":{"line":61,"column":42}},"41":{"start":{"line":63,"column":6},"end":{"line":63,"column":114}},"42":{"start":{"line":63,"column":39},"end":{"line":63,"column":114}},"43":{"start":{"line":64,"column":6},"end":{"line":64,"column":113}},"44":{"start":{"line":64,"column":39},"end":{"line":64,"column":113}},"45":{"start":{"line":65,"column":6},"end":{"line":65,"column":16}},"46":{"start":{"line":8,"column":0},"end":{"line":8,"column":13}}},"fnMap":{"0":{"name":"(anonymous_1)","decl":{"start":{"line":9,"column":2},"end":{"line":9,"column":7}},"loc":{"start":{"line":9,"column":62},"end":{"line":18,"column":3}}},"1":{"name":"(anonymous_2)","decl":{"start":{"line":20,"column":2},"end":{"line":20,"column":7}},"loc":{"start":{"line":20,"column":60},"end":{"line":28,"column":3}}},"2":{"name":"(anonymous_3)","decl":{"start":{"line":30,"column":2},"end":{"line":30,"column":7}},"loc":{"start":{"line":30,"column":62},"end":{"line":39,"column":3}}},"3":{"name":"(anonymous_4)","decl":{"start":{"line":41,"column":2},"end":{"line":41,"column":7}},"loc":{"start":{"line":41,"column":62},"end":{"line":54,"column":3}}},"4":{"name":"(anonymous_5)","decl":{"start":{"line":56,"column":2},"end":{"line":56,"column":7}},"loc":{"start":{"line":56,"column":62},"end":{"line":67,"column":3}}}},"branchMap":{"0":{"loc":{"start":{"line":11,"column":6},"end":{"line":11,"column":94}},"type":"if","locations":[{"start":{"line":11,"column":6},"end":{"line":11,"column":94}},{"start":{},"end":{}}]},"1":{"loc":{"start":{"line":34,"column":6},"end":{"line":34,"column":95}},"type":"if","locations":[{"start":{"line":34,"column":6},"end":{"line":34,"column":95}},{"start":{},"end":{}}]},"2":{"loc":{"start":{"line":43,"column":6},"end":{"line":43,"column":94}},"type":"if","locations":[{"start":{"line":43,"column":6},"end":{"line":43,"column":94}},{"start":{},"end":{}}]},"3":{"loc":{"start":{"line":50,"column":6},"end":{"line":50,"column":114}},"type":"if","locations":[{"start":{"line":50,"column":6},"end":{"line":50,"column":114}},{"start":{},"end":{}}]},"4":{"loc":{"start":{"line":51,"column":6},"end":{"line":51,"column":113}},"type":"if","locations":[{"start":{"line":51,"column":6},"end":{"line":51,"column":113}},{"start":{},"end":{}}]},"5":{"loc":{"start":{"line":58,"column":6},"end":{"line":58,"column":94}},"type":"if","locations":[{"start":{"line":58,"column":6},"end":{"line":58,"column":94}},{"start":{},"end":{}}]},"6":{"loc":{"start":{"line":63,"column":6},"end":{"line":63,"column":114}},"type":"if","locations":[{"start":{"line":63,"column":6},"end":{"line":63,"column":114}},{"start":{},"end":{}}]},"7":{"loc":{"start":{"line":64,"column":6},"end":{"line":64,"column":113}},"type":"if","locations":[{"start":{"line":64,"column":6},"end":{"line":64,"column":113}},{"start":{},"end":{}}]}},"s":{"0":1,"1":1,"2":1,"3":1,"4":0,"5":0,"6":0,"7":0,"8":0,"9":0,"10":0,"11":1,"12":1,"13":1,"14":1,"15":0,"16":0,"17":0,"18":0,"19":0,"20":0,"21":0,"22":0,"23":0,"24":0,"25":0,"26":0,"27":0,"28":0,"29":0,"30":0,"31":0,"32":0,"33":0,"34":0,"35":0,"36":0,"37":0,"38":0,"39":0,"40":0,"41":0,"42":0,"43":0,"44":0,"45":0,"46":1},"f":{"0":0,"1":1,"2":0,"3":0,"4":0},"b":{"0":[0,0],"1":[0,0],"2":[0,0],"3":[0,0],"4":[0,0],"5":[0,0],"6":[0,0],"7":[0,0]}}
,"/home/baturs/4-sprint-mission/mission 9/src/controllers/userController.ts": {"path":"/home/baturs/4-sprint-mission/mission 9/src/controllers/userController.ts","statementMap":{"0":{"start":{"line":2,"column":0},"end":{"line":2,"column":33}},"1":{"start":{"line":3,"column":0},"end":{"line":3,"column":54}},"2":{"start":{"line":4,"column":0},"end":{"line":4,"column":71}},"3":{"start":{"line":5,"column":0},"end":{"line":5,"column":109}},"4":{"start":{"line":7,"column":20},"end":{"line":7,"column":37}},"5":{"start":{"line":11,"column":4},"end":{"line":20,"column":5}},"6":{"start":{"line":12,"column":21},"end":{"line":12,"column":55}},"7":{"start":{"line":13,"column":21},"end":{"line":13,"column":55}},"8":{"start":{"line":14,"column":6},"end":{"line":14,"column":46}},"9":{"start":{"line":16,"column":6},"end":{"line":18,"column":7}},"10":{"start":{"line":17,"column":8},"end":{"line":17,"column":87}},"11":{"start":{"line":19,"column":6},"end":{"line":19,"column":16}},"12":{"start":{"line":24,"column":4},"end":{"line":24,"column":92}},"13":{"start":{"line":24,"column":19},"end":{"line":24,"column":92}},"14":{"start":{"line":26,"column":4},"end":{"line":32,"column":5}},"15":{"start":{"line":27,"column":44},"end":{"line":27,"column":87}},"16":{"start":{"line":28,"column":6},"end":{"line":28,"column":54}},"17":{"start":{"line":29,"column":6},"end":{"line":29,"column":71}},"18":{"start":{"line":31,"column":6},"end":{"line":31,"column":16}},"19":{"start":{"line":36,"column":4},"end":{"line":42,"column":5}},"20":{"start":{"line":37,"column":6},"end":{"line":37,"column":94}},"21":{"start":{"line":37,"column":21},"end":{"line":37,"column":94}},"22":{"start":{"line":38,"column":22},"end":{"line":38,"column":63}},"23":{"start":{"line":39,"column":6},"end":{"line":39,"column":42}},"24":{"start":{"line":41,"column":6},"end":{"line":41,"column":16}},"25":{"start":{"line":46,"column":4},"end":{"line":56,"column":5}},"26":{"start":{"line":47,"column":6},"end":{"line":47,"column":94}},"27":{"start":{"line":47,"column":21},"end":{"line":47,"column":94}},"28":{"start":{"line":49,"column":21},"end":{"line":49,"column":53}},"29":{"start":{"line":50,"column":26},"end":{"line":50,"column":105}},"30":{"start":{"line":52,"column":6},"end":{"line":52,"column":106}},"31":{"start":{"line":54,"column":6},"end":{"line":54,"column":120}},"32":{"start":{"line":54,"column":37},"end":{"line":54,"column":120}},"33":{"start":{"line":55,"column":6},"end":{"line":55,"column":16}},"34":{"start":{"line":60,"column":4},"end":{"line":69,"column":5}},"35":{"start":{"line":61,"column":6},"end":{"line":61,"column":94}},"36":{"start":{"line":61,"column":21},"end":{"line":61,"column":94}},"37":{"start":{"line":63,"column":21},"end":{"line":63,"column":55}},"38":{"start":{"line":64,"column":21},"end":{"line":64,"column":74}},"39":{"start":{"line":66,"column":6},"end":{"line":66,"column":41}},"40":{"start":{"line":68,"column":6},"end":{"line":68,"column":16}},"41":{"start":{"line":73,"column":4},"end":{"line":82,"column":5}},"42":{"start":{"line":74,"column":6},"end":{"line":74,"column":94}},"43":{"start":{"line":74,"column":21},"end":{"line":74,"column":94}},"44":{"start":{"line":75,"column":23},"end":{"line":75,"column":65}},"45":{"start":{"line":76,"column":6},"end":{"line":78,"column":7}},"46":{"start":{"line":77,"column":8},"end":{"line":77,"column":76}},"47":{"start":{"line":79,"column":6},"end":{"line":79,"column":43}},"48":{"start":{"line":81,"column":6},"end":{"line":81,"column":16}},"49":{"start":{"line":86,"column":4},"end":{"line":86,"column":92}},"50":{"start":{"line":86,"column":19},"end":{"line":86,"column":92}},"51":{"start":{"line":87,"column":42},"end":{"line":87,"column":85}},"52":{"start":{"line":88,"column":4},"end":{"line":88,"column":52}},"53":{"start":{"line":89,"column":4},"end":{"line":89,"column":64}},"54":{"start":{"line":93,"column":4},"end":{"line":93,"column":27}},"55":{"start":{"line":94,"column":4},"end":{"line":94,"column":71}},"56":{"start":{"line":9,"column":0},"end":{"line":9,"column":13}}},"fnMap":{"0":{"name":"(anonymous_1)","decl":{"start":{"line":10,"column":2},"end":{"line":10,"column":7}},"loc":{"start":{"line":10,"column":64},"end":{"line":21,"column":3}}},"1":{"name":"(anonymous_2)","decl":{"start":{"line":23,"column":2},"end":{"line":23,"column":7}},"loc":{"start":{"line":23,"column":55},"end":{"line":33,"column":3}}},"2":{"name":"(anonymous_3)","decl":{"start":{"line":35,"column":2},"end":{"line":35,"column":7}},"loc":{"start":{"line":35,"column":63},"end":{"line":43,"column":3}}},"3":{"name":"(anonymous_4)","decl":{"start":{"line":45,"column":2},"end":{"line":45,"column":7}},"loc":{"start":{"line":45,"column":73},"end":{"line":57,"column":3}}},"4":{"name":"(anonymous_5)","decl":{"start":{"line":59,"column":2},"end":{"line":59,"column":7}},"loc":{"start":{"line":59,"column":70},"end":{"line":70,"column":3}}},"5":{"name":"(anonymous_6)","decl":{"start":{"line":72,"column":2},"end":{"line":72,"column":7}},"loc":{"start":{"line":72,"column":64},"end":{"line":83,"column":3}}},"6":{"name":"(anonymous_7)","decl":{"start":{"line":85,"column":2},"end":{"line":85,"column":15}},"loc":{"start":{"line":85,"column":43},"end":{"line":90,"column":3}}},"7":{"name":"(anonymous_8)","decl":{"start":{"line":92,"column":2},"end":{"line":92,"column":8}},"loc":{"start":{"line":92,"column":36},"end":{"line":95,"column":3}}}},"branchMap":{"0":{"loc":{"start":{"line":16,"column":6},"end":{"line":18,"column":7}},"type":"if","locations":[{"start":{"line":16,"column":6},"end":{"line":18,"column":7}},{"start":{},"end":{}}]},"1":{"loc":{"start":{"line":24,"column":4},"end":{"line":24,"column":92}},"type":"if","locations":[{"start":{"line":24,"column":4},"end":{"line":24,"column":92}},{"start":{},"end":{}}]},"2":{"loc":{"start":{"line":37,"column":6},"end":{"line":37,"column":94}},"type":"if","locations":[{"start":{"line":37,"column":6},"end":{"line":37,"column":94}},{"start":{},"end":{}}]},"3":{"loc":{"start":{"line":47,"column":6},"end":{"line":47,"column":94}},"type":"if","locations":[{"start":{"line":47,"column":6},"end":{"line":47,"column":94}},{"start":{},"end":{}}]},"4":{"loc":{"start":{"line":54,"column":6},"end":{"line":54,"column":120}},"type":"if","locations":[{"start":{"line":54,"column":6},"end":{"line":54,"column":120}},{"start":{},"end":{}}]},"5":{"loc":{"start":{"line":61,"column":6},"end":{"line":61,"column":94}},"type":"if","locations":[{"start":{"line":61,"column":6},"end":{"line":61,"column":94}},{"start":{},"end":{}}]},"6":{"loc":{"start":{"line":74,"column":6},"end":{"line":74,"column":94}},"type":"if","locations":[{"start":{"line":74,"column":6},"end":{"line":74,"column":94}},{"start":{},"end":{}}]},"7":{"loc":{"start":{"line":76,"column":6},"end":{"line":78,"column":7}},"type":"if","locations":[{"start":{"line":76,"column":6},"end":{"line":78,"column":7}},{"start":{},"end":{}}]},"8":{"loc":{"start":{"line":76,"column":10},"end":{"line":76,"column":44}},"type":"binary-expr","locations":[{"start":{"line":76,"column":10},"end":{"line":76,"column":19}},{"start":{"line":76,"column":23},"end":{"line":76,"column":44}}]},"9":{"loc":{"start":{"line":86,"column":4},"end":{"line":86,"column":92}},"type":"if","locations":[{"start":{"line":86,"column":4},"end":{"line":86,"column":92}},{"start":{},"end":{}}]}},"s":{"0":1,"1":1,"2":1,"3":1,"4":1,"5":0,"6":0,"7":0,"8":0,"9":0,"10":0,"11":0,"12":0,"13":0,"14":0,"15":0,"16":0,"17":0,"18":0,"19":0,"20":0,"21":0,"22":0,"23":0,"24":0,"25":0,"26":0,"27":0,"28":0,"29":0,"30":0,"31":0,"32":0,"33":0,"34":0,"35":0,"36":0,"37":0,"38":0,"39":0,"40":0,"41":0,"42":0,"43":0,"44":0,"45":0,"46":0,"47":0,"48":0,"49":0,"50":0,"51":0,"52":0,"53":0,"54":0,"55":0,"56":1},"f":{"0":0,"1":0,"2":0,"3":0,"4":0,"5":0,"6":0,"7":0},"b":{"0":[0,0],"1":[0,0],"2":[0,0],"3":[0,0],"4":[0,0],"5":[0,0],"6":[0,0],"7":[0,0],"8":[0,0],"9":[0,0]}}
,"/home/baturs/4-sprint-mission/mission 9/src/dtos/article.dto.ts": {"path":"/home/baturs/4-sprint-mission/mission 9/src/dtos/article.dto.ts","statementMap":{"0":{"start":{"line":1,"column":0},"end":{"line":1,"column":24}},"1":{"start":{"line":4,"column":13},"end":{"line":10,"column":3}},"2":{"start":{"line":14,"column":13},"end":{"line":21,"column":3}},"3":{"start":{"line":25,"column":13},"end":{"line":37,"column":3}},"4":{"start":{"line":30,"column":21},"end":{"line":30,"column":28}},"5":{"start":{"line":35,"column":21},"end":{"line":35,"column":42}}},"fnMap":{"0":{"name":"(anonymous_0)","decl":{"start":{"line":30,"column":12},"end":{"line":30,"column":13}},"loc":{"start":{"line":30,"column":21},"end":{"line":30,"column":28}}},"1":{"name":"(anonymous_1)","decl":{"start":{"line":35,"column":12},"end":{"line":35,"column":13}},"loc":{"start":{"line":35,"column":21},"end":{"line":35,"column":42}}}},"branchMap":{"0":{"loc":{"start":{"line":35,"column":21},"end":{"line":35,"column":42}},"type":"binary-expr","locations":[{"start":{"line":35,"column":21},"end":{"line":35,"column":28}},{"start":{"line":35,"column":32},"end":{"line":35,"column":42}}]}},"s":{"0":1,"1":1,"2":1,"3":1,"4":0,"5":0},"f":{"0":0,"1":0},"b":{"0":[0,0]}}
,"/home/baturs/4-sprint-mission/mission 9/src/dtos/product.dto.ts": {"path":"/home/baturs/4-sprint-mission/mission 9/src/dtos/product.dto.ts","statementMap":{"0":{"start":{"line":1,"column":0},"end":{"line":1,"column":24}},"1":{"start":{"line":5,"column":13},"end":{"line":10,"column":3}},"2":{"start":{"line":14,"column":13},"end":{"line":19,"column":3}},"3":{"start":{"line":23,"column":13},"end":{"line":27,"column":3}},"4":{"start":{"line":24,"column":64},"end":{"line":24,"column":69}},"5":{"start":{"line":25,"column":68},"end":{"line":25,"column":85}}},"fnMap":{"0":{"name":"(anonymous_0)","decl":{"start":{"line":24,"column":57},"end":{"line":24,"column":58}},"loc":{"start":{"line":24,"column":64},"end":{"line":24,"column":69}}},"1":{"name":"(anonymous_1)","decl":{"start":{"line":25,"column":61},"end":{"line":25,"column":62}},"loc":{"start":{"line":25,"column":68},"end":{"line":25,"column":85}}}},"branchMap":{"0":{"loc":{"start":{"line":25,"column":68},"end":{"line":25,"column":85}},"type":"binary-expr","locations":[{"start":{"line":25,"column":68},"end":{"line":25,"column":73}},{"start":{"line":25,"column":77},"end":{"line":25,"column":85}}]}},"s":{"0":1,"1":1,"2":1,"3":1,"4":1,"5":1},"f":{"0":1,"1":1},"b":{"0":[1,1]}}
,"/home/baturs/4-sprint-mission/mission 9/src/dtos/user.dto.ts": {"path":"/home/baturs/4-sprint-mission/mission 9/src/dtos/user.dto.ts","statementMap":{"0":{"start":{"line":1,"column":0},"end":{"line":1,"column":24}},"1":{"start":{"line":4,"column":13},"end":{"line":8,"column":3}},"2":{"start":{"line":12,"column":13},"end":{"line":15,"column":3}},"3":{"start":{"line":19,"column":13},"end":{"line":22,"column":3}},"4":{"start":{"line":26,"column":13},"end":{"line":28,"column":3}}},"fnMap":{},"branchMap":{},"s":{"0":1,"1":1,"2":1,"3":1,"4":1},"f":{},"b":{}}
,"/home/baturs/4-sprint-mission/mission 9/src/lib/constants.ts": {"path":"/home/baturs/4-sprint-mission/mission 9/src/lib/constants.ts","statementMap":{"0":{"start":{"line":1,"column":0},"end":{"line":1,"column":28}},"1":{"start":{"line":3,"column":0},"end":{"line":3,"column":16}},"2":{"start":{"line":5,"column":17},"end":{"line":5,"column":54}},"3":{"start":{"line":15,"column":2},"end":{"line":15,"column":10}},"4":{"start":{"line":6,"column":13},"end":{"line":6,"column":37}},"5":{"start":{"line":16,"column":2},"end":{"line":16,"column":6}},"6":{"start":{"line":8,"column":2},"end":{"line":8,"column":71}},"7":{"start":{"line":17,"column":2},"end":{"line":17,"column":25}},"8":{"start":{"line":10,"column":2},"end":{"line":10,"column":73}},"9":{"start":{"line":18,"column":2},"end":{"line":18,"column":26}},"10":{"start":{"line":11,"column":33},"end":{"line":11,"column":47}},"11":{"start":{"line":19,"column":2},"end":{"line":19,"column":26}},"12":{"start":{"line":12,"column":34},"end":{"line":12,"column":49}},"13":{"start":{"line":20,"column":2},"end":{"line":20,"column":27}}},"fnMap":{},"branchMap":{"0":{"loc":{"start":{"line":5,"column":17},"end":{"line":5,"column":54}},"type":"binary-expr","locations":[{"start":{"line":5,"column":17},"end":{"line":5,"column":37}},{"start":{"line":5,"column":41},"end":{"line":5,"column":54}}]},"1":{"loc":{"start":{"line":6,"column":13},"end":{"line":6,"column":37}},"type":"binary-expr","locations":[{"start":{"line":6,"column":13},"end":{"line":6,"column":29}},{"start":{"line":6,"column":33},"end":{"line":6,"column":37}}]},"2":{"loc":{"start":{"line":8,"column":2},"end":{"line":8,"column":71}},"type":"binary-expr","locations":[{"start":{"line":8,"column":2},"end":{"line":8,"column":37}},{"start":{"line":8,"column":41},"end":{"line":8,"column":71}}]},"3":{"loc":{"start":{"line":10,"column":2},"end":{"line":10,"column":73}},"type":"binary-expr","locations":[{"start":{"line":10,"column":2},"end":{"line":10,"column":38}},{"start":{"line":10,"column":42},"end":{"line":10,"column":73}}]}},"s":{"0":1,"1":1,"2":1,"3":1,"4":1,"5":1,"6":1,"7":1,"8":1,"9":1,"10":1,"11":1,"12":1,"13":1},"f":{},"b":{"0":[1,0],"1":[1,0],"2":[1,0],"3":[1,0]}}
,"/home/baturs/4-sprint-mission/mission 9/src/lib/cookieUtil.ts": {"path":"/home/baturs/4-sprint-mission/mission 9/src/lib/cookieUtil.ts","statementMap":{"0":{"start":{"line":4,"column":0},"end":{"line":4,"column":16}},"1":{"start":{"line":19,"column":0},"end":{"line":19,"column":16}},"2":{"start":{"line":2,"column":0},"end":{"line":2,"column":92}},"3":{"start":{"line":5,"column":2},"end":{"line":9,"column":5}},"4":{"start":{"line":11,"column":2},"end":{"line":16,"column":5}},"5":{"start":{"line":20,"column":2},"end":{"line":20,"column":44}},"6":{"start":{"line":21,"column":2},"end":{"line":21,"column":45}}},"fnMap":{"0":{"name":"setTokenCookies","decl":{"start":{"line":4,"column":16},"end":{"line":4,"column":31}},"loc":{"start":{"line":4,"column":88},"end":{"line":17,"column":1}}},"1":{"name":"clearTokenCookies","decl":{"start":{"line":19,"column":16},"end":{"line":19,"column":33}},"loc":{"start":{"line":19,"column":47},"end":{"line":22,"column":1}}}},"branchMap":{},"s":{"0":1,"1":1,"2":1,"3":0,"4":0,"5":0,"6":0},"f":{"0":0,"1":0},"b":{}}
,"/home/baturs/4-sprint-mission/mission 9/src/lib/prisma.ts": {"path":"/home/baturs/4-sprint-mission/mission 9/src/lib/prisma.ts","statementMap":{"0":{"start":{"line":1,"column":0},"end":{"line":1,"column":46}},"1":{"start":{"line":3,"column":15},"end":{"line":3,"column":33}},"2":{"start":{"line":5,"column":0},"end":{"line":5,"column":22}}},"fnMap":{},"branchMap":{},"s":{"0":1,"1":1,"2":1},"f":{},"b":{}}
,"/home/baturs/4-sprint-mission/mission 9/src/lib/token.ts": {"path":"/home/baturs/4-sprint-mission/mission 9/src/lib/token.ts","statementMap":{"0":{"start":{"line":27,"column":9},"end":{"line":27,"column":23}},"1":{"start":{"line":27,"column":25},"end":{"line":27,"column":42}},"2":{"start":{"line":27,"column":44},"end":{"line":27,"column":62}},"3":{"start":{"line":1,"column":1},"end":{"line":1,"column":32}},"4":{"start":{"line":2,"column":0},"end":{"line":2,"column":null}},"5":{"start":{"line":8,"column":22},"end":{"line":10,"column":4}},"6":{"start":{"line":11,"column":23},"end":{"line":13,"column":4}},"7":{"start":{"line":14,"column":2},"end":{"line":14,"column":39}},"8":{"start":{"line":18,"column":18},"end":{"line":18,"column":60}},"9":{"start":{"line":19,"column":2},"end":{"line":19,"column":33}},"10":{"start":{"line":23,"column":18},"end":{"line":23,"column":61}},"11":{"start":{"line":24,"column":2},"end":{"line":24,"column":33}}},"fnMap":{"0":{"name":"generateTokens","decl":{"start":{"line":7,"column":9},"end":{"line":7,"column":23}},"loc":{"start":{"line":7,"column":38},"end":{"line":15,"column":1}}},"1":{"name":"verifyAccessToken","decl":{"start":{"line":17,"column":9},"end":{"line":17,"column":26}},"loc":{"start":{"line":17,"column":40},"end":{"line":20,"column":1}}},"2":{"name":"verifyRefreshToken","decl":{"start":{"line":22,"column":9},"end":{"line":22,"column":27}},"loc":{"start":{"line":22,"column":41},"end":{"line":25,"column":1}}}},"branchMap":{},"s":{"0":1,"1":1,"2":1,"3":1,"4":1,"5":0,"6":0,"7":0,"8":0,"9":0,"10":0,"11":0},"f":{"0":0,"1":0,"2":0},"b":{}}
,"/home/baturs/4-sprint-mission/mission 9/src/lib/passport/index.ts": {"path":"/home/baturs/4-sprint-mission/mission 9/src/lib/passport/index.ts","statementMap":{"0":{"start":{"line":1,"column":0},"end":{"line":1,"column":32}},"1":{"start":{"line":2,"column":0},"end":{"line":2,"column":48}},"2":{"start":{"line":3,"column":0},"end":{"line":3,"column":74}},"3":{"start":{"line":5,"column":0},"end":{"line":5,"column":37}},"4":{"start":{"line":6,"column":0},"end":{"line":6,"column":50}},"5":{"start":{"line":7,"column":0},"end":{"line":7,"column":52}},"6":{"start":{"line":9,"column":0},"end":{"line":9,"column":24}}},"fnMap":{},"branchMap":{},"s":{"0":1,"1":1,"2":1,"3":1,"4":1,"5":1,"6":1},"f":{},"b":{}}
,"/home/baturs/4-sprint-mission/mission 9/src/lib/passport/jwtStrategy.ts": {"path":"/home/baturs/4-sprint-mission/mission 9/src/lib/passport/jwtStrategy.ts","statementMap":{"0":{"start":{"line":1,"column":0},"end":{"line":1,"column":55}},"1":{"start":{"line":2,"column":0},"end":{"line":2,"column":31}},"2":{"start":{"line":5,"column":0},"end":{"line":5,"column":null}},"3":{"start":{"line":16,"column":27},"end":{"line":19,"column":2}},"4":{"start":{"line":17,"column":36},"end":{"line":17,"column":73}},"5":{"start":{"line":21,"column":28},"end":{"line":24,"column":2}},"6":{"start":{"line":22,"column":36},"end":{"line":22,"column":74}},"7":{"start":{"line":27,"column":2},"end":{"line":34,"column":3}},"8":{"start":{"line":28,"column":17},"end":{"line":30,"column":6}},"9":{"start":{"line":31,"column":4},"end":{"line":31,"column":21}},"10":{"start":{"line":33,"column":4},"end":{"line":33,"column":23}},"11":{"start":{"line":37,"column":13},"end":{"line":40,"column":2}},"12":{"start":{"line":42,"column":13},"end":{"line":45,"column":2}}},"fnMap":{"0":{"name":"(anonymous_1)","decl":{"start":{"line":17,"column":18},"end":{"line":17,"column":19}},"loc":{"start":{"line":17,"column":36},"end":{"line":17,"column":73}}},"1":{"name":"(anonymous_2)","decl":{"start":{"line":22,"column":18},"end":{"line":22,"column":19}},"loc":{"start":{"line":22,"column":36},"end":{"line":22,"column":74}}},"2":{"name":"jwtVerify","decl":{"start":{"line":26,"column":15},"end":{"line":26,"column":24}},"loc":{"start":{"line":26,"column":68},"end":{"line":35,"column":1}}}},"branchMap":{},"s":{"0":1,"1":1,"2":1,"3":1,"4":1,"5":1,"6":0,"7":0,"8":0,"9":0,"10":0,"11":1,"12":1},"f":{"0":1,"1":0,"2":0},"b":{}}
,"/home/baturs/4-sprint-mission/mission 9/src/lib/passport/localStrategy.ts": {"path":"/home/baturs/4-sprint-mission/mission 9/src/lib/passport/localStrategy.ts","statementMap":{"0":{"start":{"line":1,"column":0},"end":{"line":1,"column":59}},"1":{"start":{"line":2,"column":0},"end":{"line":2,"column":28}},"2":{"start":{"line":3,"column":0},"end":{"line":3,"column":31}},"3":{"start":{"line":5,"column":13},"end":{"line":27,"column":2}},"4":{"start":{"line":11,"column":4},"end":{"line":25,"column":5}},"5":{"start":{"line":12,"column":19},"end":{"line":12,"column":69}},"6":{"start":{"line":13,"column":6},"end":{"line":15,"column":7}},"7":{"start":{"line":14,"column":8},"end":{"line":14,"column":63}},"8":{"start":{"line":17,"column":30},"end":{"line":17,"column":75}},"9":{"start":{"line":18,"column":6},"end":{"line":20,"column":7}},"10":{"start":{"line":19,"column":8},"end":{"line":19,"column":66}},"11":{"start":{"line":22,"column":6},"end":{"line":22,"column":30}},"12":{"start":{"line":24,"column":6},"end":{"line":24,"column":23}}},"fnMap":{"0":{"name":"(anonymous_1)","decl":{"start":{"line":10,"column":2},"end":{"line":10,"column":7}},"loc":{"start":{"line":10,"column":34},"end":{"line":26,"column":3}}}},"branchMap":{"0":{"loc":{"start":{"line":13,"column":6},"end":{"line":15,"column":7}},"type":"if","locations":[{"start":{"line":13,"column":6},"end":{"line":15,"column":7}},{"start":{},"end":{}}]},"1":{"loc":{"start":{"line":18,"column":6},"end":{"line":20,"column":7}},"type":"if","locations":[{"start":{"line":18,"column":6},"end":{"line":20,"column":7}},{"start":{},"end":{}}]}},"s":{"0":1,"1":1,"2":1,"3":1,"4":0,"5":0,"6":0,"7":0,"8":0,"9":0,"10":0,"11":0,"12":0},"f":{"0":0},"b":{"0":[0,0],"1":[0,0]}}
,"/home/baturs/4-sprint-mission/mission 9/src/middlewares/errorHandler.ts": {"path":"/home/baturs/4-sprint-mission/mission 9/src/middlewares/errorHandler.ts","statementMap":{"0":{"start":{"line":9,"column":0},"end":{"line":9,"column":16}},"1":{"start":{"line":1,"column":0},"end":{"line":1,"column":24}},"2":{"start":{"line":2,"column":0},"end":{"line":2,"column":37}},"3":{"start":{"line":10,"column":2},"end":{"line":12,"column":3}},"4":{"start":{"line":11,"column":4},"end":{"line":11,"column":74}},"5":{"start":{"line":14,"column":2},"end":{"line":16,"column":3}},"6":{"start":{"line":15,"column":4},"end":{"line":15,"column":80}},"7":{"start":{"line":18,"column":2},"end":{"line":18,"column":41}},"8":{"start":{"line":19,"column":2},"end":{"line":21,"column":46}}},"fnMap":{"0":{"name":"errorHandler","decl":{"start":{"line":9,"column":16},"end":{"line":9,"column":28}},"loc":{"start":{"line":9,"column":96},"end":{"line":22,"column":1}}}},"branchMap":{"0":{"loc":{"start":{"line":10,"column":2},"end":{"line":12,"column":3}},"type":"if","locations":[{"start":{"line":10,"column":2},"end":{"line":12,"column":3}},{"start":{},"end":{}}]},"1":{"loc":{"start":{"line":14,"column":2},"end":{"line":16,"column":3}},"type":"if","locations":[{"start":{"line":14,"column":2},"end":{"line":16,"column":3}},{"start":{},"end":{}}]}},"s":{"0":1,"1":1,"2":1,"3":0,"4":0,"5":0,"6":0,"7":0,"8":0},"f":{"0":0},"b":{"0":[0,0],"1":[0,0]}}
,"/home/baturs/4-sprint-mission/mission 9/src/repositories/alertRepository.ts": {"path":"/home/baturs/4-sprint-mission/mission 9/src/repositories/alertRepository.ts","statementMap":{"0":{"start":{"line":1,"column":0},"end":{"line":1,"column":35}},"1":{"start":{"line":5,"column":4},"end":{"line":5,"column":41}},"2":{"start":{"line":9,"column":4},"end":{"line":12,"column":7}},"3":{"start":{"line":16,"column":4},"end":{"line":19,"column":7}},"4":{"start":{"line":23,"column":4},"end":{"line":25,"column":7}},"5":{"start":{"line":29,"column":4},"end":{"line":31,"column":7}},"6":{"start":{"line":3,"column":0},"end":{"line":3,"column":13}}},"fnMap":{"0":{"name":"(anonymous_1)","decl":{"start":{"line":4,"column":2},"end":{"line":4,"column":7}},"loc":{"start":{"line":4,"column":76},"end":{"line":6,"column":3}}},"1":{"name":"(anonymous_2)","decl":{"start":{"line":8,"column":2},"end":{"line":8,"column":7}},"loc":{"start":{"line":8,"column":35},"end":{"line":13,"column":3}}},"2":{"name":"(anonymous_3)","decl":{"start":{"line":15,"column":2},"end":{"line":15,"column":7}},"loc":{"start":{"line":15,"column":29},"end":{"line":20,"column":3}}},"3":{"name":"(anonymous_4)","decl":{"start":{"line":22,"column":2},"end":{"line":22,"column":7}},"loc":{"start":{"line":22,"column":34},"end":{"line":26,"column":3}}},"4":{"name":"(anonymous_5)","decl":{"start":{"line":28,"column":2},"end":{"line":28,"column":7}},"loc":{"start":{"line":28,"column":27},"end":{"line":32,"column":3}}}},"branchMap":{},"s":{"0":1,"1":0,"2":0,"3":0,"4":0,"5":0,"6":1},"f":{"0":0,"1":0,"2":0,"3":0,"4":0},"b":{}}
,"/home/baturs/4-sprint-mission/mission 9/src/repositories/articleRepository.ts": {"path":"/home/baturs/4-sprint-mission/mission 9/src/repositories/articleRepository.ts","statementMap":{"0":{"start":{"line":1,"column":0},"end":{"line":1,"column":35}},"1":{"start":{"line":6,"column":4},"end":{"line":6,"column":43}},"2":{"start":{"line":10,"column":4},"end":{"line":16,"column":7}},"3":{"start":{"line":20,"column":4},"end":{"line":23,"column":7}},"4":{"start":{"line":27,"column":61},"end":{"line":27,"column":63}},"5":{"start":{"line":28,"column":4},"end":{"line":28,"column":64}},"6":{"start":{"line":28,"column":34},"end":{"line":28,"column":64}},"7":{"start":{"line":29,"column":4},"end":{"line":29,"column":70}},"8":{"start":{"line":29,"column":36},"end":{"line":29,"column":70}},"9":{"start":{"line":31,"column":4},"end":{"line":31,"column":70}},"10":{"start":{"line":35,"column":4},"end":{"line":35,"column":51}},"11":{"start":{"line":4,"column":0},"end":{"line":4,"column":13}},"12":{"start":{"line":39,"column":0},"end":{"line":39,"column":39}}},"fnMap":{"0":{"name":"(anonymous_1)","decl":{"start":{"line":5,"column":2},"end":{"line":5,"column":7}},"loc":{"start":{"line":5,"column":78},"end":{"line":7,"column":3}}},"1":{"name":"(anonymous_2)","decl":{"start":{"line":9,"column":2},"end":{"line":9,"column":7}},"loc":{"start":{"line":9,"column":76},"end":{"line":17,"column":3}}},"2":{"name":"(anonymous_3)","decl":{"start":{"line":19,"column":2},"end":{"line":19,"column":7}},"loc":{"start":{"line":19,"column":27},"end":{"line":24,"column":3}}},"3":{"name":"(anonymous_4)","decl":{"start":{"line":26,"column":2},"end":{"line":26,"column":7}},"loc":{"start":{"line":26,"column":77},"end":{"line":32,"column":3}}},"4":{"name":"(anonymous_5)","decl":{"start":{"line":34,"column":2},"end":{"line":34,"column":7}},"loc":{"start":{"line":34,"column":32},"end":{"line":36,"column":3}}}},"branchMap":{"0":{"loc":{"start":{"line":28,"column":4},"end":{"line":28,"column":64}},"type":"if","locations":[{"start":{"line":28,"column":4},"end":{"line":28,"column":64}},{"start":{},"end":{}}]},"1":{"loc":{"start":{"line":29,"column":4},"end":{"line":29,"column":70}},"type":"if","locations":[{"start":{"line":29,"column":4},"end":{"line":29,"column":70}},{"start":{},"end":{}}]}},"s":{"0":1,"1":0,"2":0,"3":0,"4":0,"5":0,"6":0,"7":0,"8":0,"9":0,"10":0,"11":1,"12":1},"f":{"0":0,"1":0,"2":0,"3":0,"4":0},"b":{"0":[0,0],"1":[0,0]}}
,"/home/baturs/4-sprint-mission/mission 9/src/repositories/commentRepository.ts": {"path":"/home/baturs/4-sprint-mission/mission 9/src/repositories/commentRepository.ts","statementMap":{"0":{"start":{"line":1,"column":0},"end":{"line":1,"column":35}},"1":{"start":{"line":5,"column":4},"end":{"line":7,"column":7}},"2":{"start":{"line":11,"column":4},"end":{"line":13,"column":7}},"3":{"start":{"line":17,"column":4},"end":{"line":17,"column":67}},"4":{"start":{"line":21,"column":4},"end":{"line":24,"column":7}},"5":{"start":{"line":28,"column":4},"end":{"line":28,"column":63}},"6":{"start":{"line":32,"column":4},"end":{"line":38,"column":7}},"7":{"start":{"line":42,"column":4},"end":{"line":48,"column":7}},"8":{"start":{"line":3,"column":0},"end":{"line":3,"column":13}},"9":{"start":{"line":52,"column":0},"end":{"line":52,"column":39}}},"fnMap":{"0":{"name":"(anonymous_1)","decl":{"start":{"line":4,"column":2},"end":{"line":4,"column":7}},"loc":{"start":{"line":4,"column":79},"end":{"line":8,"column":3}}},"1":{"name":"(anonymous_2)","decl":{"start":{"line":10,"column":2},"end":{"line":10,"column":7}},"loc":{"start":{"line":10,"column":79},"end":{"line":14,"column":3}}},"2":{"name":"(anonymous_3)","decl":{"start":{"line":16,"column":2},"end":{"line":16,"column":7}},"loc":{"start":{"line":16,"column":34},"end":{"line":18,"column":3}}},"3":{"name":"(anonymous_4)","decl":{"start":{"line":20,"column":2},"end":{"line":20,"column":7}},"loc":{"start":{"line":20,"column":56},"end":{"line":25,"column":3}}},"4":{"name":"(anonymous_5)","decl":{"start":{"line":27,"column":2},"end":{"line":27,"column":7}},"loc":{"start":{"line":27,"column":39},"end":{"line":29,"column":3}}},"5":{"name":"(anonymous_6)","decl":{"start":{"line":31,"column":2},"end":{"line":31,"column":7}},"loc":{"start":{"line":31,"column":62},"end":{"line":39,"column":3}}},"6":{"name":"(anonymous_7)","decl":{"start":{"line":41,"column":2},"end":{"line":41,"column":7}},"loc":{"start":{"line":41,"column":62},"end":{"line":49,"column":3}}}},"branchMap":{"0":{"loc":{"start":{"line":35,"column":12},"end":{"line":35,"column":26}},"type":"cond-expr","locations":[{"start":{"line":35,"column":21},"end":{"line":35,"column":22}},{"start":{"line":35,"column":25},"end":{"line":35,"column":26}}]},"1":{"loc":{"start":{"line":36,"column":10},"end":{"line":36,"column":46}},"type":"binary-expr","locations":[{"start":{"line":36,"column":10},"end":{"line":36,"column":16}},{"start":{"line":36,"column":20},"end":{"line":36,"column":46}}]},"2":{"loc":{"start":{"line":45,"column":12},"end":{"line":45,"column":26}},"type":"cond-expr","locations":[{"start":{"line":45,"column":21},"end":{"line":45,"column":22}},{"start":{"line":45,"column":25},"end":{"line":45,"column":26}}]},"3":{"loc":{"start":{"line":46,"column":10},"end":{"line":46,"column":46}},"type":"binary-expr","locations":[{"start":{"line":46,"column":10},"end":{"line":46,"column":16}},{"start":{"line":46,"column":20},"end":{"line":46,"column":46}}]}},"s":{"0":1,"1":0,"2":0,"3":0,"4":0,"5":0,"6":0,"7":0,"8":1,"9":1},"f":{"0":0,"1":0,"2":0,"3":0,"4":0,"5":0,"6":0},"b":{"0":[0,0],"1":[0,0],"2":[0,0],"3":[0,0]}}
,"/home/baturs/4-sprint-mission/mission 9/src/repositories/likeRepository.ts": {"path":"/home/baturs/4-sprint-mission/mission 9/src/repositories/likeRepository.ts","statementMap":{"0":{"start":{"line":1,"column":0},"end":{"line":1,"column":35}},"1":{"start":{"line":5,"column":4},"end":{"line":5,"column":67}},"2":{"start":{"line":9,"column":4},"end":{"line":9,"column":67}},"3":{"start":{"line":13,"column":4},"end":{"line":15,"column":7}},"4":{"start":{"line":19,"column":4},"end":{"line":21,"column":7}},"5":{"start":{"line":25,"column":4},"end":{"line":28,"column":7}},"6":{"start":{"line":32,"column":4},"end":{"line":35,"column":7}},"7":{"start":{"line":39,"column":4},"end":{"line":41,"column":7}},"8":{"start":{"line":45,"column":4},"end":{"line":47,"column":7}},"9":{"start":{"line":51,"column":4},"end":{"line":56,"column":7}},"10":{"start":{"line":60,"column":4},"end":{"line":65,"column":7}},"11":{"start":{"line":69,"column":18},"end":{"line":82,"column":6}},"12":{"start":{"line":83,"column":4},"end":{"line":83,"column":42}},"13":{"start":{"line":83,"column":31},"end":{"line":83,"column":40}},"14":{"start":{"line":3,"column":0},"end":{"line":3,"column":13}}},"fnMap":{"0":{"name":"(anonymous_1)","decl":{"start":{"line":4,"column":2},"end":{"line":4,"column":7}},"loc":{"start":{"line":4,"column":37},"end":{"line":6,"column":3}}},"1":{"name":"(anonymous_2)","decl":{"start":{"line":8,"column":2},"end":{"line":8,"column":7}},"loc":{"start":{"line":8,"column":37},"end":{"line":10,"column":3}}},"2":{"name":"(anonymous_3)","decl":{"start":{"line":12,"column":2},"end":{"line":12,"column":7}},"loc":{"start":{"line":12,"column":57},"end":{"line":16,"column":3}}},"3":{"name":"(anonymous_4)","decl":{"start":{"line":18,"column":2},"end":{"line":18,"column":7}},"loc":{"start":{"line":18,"column":57},"end":{"line":22,"column":3}}},"4":{"name":"(anonymous_5)","decl":{"start":{"line":24,"column":2},"end":{"line":24,"column":7}},"loc":{"start":{"line":24,"column":77},"end":{"line":29,"column":3}}},"5":{"name":"(anonymous_6)","decl":{"start":{"line":31,"column":2},"end":{"line":31,"column":7}},"loc":{"start":{"line":31,"column":77},"end":{"line":36,"column":3}}},"6":{"name":"(anonymous_7)","decl":{"start":{"line":38,"column":2},"end":{"line":38,"column":7}},"loc":{"start":{"line":38,"column":59},"end":{"line":42,"column":3}}},"7":{"name":"(anonymous_8)","decl":{"start":{"line":44,"column":2},"end":{"line":44,"column":7}},"loc":{"start":{"line":44,"column":59},"end":{"line":48,"column":3}}},"8":{"name":"(anonymous_9)","decl":{"start":{"line":50,"column":2},"end":{"line":50,"column":7}},"loc":{"start":{"line":50,"column":40},"end":{"line":57,"column":3}}},"9":{"name":"(anonymous_10)","decl":{"start":{"line":59,"column":2},"end":{"line":59,"column":7}},"loc":{"start":{"line":59,"column":40},"end":{"line":66,"column":3}}},"10":{"name":"(anonymous_11)","decl":{"start":{"line":68,"column":2},"end":{"line":68,"column":7}},"loc":{"start":{"line":68,"column":50},"end":{"line":84,"column":3}}},"11":{"name":"(anonymous_12)","decl":{"start":{"line":83,"column":21},"end":{"line":83,"column":22}},"loc":{"start":{"line":83,"column":31},"end":{"line":83,"column":40}}}},"branchMap":{},"s":{"0":1,"1":0,"2":0,"3":0,"4":0,"5":0,"6":0,"7":0,"8":0,"9":0,"10":0,"11":0,"12":0,"13":0,"14":1},"f":{"0":0,"1":0,"2":0,"3":0,"4":0,"5":0,"6":0,"7":0,"8":0,"9":0,"10":0,"11":0},"b":{}}
,"/home/baturs/4-sprint-mission/mission 9/src/repositories/productRepository.ts": {"path":"/home/baturs/4-sprint-mission/mission 9/src/repositories/productRepository.ts","statementMap":{"0":{"start":{"line":1,"column":0},"end":{"line":1,"column":35}},"1":{"start":{"line":7,"column":4},"end":{"line":7,"column":43}},"2":{"start":{"line":11,"column":4},"end":{"line":24,"column":7}},"3":{"start":{"line":28,"column":4},"end":{"line":39,"column":7}},"4":{"start":{"line":43,"column":4},"end":{"line":43,"column":58}},"5":{"start":{"line":47,"column":4},"end":{"line":47,"column":52}},"6":{"start":{"line":5,"column":0},"end":{"line":5,"column":13}}},"fnMap":{"0":{"name":"(anonymous_1)","decl":{"start":{"line":6,"column":2},"end":{"line":6,"column":7}},"loc":{"start":{"line":6,"column":110},"end":{"line":8,"column":3}}},"1":{"name":"(anonymous_2)","decl":{"start":{"line":10,"column":2},"end":{"line":10,"column":7}},"loc":{"start":{"line":10,"column":76},"end":{"line":25,"column":3}}},"2":{"name":"(anonymous_3)","decl":{"start":{"line":27,"column":2},"end":{"line":27,"column":7}},"loc":{"start":{"line":27,"column":27},"end":{"line":40,"column":3}}},"3":{"name":"(anonymous_4)","decl":{"start":{"line":42,"column":2},"end":{"line":42,"column":7}},"loc":{"start":{"line":42,"column":115},"end":{"line":44,"column":3}}},"4":{"name":"(anonymous_5)","decl":{"start":{"line":46,"column":2},"end":{"line":46,"column":7}},"loc":{"start":{"line":46,"column":32},"end":{"line":48,"column":3}}}},"branchMap":{},"s":{"0":1,"1":0,"2":1,"3":0,"4":0,"5":0,"6":1},"f":{"0":0,"1":1,"2":0,"3":0,"4":0},"b":{}}
,"/home/baturs/4-sprint-mission/mission 9/src/repositories/userRepository.ts": {"path":"/home/baturs/4-sprint-mission/mission 9/src/repositories/userRepository.ts","statementMap":{"0":{"start":{"line":1,"column":0},"end":{"line":1,"column":35}},"1":{"start":{"line":5,"column":4},"end":{"line":5,"column":56}},"2":{"start":{"line":9,"column":4},"end":{"line":12,"column":7}},"3":{"start":{"line":16,"column":4},"end":{"line":16,"column":71}},"4":{"start":{"line":20,"column":4},"end":{"line":20,"column":55}},"5":{"start":{"line":24,"column":4},"end":{"line":27,"column":7}},"6":{"start":{"line":3,"column":0},"end":{"line":3,"column":13}}},"fnMap":{"0":{"name":"(anonymous_1)","decl":{"start":{"line":4,"column":2},"end":{"line":4,"column":7}},"loc":{"start":{"line":4,"column":33},"end":{"line":6,"column":3}}},"1":{"name":"(anonymous_2)","decl":{"start":{"line":8,"column":2},"end":{"line":8,"column":7}},"loc":{"start":{"line":8,"column":27},"end":{"line":13,"column":3}}},"2":{"name":"(anonymous_3)","decl":{"start":{"line":15,"column":2},"end":{"line":15,"column":7}},"loc":{"start":{"line":15,"column":68},"end":{"line":17,"column":3}}},"3":{"name":"(anonymous_4)","decl":{"start":{"line":19,"column":2},"end":{"line":19,"column":7}},"loc":{"start":{"line":19,"column":99},"end":{"line":21,"column":3}}},"4":{"name":"(anonymous_5)","decl":{"start":{"line":23,"column":2},"end":{"line":23,"column":7}},"loc":{"start":{"line":23,"column":43},"end":{"line":28,"column":3}}}},"branchMap":{},"s":{"0":1,"1":0,"2":0,"3":0,"4":0,"5":0,"6":1},"f":{"0":0,"1":0,"2":0,"3":0,"4":0},"b":{}}
,"/home/baturs/4-sprint-mission/mission 9/src/routers/alertRouter.ts": {"path":"/home/baturs/4-sprint-mission/mission 9/src/routers/alertRouter.ts","statementMap":{"0":{"start":{"line":1,"column":0},"end":{"line":1,"column":30}},"1":{"start":{"line":2,"column":0},"end":{"line":2,"column":39}},"2":{"start":{"line":3,"column":0},"end":{"line":3,"column":65}},"3":{"start":{"line":5,"column":15},"end":{"line":5,"column":31}},"4":{"start":{"line":6,"column":19},"end":{"line":6,"column":40}},"5":{"start":{"line":8,"column":0},"end":{"line":8,"column":92}},"6":{"start":{"line":10,"column":0},"end":{"line":10,"column":108}},"7":{"start":{"line":12,"column":0},"end":{"line":12,"column":22}}},"fnMap":{},"branchMap":{},"s":{"0":1,"1":1,"2":1,"3":1,"4":1,"5":1,"6":1,"7":1},"f":{},"b":{}}
,"/home/baturs/4-sprint-mission/mission 9/src/routers/articleRouter.ts": {"path":"/home/baturs/4-sprint-mission/mission 9/src/routers/articleRouter.ts","statementMap":{"0":{"start":{"line":1,"column":0},"end":{"line":1,"column":30}},"1":{"start":{"line":2,"column":0},"end":{"line":2,"column":39}},"2":{"start":{"line":3,"column":0},"end":{"line":3,"column":69}},"3":{"start":{"line":5,"column":15},"end":{"line":5,"column":31}},"4":{"start":{"line":6,"column":19},"end":{"line":6,"column":42}},"5":{"start":{"line":8,"column":0},"end":{"line":8,"column":95}},"6":{"start":{"line":9,"column":0},"end":{"line":9,"column":99}},"7":{"start":{"line":10,"column":0},"end":{"line":10,"column":100}},"8":{"start":{"line":12,"column":0},"end":{"line":12,"column":33}},"9":{"start":{"line":13,"column":0},"end":{"line":13,"column":38}},"10":{"start":{"line":15,"column":0},"end":{"line":15,"column":22}}},"fnMap":{},"branchMap":{},"s":{"0":1,"1":1,"2":1,"3":1,"4":1,"5":1,"6":1,"7":1,"8":1,"9":1,"10":1},"f":{},"b":{}}
,"/home/baturs/4-sprint-mission/mission 9/src/routers/commentRouter.ts": {"path":"/home/baturs/4-sprint-mission/mission 9/src/routers/commentRouter.ts","statementMap":{"0":{"start":{"line":1,"column":0},"end":{"line":1,"column":30}},"1":{"start":{"line":2,"column":0},"end":{"line":2,"column":39}},"2":{"start":{"line":3,"column":0},"end":{"line":3,"column":69}},"3":{"start":{"line":5,"column":15},"end":{"line":5,"column":31}},"4":{"start":{"line":6,"column":19},"end":{"line":6,"column":42}},"5":{"start":{"line":9,"column":0},"end":{"line":9,"column":121}},"6":{"start":{"line":10,"column":0},"end":{"line":10,"column":121}},"7":{"start":{"line":11,"column":0},"end":{"line":11,"column":106}},"8":{"start":{"line":12,"column":0},"end":{"line":12,"column":107}},"9":{"start":{"line":15,"column":0},"end":{"line":15,"column":59}},"10":{"start":{"line":16,"column":0},"end":{"line":16,"column":59}},"11":{"start":{"line":18,"column":0},"end":{"line":18,"column":22}}},"fnMap":{},"branchMap":{},"s":{"0":1,"1":1,"2":1,"3":1,"4":1,"5":1,"6":1,"7":1,"8":1,"9":1,"10":1,"11":1},"f":{},"b":{}}
,"/home/baturs/4-sprint-mission/mission 9/src/routers/index.ts": {"path":"/home/baturs/4-sprint-mission/mission 9/src/routers/index.ts","statementMap":{"0":{"start":{"line":1,"column":0},"end":{"line":1,"column":30}},"1":{"start":{"line":3,"column":0},"end":{"line":3,"column":38}},"2":{"start":{"line":4,"column":0},"end":{"line":4,"column":44}},"3":{"start":{"line":5,"column":0},"end":{"line":5,"column":44}},"4":{"start":{"line":6,"column":0},"end":{"line":6,"column":44}},"5":{"start":{"line":7,"column":0},"end":{"line":7,"column":38}},"6":{"start":{"line":8,"column":0},"end":{"line":8,"column":40}},"7":{"start":{"line":9,"column":0},"end":{"line":9,"column":40}},"8":{"start":{"line":11,"column":15},"end":{"line":11,"column":31}},"9":{"start":{"line":13,"column":0},"end":{"line":13,"column":33}},"10":{"start":{"line":14,"column":0},"end":{"line":14,"column":39}},"11":{"start":{"line":15,"column":0},"end":{"line":15,"column":39}},"12":{"start":{"line":16,"column":0},"end":{"line":16,"column":39}},"13":{"start":{"line":17,"column":0},"end":{"line":17,"column":33}},"14":{"start":{"line":18,"column":0},"end":{"line":18,"column":24}},"15":{"start":{"line":19,"column":0},"end":{"line":19,"column":35}},"16":{"start":{"line":21,"column":0},"end":{"line":21,"column":22}}},"fnMap":{},"branchMap":{},"s":{"0":1,"1":1,"2":1,"3":1,"4":1,"5":1,"6":1,"7":1,"8":1,"9":1,"10":1,"11":1,"12":1,"13":1,"14":1,"15":1,"16":1},"f":{},"b":{}}
,"/home/baturs/4-sprint-mission/mission 9/src/routers/likeRouter.ts": {"path":"/home/baturs/4-sprint-mission/mission 9/src/routers/likeRouter.ts","statementMap":{"0":{"start":{"line":1,"column":0},"end":{"line":1,"column":30}},"1":{"start":{"line":2,"column":0},"end":{"line":2,"column":39}},"2":{"start":{"line":3,"column":0},"end":{"line":3,"column":63}},"3":{"start":{"line":5,"column":15},"end":{"line":5,"column":31}},"4":{"start":{"line":6,"column":19},"end":{"line":6,"column":39}},"5":{"start":{"line":8,"column":0},"end":{"line":8,"column":112}},"6":{"start":{"line":9,"column":0},"end":{"line":9,"column":112}},"7":{"start":{"line":10,"column":0},"end":{"line":10,"column":112}},"8":{"start":{"line":11,"column":0},"end":{"line":11,"column":112}},"9":{"start":{"line":13,"column":0},"end":{"line":13,"column":22}}},"fnMap":{},"branchMap":{},"s":{"0":1,"1":1,"2":1,"3":1,"4":1,"5":1,"6":1,"7":1,"8":1,"9":1},"f":{},"b":{}}
,"/home/baturs/4-sprint-mission/mission 9/src/routers/photoRouter.ts": {"path":"/home/baturs/4-sprint-mission/mission 9/src/routers/photoRouter.ts","statementMap":{"0":{"start":{"line":1,"column":0},"end":{"line":1,"column":30}},"1":{"start":{"line":2,"column":0},"end":{"line":2,"column":28}},"2":{"start":{"line":3,"column":0},"end":{"line":3,"column":39}},"3":{"start":{"line":4,"column":0},"end":{"line":4,"column":65}},"4":{"start":{"line":6,"column":15},"end":{"line":6,"column":31}},"5":{"start":{"line":7,"column":15},"end":{"line":7,"column":43}},"6":{"start":{"line":8,"column":19},"end":{"line":8,"column":40}},"7":{"start":{"line":10,"column":0},"end":{"line":15,"column":2}},"8":{"start":{"line":17,"column":0},"end":{"line":17,"column":22}}},"fnMap":{},"branchMap":{},"s":{"0":1,"1":1,"2":1,"3":1,"4":1,"5":1,"6":1,"7":1,"8":1},"f":{},"b":{}}
,"/home/baturs/4-sprint-mission/mission 9/src/routers/productRouter.ts": {"path":"/home/baturs/4-sprint-mission/mission 9/src/routers/productRouter.ts","statementMap":{"0":{"start":{"line":1,"column":0},"end":{"line":1,"column":30}},"1":{"start":{"line":2,"column":0},"end":{"line":2,"column":39}},"2":{"start":{"line":3,"column":0},"end":{"line":3,"column":69}},"3":{"start":{"line":5,"column":15},"end":{"line":5,"column":31}},"4":{"start":{"line":6,"column":19},"end":{"line":6,"column":42}},"5":{"start":{"line":9,"column":0},"end":{"line":9,"column":95}},"6":{"start":{"line":10,"column":0},"end":{"line":10,"column":99}},"7":{"start":{"line":11,"column":0},"end":{"line":11,"column":100}},"8":{"start":{"line":14,"column":0},"end":{"line":14,"column":33}},"9":{"start":{"line":15,"column":0},"end":{"line":15,"column":38}},"10":{"start":{"line":17,"column":0},"end":{"line":17,"column":22}}},"fnMap":{},"branchMap":{},"s":{"0":1,"1":1,"2":1,"3":1,"4":1,"5":1,"6":1,"7":1,"8":1,"9":1,"10":1},"f":{},"b":{}}
,"/home/baturs/4-sprint-mission/mission 9/src/routers/userRouter.ts": {"path":"/home/baturs/4-sprint-mission/mission 9/src/routers/userRouter.ts","statementMap":{"0":{"start":{"line":1,"column":0},"end":{"line":1,"column":30}},"1":{"start":{"line":2,"column":0},"end":{"line":2,"column":39}},"2":{"start":{"line":3,"column":0},"end":{"line":3,"column":63}},"3":{"start":{"line":5,"column":15},"end":{"line":5,"column":31}},"4":{"start":{"line":6,"column":19},"end":{"line":6,"column":39}},"5":{"start":{"line":8,"column":0},"end":{"line":8,"column":46}},"6":{"start":{"line":9,"column":0},"end":{"line":9,"column":92}},"7":{"start":{"line":10,"column":0},"end":{"line":10,"column":102}},"8":{"start":{"line":11,"column":0},"end":{"line":11,"column":124}},"9":{"start":{"line":12,"column":0},"end":{"line":12,"column":118}},"10":{"start":{"line":13,"column":0},"end":{"line":13,"column":104}},"11":{"start":{"line":14,"column":0},"end":{"line":14,"column":110}},"12":{"start":{"line":15,"column":0},"end":{"line":15,"column":42}},"13":{"start":{"line":17,"column":0},"end":{"line":17,"column":22}}},"fnMap":{},"branchMap":{},"s":{"0":1,"1":1,"2":1,"3":1,"4":1,"5":1,"6":1,"7":1,"8":1,"9":1,"10":1,"11":1,"12":1,"13":1},"f":{},"b":{}}
,"/home/baturs/4-sprint-mission/mission 9/src/services/alertService.ts": {"path":"/home/baturs/4-sprint-mission/mission 9/src/services/alertService.ts","statementMap":{"0":{"start":{"line":1,"column":0},"end":{"line":1,"column":66}},"1":{"start":{"line":2,"column":0},"end":{"line":2,"column":37}},"2":{"start":{"line":5,"column":10},"end":{"line":5,"column":39}},"3":{"start":{"line":8,"column":18},"end":{"line":8,"column":72}},"4":{"start":{"line":10,"column":15},"end":{"line":10,"column":22}},"5":{"start":{"line":11,"column":4},"end":{"line":11,"column":52}},"6":{"start":{"line":13,"column":4},"end":{"line":13,"column":17}},"7":{"start":{"line":17,"column":4},"end":{"line":17,"column":42}},"8":{"start":{"line":21,"column":18},"end":{"line":21,"column":51}},"9":{"start":{"line":23,"column":4},"end":{"line":23,"column":29}},"10":{"start":{"line":23,"column":16},"end":{"line":23,"column":29}},"11":{"start":{"line":25,"column":4},"end":{"line":27,"column":5}},"12":{"start":{"line":26,"column":6},"end":{"line":26,"column":19}},"13":{"start":{"line":29,"column":4},"end":{"line":29,"column":40}},"14":{"start":{"line":31,"column":4},"end":{"line":31,"column":16}},"15":{"start":{"line":35,"column":4},"end":{"line":35,"column":41}},"16":{"start":{"line":4,"column":0},"end":{"line":4,"column":13}}},"fnMap":{"0":{"name":"(anonymous_0)","decl":{"start":{"line":4,"column":0},"end":{"line":4,"column":13}},"loc":{"start":{"line":4,"column":0},"end":{"line":37,"column":1}}},"1":{"name":"(anonymous_1)","decl":{"start":{"line":7,"column":2},"end":{"line":7,"column":7}},"loc":{"start":{"line":7,"column":61},"end":{"line":14,"column":3}}},"2":{"name":"(anonymous_2)","decl":{"start":{"line":16,"column":2},"end":{"line":16,"column":7}},"loc":{"start":{"line":16,"column":27},"end":{"line":18,"column":3}}},"3":{"name":"(anonymous_3)","decl":{"start":{"line":20,"column":2},"end":{"line":20,"column":7}},"loc":{"start":{"line":20,"column":44},"end":{"line":32,"column":3}}},"4":{"name":"(anonymous_4)","decl":{"start":{"line":34,"column":2},"end":{"line":34,"column":7}},"loc":{"start":{"line":34,"column":34},"end":{"line":36,"column":3}}}},"branchMap":{"0":{"loc":{"start":{"line":23,"column":4},"end":{"line":23,"column":29}},"type":"if","locations":[{"start":{"line":23,"column":4},"end":{"line":23,"column":29}},{"start":{},"end":{}}]},"1":{"loc":{"start":{"line":25,"column":4},"end":{"line":27,"column":5}},"type":"if","locations":[{"start":{"line":25,"column":4},"end":{"line":27,"column":5}},{"start":{},"end":{}}]}},"s":{"0":1,"1":1,"2":3,"3":0,"4":0,"5":0,"6":0,"7":0,"8":0,"9":0,"10":0,"11":0,"12":0,"13":0,"14":0,"15":0,"16":1},"f":{"0":3,"1":0,"2":0,"3":0,"4":0},"b":{"0":[0,0],"1":[0,0]}}
[...]
art":{"line":69,"column":35},"end":{"line":69,"column":64}},"27":{"start":{"line":70,"column":4},"end":{"line":70,"column":55}},"28":{"start":{"line":74,"column":20},"end":{"line":74,"column":55}},"29":{"start":{"line":75,"column":4},"end":{"line":75,"column":47}},"30":{"start":{"line":75,"column":18},"end":{"line":75,"column":47}},"31":{"start":{"line":76,"column":4},"end":{"line":76,"column":64}},"32":{"start":{"line":76,"column":35},"end":{"line":76,"column":64}},"33":{"start":{"line":77,"column":4},"end":{"line":77,"column":45}},"34":{"start":{"line":81,"column":4},"end":{"line":81,"column":60}},"35":{"start":{"line":85,"column":4},"end":{"line":85,"column":60}},"36":{"start":{"line":6,"column":0},"end":{"line":6,"column":13}}},"fnMap":{"0":{"name":"(anonymous_0)","decl":{"start":{"line":6,"column":0},"end":{"line":6,"column":13}},"loc":{"start":{"line":6,"column":0},"end":{"line":87,"column":1}}},"1":{"name":"(anonymous_1)","decl":{"start":{"line":12,"column":2},"end":{"line":12,"column":7}},"loc":{"start":{"line":15,"column":19},"end":{"line":37,"column":3}}},"2":{"name":"(anonymous_2)","decl":{"start":{"line":39,"column":2},"end":{"line":39,"column":7}},"loc":{"start":{"line":42,"column":19},"end":{"line":64,"column":3}}},"3":{"name":"(anonymous_3)","decl":{"start":{"line":66,"column":2},"end":{"line":66,"column":7}},"loc":{"start":{"line":66,"column":72},"end":{"line":71,"column":3}}},"4":{"name":"(anonymous_4)","decl":{"start":{"line":73,"column":2},"end":{"line":73,"column":7}},"loc":{"start":{"line":73,"column":55},"end":{"line":78,"column":3}}},"5":{"name":"(anonymous_5)","decl":{"start":{"line":80,"column":2},"end":{"line":80,"column":7}},"loc":{"start":{"line":80,"column":61},"end":{"line":82,"column":3}}},"6":{"name":"(anonymous_6)","decl":{"start":{"line":84,"column":2},"end":{"line":84,"column":7}},"loc":{"start":{"line":84,"column":61},"end":{"line":86,"column":3}}}},"branchMap":{"0":{"loc":{"start":{"line":18,"column":4},"end":{"line":20,"column":5}},"type":"if","locations":[{"start":{"line":18,"column":4},"end":{"line":20,"column":5}},{"start":{},"end":{}}]},"1":{"loc":{"start":{"line":28,"column":4},"end":{"line":34,"column":5}},"type":"if","locations":[{"start":{"line":28,"column":4},"end":{"line":34,"column":5}},{"start":{},"end":{}}]},"2":{"loc":{"start":{"line":28,"column":8},"end":{"line":28,"column":44}},"type":"binary-expr","locations":[{"start":{"line":28,"column":8},"end":{"line":28,"column":15}},{"start":{"line":28,"column":19},"end":{"line":28,"column":44}}]},"3":{"loc":{"start":{"line":45,"column":4},"end":{"line":47,"column":5}},"type":"if","locations":[{"start":{"line":45,"column":4},"end":{"line":47,"column":5}},{"start":{},"end":{}}]},"4":{"loc":{"start":{"line":55,"column":4},"end":{"line":61,"column":5}},"type":"if","locations":[{"start":{"line":55,"column":4},"end":{"line":61,"column":5}},{"start":{},"end":{}}]},"5":{"loc":{"start":{"line":55,"column":8},"end":{"line":55,"column":44}},"type":"binary-expr","locations":[{"start":{"line":55,"column":8},"end":{"line":55,"column":15}},{"start":{"line":55,"column":19},"end":{"line":55,"column":44}}]},"6":{"loc":{"start":{"line":68,"column":4},"end":{"line":68,"column":47}},"type":"if","locations":[{"start":{"line":68,"column":4},"end":{"line":68,"column":47}},{"start":{},"end":{}}]},"7":{"loc":{"start":{"line":69,"column":4},"end":{"line":69,"column":64}},"type":"if","locations":[{"start":{"line":69,"column":4},"end":{"line":69,"column":64}},{"start":{},"end":{}}]},"8":{"loc":{"start":{"line":75,"column":4},"end":{"line":75,"column":47}},"type":"if","locations":[{"start":{"line":75,"column":4},"end":{"line":75,"column":47}},{"start":{},"end":{}}]},"9":{"loc":{"start":{"line":76,"column":4},"end":{"line":76,"column":64}},"type":"if","locations":[{"start":{"line":76,"column":4},"end":{"line":76,"column":64}},{"start":{},"end":{}}]}},"s":{"0":1,"1":1,"2":1,"3":1,"4":1,"5":1,"6":1,"7":1,"8":0,"9":0,"10":0,"11":0,"12":0,"13":0,"14":0,"15":0,"16":0,"17":0,"18":0,"19":0,"20":0,"21":0,"22":0,"23":0,"24":0,"25":0,"26":0,"27":0,"28":0,"29":0,"30":0,"31":0,"32":0,"33":0,"34":0,"35":0,"36":1},"f":{"0":1,"1":0,"2":0,"3":0,"4":0,"5":0,"6":0},"b":{"0":[0,0],"1":[0,0],"2":[0,0],"3":[0,0],"4":[0,0],"5":[0,0],"6":[0,0],"7":[0,0],"8":[0,0],"9":[0,0]}}
,"/home/baturs/4-sprint-mission/mission 9/src/services/likeService.ts": {"path":"/home/baturs/4-sprint-mission/mission 9/src/services/likeService.ts","statementMap":{"0":{"start":{"line":1,"column":0},"end":{"line":1,"column":64}},"1":{"start":{"line":4,"column":10},"end":{"line":4,"column":38}},"2":{"start":{"line":7,"column":20},"end":{"line":7,"column":58}},"3":{"start":{"line":8,"column":4},"end":{"line":8,"column":55}},"4":{"start":{"line":8,"column":18},"end":{"line":8,"column":55}},"5":{"start":{"line":10,"column":21},"end":{"line":10,"column":71}},"6":{"start":{"line":11,"column":4},"end":{"line":13,"column":5}},"7":{"start":{"line":12,"column":6},"end":{"line":12,"column":75}},"8":{"start":{"line":14,"column":4},"end":{"line":14,"column":58}},"9":{"start":{"line":18,"column":20},"end":{"line":18,"column":58}},"10":{"start":{"line":19,"column":4},"end":{"line":19,"column":55}},"11":{"start":{"line":19,"column":18},"end":{"line":19,"column":55}},"12":{"start":{"line":21,"column":21},"end":{"line":21,"column":71}},"13":{"start":{"line":22,"column":4},"end":{"line":24,"column":5}},"14":{"start":{"line":23,"column":6},"end":{"line":23,"column":75}},"15":{"start":{"line":25,"column":4},"end":{"line":25,"column":58}},"16":{"start":{"line":29,"column":4},"end":{"line":29,"column":47}},"17":{"start":{"line":33,"column":4},"end":{"line":33,"column":47}},"18":{"start":{"line":3,"column":0},"end":{"line":3,"column":13}}},"fnMap":{"0":{"name":"(anonymous_0)","decl":{"start":{"line":3,"column":0},"end":{"line":3,"column":13}},"loc":{"start":{"line":3,"column":0},"end":{"line":35,"column":1}}},"1":{"name":"(anonymous_1)","decl":{"start":{"line":6,"column":2},"end":{"line":6,"column":7}},"loc":{"start":{"line":6,"column":53},"end":{"line":15,"column":3}}},"2":{"name":"(anonymous_2)","decl":{"start":{"line":17,"column":2},"end":{"line":17,"column":7}},"loc":{"start":{"line":17,"column":53},"end":{"line":26,"column":3}}},"3":{"name":"(anonymous_3)","decl":{"start":{"line":28,"column":2},"end":{"line":28,"column":7}},"loc":{"start":{"line":28,"column":39},"end":{"line":30,"column":3}}},"4":{"name":"(anonymous_4)","decl":{"start":{"line":32,"column":2},"end":{"line":32,"column":7}},"loc":{"start":{"line":32,"column":39},"end":{"line":34,"column":3}}}},"branchMap":{"0":{"loc":{"start":{"line":8,"column":4},"end":{"line":8,"column":55}},"type":"if","locations":[{"start":{"line":8,"column":4},"end":{"line":8,"column":55}},{"start":{},"end":{}}]},"1":{"loc":{"start":{"line":11,"column":4},"end":{"line":13,"column":5}},"type":"if","locations":[{"start":{"line":11,"column":4},"end":{"line":13,"column":5}},{"start":{},"end":{}}]},"2":{"loc":{"start":{"line":19,"column":4},"end":{"line":19,"column":55}},"type":"if","locations":[{"start":{"line":19,"column":4},"end":{"line":19,"column":55}},{"start":{},"end":{}}]},"3":{"loc":{"start":{"line":22,"column":4},"end":{"line":24,"column":5}},"type":"if","locations":[{"start":{"line":22,"column":4},"end":{"line":24,"column":5}},{"start":{},"end":{}}]}},"s":{"0":1,"1":1,"2":0,"3":0,"4":0,"5":0,"6":0,"7":0,"8":0,"9":0,"10":0,"11":0,"12":0,"13":0,"14":0,"15":0,"16":0,"17":0,"18":1},"f":{"0":1,"1":0,"2":0,"3":0,"4":0},"b":{"0":[0,0],"1":[0,0],"2":[0,0],"3":[0,0]}}
,"/home/baturs/4-sprint-mission/mission 9/src/services/productService.ts": {"path":"/home/baturs/4-sprint-mission/mission 9/src/services/productService.ts","statementMap":{"0":{"start":{"line":1,"column":0},"end":{"line":1,"column":70}},"1":{"start":{"line":2,"column":0},"end":{"line":2,"column":64}},"2":{"start":{"line":3,"column":0},"end":{"line":3,"column":56}},"3":{"start":{"line":8,"column":10},"end":{"line":8,"column":41}},"4":{"start":{"line":9,"column":10},"end":{"line":9,"column":42}},"5":{"start":{"line":10,"column":10},"end":{"line":10,"column":44}},"6":{"start":{"line":13,"column":4},"end":{"line":13,"column":56}},"7":{"start":{"line":17,"column":44},"end":{"line":24,"column":10}},"8":{"start":{"line":25,"column":4},"end":{"line":25,"column":70}},"9":{"start":{"line":29,"column":4},"end":{"line":29,"column":34}},"10":{"start":{"line":37,"column":20},"end":{"line":37,"column":55}},"11":{"start":{"line":38,"column":4},"end":{"line":38,"column":47}},"12":{"start":{"line":38,"column":18},"end":{"line":38,"column":47}},"13":{"start":{"line":39,"column":4},"end":{"line":39,"column":64}},"14":{"start":{"line":39,"column":35},"end":{"line":39,"column":64}},"15":{"start":{"line":41,"column":21},"end":{"line":41,"column":34}},"16":{"start":{"line":42,"column":20},"end":{"line":42,"column":66}},"17":{"start":{"line":44,"column":4},"end":{"line":56,"column":5}},"18":{"start":{"line":45,"column":25},"end":{"line":45,"column":80}},"19":{"start":{"line":47,"column":26},"end":{"line":47,"column":67}},"20":{"start":{"line":47,"column":51},"end":{"line":47,"column":66}},"21":{"start":{"line":49,"column":6},"end":{"line":55,"column":7}},"22":{"start":{"line":50,"column":8},"end":{"line":54,"column":10}},"23":{"start":{"line":58,"column":4},"end":{"line":58,"column":19}},"24":{"start":{"line":62,"column":20},"end":{"line":62,"column":55}},"25":{"start":{"line":63,"column":4},"end":{"line":63,"column":47}},"26":{"start":{"line":63,"column":18},"end":{"line":63,"column":47}},"27":{"start":{"line":64,"column":4},"end":{"line":64,"column":64}},"28":{"start":{"line":64,"column":35},"end":{"line":64,"column":64}},"29":{"start":{"line":66,"column":4},"end":{"line":66,"column":45}},"30":{"start":{"line":7,"column":0},"end":{"line":7,"column":13}}},"fnMap":{"0":{"name":"(anonymous_0)","decl":{"start":{"line":7,"column":0},"end":{"line":7,"column":13}},"loc":{"start":{"line":7,"column":0},"end":{"line":68,"column":1}}},"1":{"name":"(anonymous_1)","decl":{"start":{"line":12,"column":2},"end":{"line":12,"column":7}},"loc":{"start":{"line":12,"column":53},"end":{"line":14,"column":3}}},"2":{"name":"(anonymous_2)","decl":{"start":{"line":16,"column":2},"end":{"line":16,"column":7}},"loc":{"start":{"line":16,"column":57},"end":{"line":26,"column":3}}},"3":{"name":"(anonymous_3)","decl":{"start":{"line":28,"column":2},"end":{"line":28,"column":7}},"loc":{"start":{"line":28,"column":28},"end":{"line":30,"column":3}}},"4":{"name":"(anonymous_4)","decl":{"start":{"line":32,"column":2},"end":{"line":32,"column":7}},"loc":{"start":{"line":35,"column":80},"end":{"line":59,"column":3}}},"5":{"name":"(anonymous_5)","decl":{"start":{"line":47,"column":44},"end":{"line":47,"column":45}},"loc":{"start":{"line":47,"column":51},"end":{"line":47,"column":66}}},"6":{"name":"(anonymous_6)","decl":{"start":{"line":61,"column":2},"end":{"line":61,"column":7}},"loc":{"start":{"line":61,"column":48},"end":{"line":67,"column":3}}}},"branchMap":{"0":{"loc":{"start":{"line":17,"column":44},"end":{"line":24,"column":10}},"type":"cond-expr","locations":[{"start":{"line":18,"column":8},"end":{"line":23,"column":null}},{"start":{"line":24,"column":8},"end":{"line":24,"column":10}}]},"1":{"loc":{"start":{"line":38,"column":4},"end":{"line":38,"column":47}},"type":"if","locations":[{"start":{"line":38,"column":4},"end":{"line":38,"column":47}},{"start":{},"end":{}}]},"2":{"loc":{"start":{"line":39,"column":4},"end":{"line":39,"column":64}},"type":"if","locations":[{"start":{"line":39,"column":4},"end":{"line":39,"column":64}},{"start":{},"end":{}}]},"3":{"loc":{"start":{"line":44,"column":4},"end":{"line":56,"column":5}},"type":"if","locations":[{"start":{"line":44,"column":4},"end":{"line":56,"column":5}},{"start":{},"end":{}}]},"4":{"loc":{"start":{"line":44,"column":8},"end":{"line":44,"column":59}},"type":"binary-expr","locations":[{"start":{"line":44,"column":8},"end":{"line":44,"column":32}},{"start":{"line":44,"column":36},"end":{"line":44,"column":59}}]},"5":{"loc":{"start":{"line":63,"column":4},"end":{"line":63,"column":47}},"type":"if","locations":[{"start":{"line":63,"column":4},"end":{"line":63,"column":47}},{"start":{},"end":{}}]},"6":{"loc":{"start":{"line":64,"column":4},"end":{"line":64,"column":64}},"type":"if","locations":[{"start":{"line":64,"column":4},"end":{"line":64,"column":64}},{"start":{},"end":{}}]}},"s":{"0":1,"1":1,"2":1,"3":1,"4":1,"5":1,"6":0,"7":1,"8":1,"9":0,"10":0,"11":0,"12":0,"13":0,"14":0,"15":0,"16":0,"17":0,"18":0,"19":0,"20":0,"21":0,"22":0,"23":0,"24":0,"25":0,"26":0,"27":0,"28":0,"29":0,"30":1},"f":{"0":1,"1":0,"2":1,"3":0,"4":0,"5":0,"6":0},"b":{"0":[0,1],"1":[0,0],"2":[0,0],"3":[0,0],"4":[0,0],"5":[0,0],"6":[0,0]}}
,"/home/baturs/4-sprint-mission/mission 9/src/services/userService.ts": {"path":"/home/baturs/4-sprint-mission/mission 9/src/services/userService.ts","statementMap":{"0":{"start":{"line":1,"column":0},"end":{"line":1,"column":28}},"1":{"start":{"line":2,"column":0},"end":{"line":2,"column":64}},"2":{"start":{"line":3,"column":0},"end":{"line":3,"column":46}},"3":{"start":{"line":7,"column":10},"end":{"line":7,"column":42}},"4":{"start":{"line":10,"column":19},"end":{"line":10,"column":62}},"5":{"start":{"line":11,"column":4},"end":{"line":11,"column":48}},"6":{"start":{"line":11,"column":16},"end":{"line":11,"column":48}},"7":{"start":{"line":13,"column":17},"end":{"line":13,"column":41}},"8":{"start":{"line":14,"column":27},"end":{"line":14,"column":65}},"9":{"start":{"line":16,"column":4},"end":{"line":16,"column":78}},"10":{"start":{"line":17,"column":4},"end":{"line":17,"column":55}},"11":{"start":{"line":21,"column":4},"end":{"line":21,"column":42}},"12":{"start":{"line":25,"column":47},"end":{"line":25,"column":49}},"13":{"start":{"line":26,"column":4},"end":{"line":26,"column":49}},"14":{"start":{"line":26,"column":18},"end":{"line":26,"column":49}},"15":{"start":{"line":27,"column":4},"end":{"line":27,"column":40}},"16":{"start":{"line":27,"column":15},"end":{"line":27,"column":40}},"17":{"start":{"line":29,"column":4},"end":{"line":29,"column":73}},"18":{"start":{"line":29,"column":46},"end":{"line":29,"column":73}},"19":{"start":{"line":31,"column":4},"end":{"line":31,"column":56}},"20":{"start":{"line":35,"column":17},"end":{"line":35,"column":41}},"21":{"start":{"line":36,"column":27},"end":{"line":36,"column":65}},"22":{"start":{"line":37,"column":4},"end":{"line":37,"column":73}},"23":{"start":{"line":38,"column":4},"end":{"line":38,"column":56}},"24":{"start":{"line":42,"column":4},"end":{"line":42,"column":54}},"25":{"start":{"line":46,"column":4},"end":{"line":46,"column":34}},"26":{"start":{"line":6,"column":0},"end":{"line":6,"column":13}}},"fnMap":{"0":{"name":"(anonymous_1)","decl":{"start":{"line":6,"column":0},"end":{"line":6,"column":13}},"loc":{"start":{"line":6,"column":0},"end":{"line":48,"column":1}}},"1":{"name":"(anonymous_2)","decl":{"start":{"line":9,"column":2},"end":{"line":9,"column":7}},"loc":{"start":{"line":9,"column":38},"end":{"line":18,"column":3}}},"2":{"name":"(anonymous_3)","decl":{"start":{"line":20,"column":2},"end":{"line":20,"column":7}},"loc":{"start":{"line":20,"column":33},"end":{"line":22,"column":3}}},"3":{"name":"(anonymous_4)","decl":{"start":{"line":24,"column":2},"end":{"line":24,"column":7}},"loc":{"start":{"line":24,"column":75},"end":{"line":32,"column":3}}},"4":{"name":"(anonymous_5)","decl":{"start":{"line":34,"column":2},"end":{"line":34,"column":7}},"loc":{"start":{"line":34,"column":60},"end":{"line":39,"column":3}}},"5":{"name":"(anonymous_6)","decl":{"start":{"line":41,"column":2},"end":{"line":41,"column":7}},"loc":{"start":{"line":41,"column":34},"end":{"line":43,"column":3}}},"6":{"name":"(anonymous_7)","decl":{"start":{"line":45,"column":2},"end":{"line":45,"column":20}},"loc":{"start":{"line":45,"column":35},"end":{"line":47,"column":3}}}},"branchMap":{"0":{"loc":{"start":{"line":11,"column":4},"end":{"line":11,"column":48}},"type":"if","locations":[{"start":{"line":11,"column":4},"end":{"line":11,"column":48}},{"start":{},"end":{}}]},"1":{"loc":{"start":{"line":26,"column":4},"end":{"line":26,"column":49}},"type":"if","locations":[{"start":{"line":26,"column":4},"end":{"line":26,"column":49}},{"start":{},"end":{}}]},"2":{"loc":{"start":{"line":27,"column":4},"end":{"line":27,"column":40}},"type":"if","locations":[{"start":{"line":27,"column":4},"end":{"line":27,"column":40}},{"start":{},"end":{}}]},"3":{"loc":{"start":{"line":29,"column":4},"end":{"line":29,"column":73}},"type":"if","locations":[{"start":{"line":29,"column":4},"end":{"line":29,"column":73}},{"start":{},"end":{}}]}},"s":{"0":1,"1":1,"2":1,"3":1,"4":0,"5":0,"6":0,"7":0,"8":0,"9":0,"10":0,"11":0,"12":0,"13":0,"14":0,"15":0,"16":0,"17":0,"18":0,"19":0,"20":0,"21":0,"22":0,"23":0,"24":0,"25":0,"26":1},"f":{"0":1,"1":0,"2":0,"3":0,"4":0,"5":0,"6":0},"b":{"0":[0,0],"1":[0,0],"2":[0,0],"3":[0,0]}}
,"/home/baturs/4-sprint-mission/mission 9/src/socket/io.ts": {"path":"/home/baturs/4-sprint-mission/mission 9/src/socket/io.ts","statementMap":{"0":{"start":{"line":5,"column":0},"end":{"line":5,"column":16}},"1":{"start":{"line":15,"column":0},"end":{"line":15,"column":16}},"2":{"start":{"line":1,"column":0},"end":{"line":1,"column":35}},"3":{"start":{"line":3,"column":24},"end":{"line":3,"column":28}},"4":{"start":{"line":6,"column":2},"end":{"line":11,"column":5}},"5":{"start":{"line":12,"column":2},"end":{"line":12,"column":12}},"6":{"start":{"line":16,"column":2},"end":{"line":18,"column":3}},"7":{"start":{"line":17,"column":4},"end":{"line":17,"column":59}},"8":{"start":{"line":19,"column":2},"end":{"line":19,"column":12}}},"fnMap":{"0":{"name":"initIo","decl":{"start":{"line":5,"column":16},"end":{"line":5,"column":22}},"loc":{"start":{"line":5,"column":34},"end":{"line":13,"column":1}}},"1":{"name":"getIo","decl":{"start":{"line":15,"column":16},"end":{"line":15,"column":21}},"loc":{"start":{"line":15,"column":21},"end":{"line":20,"column":1}}}},"branchMap":{"0":{"loc":{"start":{"line":16,"column":2},"end":{"line":18,"column":3}},"type":"if","locations":[{"start":{"line":16,"column":2},"end":{"line":18,"column":3}},{"start":{},"end":{}}]}},"s":{"0":1,"1":1,"2":1,"3":1,"4":1,"5":1,"6":1,"7":0,"8":1},"f":{"0":1,"1":1},"b":{"0":[0,1]}}
,"/home/baturs/4-sprint-mission/mission 9/src/socket/socket.ts": {"path":"/home/baturs/4-sprint-mission/mission 9/src/socket/socket.ts","statementMap":{"0":{"start":{"line":4,"column":0},"end":{"line":4,"column":16}},"1":{"start":{"line":1,"column":0},"end":{"line":1,"column":29}},"2":{"start":{"line":2,"column":0},"end":{"line":2,"column":31}},"3":{"start":{"line":5,"column":13},"end":{"line":5,"column":20}},"4":{"start":{"line":7,"column":2},"end":{"line":22,"column":5}},"5":{"start":{"line":8,"column":4},"end":{"line":8,"column":48}},"6":{"start":{"line":10,"column":18},"end":{"line":10,"column":46}},"7":{"start":{"line":11,"column":4},"end":{"line":11,"column":43}},"8":{"start":{"line":11,"column":16},"end":{"line":11,"column":43}},"9":{"start":{"line":13,"column":4},"end":{"line":21,"column":5}},"10":{"start":{"line":14,"column":22},"end":{"line":14,"column":null}},"11":{"start":{"line":18,"column":6},"end":{"line":18,"column":40}},"12":{"start":{"line":20,"column":6},"end":{"line":20,"column":26}}},"fnMap":{"0":{"name":"registerSocket","decl":{"start":{"line":4,"column":16},"end":{"line":4,"column":30}},"loc":{"start":{"line":4,"column":30},"end":{"line":23,"column":1}}},"1":{"name":"(anonymous_2)","decl":{"start":{"line":7,"column":22},"end":{"line":7,"column":23}},"loc":{"start":{"line":7,"column":33},"end":{"line":22,"column":3}}}},"branchMap":{"0":{"loc":{"start":{"line":11,"column":4},"end":{"line":11,"column":43}},"type":"if","locations":[{"start":{"line":11,"column":4},"end":{"line":11,"column":43}},{"start":{},"end":{}}]}},"s":{"0":1,"1":1,"2":1,"3":1,"4":1,"5":0,"6":0,"7":0,"8":0,"9":0,"10":0,"11":0,"12":0},"f":{"0":1,"1":0},"b":{"0":[0,0]}}
}
