TN:
SF:src/app.ts
FNF:0
FNH:0
DA:1,3
DA:2,3
DA:3,3
DA:4,3
DA:5,3
DA:6,3
DA:7,3
DA:8,3
DA:9,3
DA:11,3
DA:13,3
DA:14,3
DA:15,3
DA:17,3
DA:22,3
DA:24,3
DA:25,3
DA:27,3
DA:29,3
DA:31,3
DA:32,3
DA:38,3
DA:39,3
LF:23
LH:23
BRF:0
BRH:0
end_of_record
TN:
SF:src/controllers/alertController.ts
FN:5,(anonymous_1)
FN:8,(anonymous_2)
FN:16,(anonymous_3)
FNF:3
FNH:1
FNDA:3,(anonymous_1)
FNDA:0,(anonymous_2)
FNDA:0,(anonymous_3)
DA:2,3
DA:3,3
DA:5,3
DA:6,3
DA:8,3
DA:9,0
DA:10,0
DA:11,0
DA:12,0
DA:13,0
DA:16,3
DA:17,0
DA:18,0
DA:20,0
DA:21,0
DA:23,0
DA:24,0
DA:27,0
DA:29,0
DA:30,0
DA:34,0
LF:21
LH:6
BRDA:9,0,0,0
BRDA:17,1,0,0
BRDA:23,2,0,0
BRDA:29,3,0,0
BRF:4
BRH:0
end_of_record
TN:
SF:src/controllers/articleController.ts
FN:9,(anonymous_1)
FN:21,(anonymous_2)
FN:31,(anonymous_3)
FN:42,(anonymous_4)
FN:57,(anonymous_5)
FNF:5
FNH:4
FNDA:0,(anonymous_1)
FNDA:1,(anonymous_2)
FNDA:2,(anonymous_3)
FNDA:1,(anonymous_4)
FNDA:1,(anonymous_5)
DA:2,3
DA:3,3
DA:4,3
DA:6,3
DA:8,3
DA:10,0
DA:11,0
DA:13,0
DA:14,0
DA:15,0
DA:17,0
DA:22,1
DA:23,1
DA:24,1
DA:25,1
DA:27,0
DA:32,2
DA:33,2
DA:34,2
DA:35,2
DA:36,1
DA:38,0
DA:43,1
DA:44,1
DA:45,1
DA:46,1
DA:47,1
DA:49,1
DA:51,0
DA:52,0
DA:53,0
DA:58,1
DA:59,1
DA:61,1
DA:62,1
DA:63,1
DA:65,0
DA:66,0
DA:67,0
LF:39
LH:25
BRDA:11,0,0,0
BRDA:35,1,0,1
BRDA:44,2,0,0
BRDA:51,3,0,0
BRDA:52,4,0,0
BRDA:59,5,0,0
BRDA:65,6,0,0
BRDA:66,7,0,0
BRF:8
BRH:1
end_of_record
TN:
SF:src/controllers/commentController.ts
FN:18,(anonymous_1)
FN:30,(anonymous_2)
FN:42,(anonymous_3)
FN:56,(anonymous_4)
FN:69,(anonymous_5)
FN:79,(anonymous_6)
FNF:6
FNH:0
FNDA:0,(anonymous_1)
FNDA:0,(anonymous_2)
FNDA:0,(anonymous_3)
FNDA:0,(anonymous_4)
FNDA:0,(anonymous_5)
FNDA:0,(anonymous_6)
DA:2,3
DA:3,3
DA:4,3
DA:6,3
DA:8,3
DA:12,3
DA:17,3
DA:19,0
DA:20,0
DA:21,0
DA:22,0
DA:23,0
DA:24,0
DA:26,0
DA:31,0
DA:32,0
DA:33,0
DA:34,0
DA:35,0
DA:36,0
DA:38,0
DA:43,0
DA:44,0
DA:45,0
DA:46,0
DA:47,0
DA:48,0
DA:50,0
DA:51,0
DA:52,0
DA:57,0
DA:58,0
DA:59,0
DA:60,0
DA:61,0
DA:63,0
DA:64,0
DA:65,0
DA:70,0
DA:71,0
DA:72,0
DA:73,0
DA:75,0
DA:80,0
DA:81,0
DA:82,0
DA:83,0
DA:85,0
LF:48
LH:7
BRDA:20,0,0,0
BRDA:32,1,0,0
BRDA:44,2,0,0
BRDA:50,3,0,0
BRDA:51,4,0,0
BRDA:58,5,0,0
BRDA:63,6,0,0
BRDA:64,7,0,0
BRF:8
BRH:0
end_of_record
TN:
SF:src/controllers/likeController.ts
FN:8,(anonymous_1)
FN:19,(anonymous_2)
FN:30,(anonymous_3)
FN:34,(anonymous_4)
FN:41,(anonymous_5)
FN:45,(anonymous_6)
FNF:6
FNH:0
FNDA:0,(anonymous_1)
FNDA:0,(anonymous_2)
FNDA:0,(anonymous_3)
FNDA:0,(anonymous_4)
FNDA:0,(anonymous_5)
FNDA:0,(anonymous_6)
DA:2,3
DA:3,3
DA:5,3
DA:7,3
DA:9,0
DA:10,0
DA:11,0
DA:12,0
DA:14,0
DA:15,0
DA:20,0
DA:21,0
DA:22,0
DA:23,0
DA:25,0
DA:26,0
DA:31,0
DA:32,0
DA:33,0
DA:34,0
DA:35,0
DA:37,0
DA:42,0
DA:43,0
DA:44,0
DA:45,0
DA:46,0
DA:48,0
LF:28
LH:4
BRDA:9,0,0,0
BRDA:14,1,0,0
BRDA:20,2,0,0
BRDA:25,3,0,0
BRDA:31,4,0,0
BRDA:42,5,0,0
BRF:6
BRH:0
end_of_record
TN:
SF:src/controllers/photoController.ts
FN:6,(anonymous_1)
FNF:1
FNH:0
FNDA:0,(anonymous_1)
DA:2,3
DA:3,3
DA:5,3
DA:7,0
DA:9,0
DA:10,0
DA:13,0
DA:14,0
DA:16,0
DA:21,0
DA:26,0
LF:11
LH:3
BRDA:7,0,0,0
BRDA:9,1,0,0
BRF:2
BRH:0
end_of_record
TN:
SF:src/controllers/productController.ts
FN:9,(anonymous_1)
FN:20,(anonymous_2)
FN:30,(anonymous_3)
FN:41,(anonymous_4)
FN:56,(anonymous_5)
FNF:5
FNH:4
FNDA:0,(anonymous_1)
FNDA:1,(anonymous_2)
FNDA:2,(anonymous_3)
FNDA:1,(anonymous_4)
FNDA:1,(anonymous_5)
DA:2,3
DA:3,3
DA:4,3
DA:6,3
DA:8,3
DA:10,0
DA:11,0
DA:12,0
DA:13,0
DA:14,0
DA:16,0
DA:21,1
DA:22,1
DA:23,1
DA:24,1
DA:26,0
DA:31,2
DA:32,2
DA:33,2
DA:34,2
DA:35,1
DA:37,0
DA:42,1
DA:43,1
DA:44,1
DA:45,1
DA:46,1
DA:48,1
DA:50,0
DA:51,0
DA:52,0
DA:57,1
DA:58,1
DA:59,1
DA:60,1
DA:61,1
DA:63,0
DA:64,0
DA:65,0
LF:39
LH:25
BRDA:11,0,0,0
BRDA:34,1,0,1
BRDA:43,2,0,0
BRDA:50,3,0,0
BRDA:51,4,0,0
BRDA:58,5,0,0
BRDA:63,6,0,0
BRDA:64,7,0,0
BRF:8
BRH:1
end_of_record
TN:
SF:src/controllers/userController.ts
FN:15,(anonymous_1)
FN:30,(anonymous_2)
FN:46,(anonymous_3)
FN:59,(anonymous_4)
FN:86,(anonymous_5)
FN:102,(anonymous_6)
FN:117,(anonymous_7)
FN:133,(anonymous_8)
FN:143,(anonymous_9)
FNF:9
FNH:1
FNDA:0,(anonymous_1)
FNDA:3,(anonymous_2)
FNDA:0,(anonymous_3)
FNDA:0,(anonymous_4)
FNDA:0,(anonymous_5)
FNDA:0,(anonymous_6)
FNDA:0,(anonymous_7)
FNDA:0,(anonymous_8)
FNDA:0,(anonymous_9)
DA:2,3
DA:3,3
DA:4,3
DA:5,3
DA:12,3
DA:14,3
DA:16,0
DA:17,0
DA:18,0
DA:19,0
DA:21,0
DA:22,0
DA:26,0
DA:31,3
DA:32,0
DA:34,3
DA:35,3
DA:38,3
DA:40,3
DA:42,0
DA:47,0
DA:48,0
DA:49,0
DA:52,0
DA:53,0
DA:55,0
DA:60,0
DA:61,0
DA:62,0
DA:66,0
DA:67,0
DA:73,0
DA:78,0
DA:79,0
DA:82,0
DA:87,0
DA:88,0
DA:89,0
DA:93,0
DA:94,0
DA:96,0
DA:98,0
DA:103,0
DA:104,0
DA:105,0
DA:110,0
DA:111,0
DA:113,0
DA:118,0
DA:119,0
DA:120,0
DA:123,0
DA:124,0
DA:125,0
DA:127,0
DA:129,0
DA:134,0
DA:135,0
DA:136,0
DA:139,0
DA:140,0
DA:144,0
DA:145,0
LF:63
LH:11
BRDA:21,0,0,0
BRDA:31,1,0,0
BRDA:48,2,0,0
BRDA:61,3,0,0
BRDA:78,4,0,0
BRDA:88,5,0,0
BRDA:104,6,0,0
BRDA:119,7,0,0
BRDA:124,8,0,0
BRDA:124,9,0,0
BRDA:124,9,1,0
BRDA:134,10,0,0
BRF:12
BRH:0
end_of_record
TN:
SF:src/dtos/article.dto.ts
FN:30,(anonymous_0)
FN:35,(anonymous_1)
FNF:2
FNH:2
FNDA:1,(anonymous_0)
FNDA:1,(anonymous_1)
DA:1,3
DA:4,3
DA:14,3
DA:25,3
DA:30,1
DA:35,1
LF:6
LH:6
BRDA:35,0,0,1
BRDA:35,0,1,1
BRF:2
BRH:2
end_of_record
TN:
SF:src/dtos/product.dto.ts
FN:24,(anonymous_0)
FN:25,(anonymous_1)
FNF:2
FNH:2
FNDA:1,(anonymous_0)
FNDA:1,(anonymous_1)
DA:1,3
DA:5,3
DA:14,3
DA:23,3
DA:24,1
DA:25,1
LF:6
LH:6
BRDA:25,0,0,1
BRDA:25,0,1,1
BRF:2
BRH:2
end_of_record
TN:
SF:src/dtos/user.dto.ts
FNF:0
FNH:0
DA:1,3
DA:4,3
DA:12,3
DA:19,3
DA:26,3
LF:5
LH:5
BRF:0
BRH:0
end_of_record
TN:
SF:src/lib/constants.ts
FNF:0
FNH:0
DA:1,3
DA:3,3
DA:5,3
DA:6,3
DA:8,3
DA:10,3
DA:11,3
DA:12,3
DA:15,3
DA:16,3
DA:17,3
DA:18,3
DA:19,3
DA:20,3
LF:14
LH:14
BRDA:5,0,0,3
BRDA:5,0,1,0
BRDA:6,1,0,3
BRDA:6,1,1,0
BRDA:8,2,0,3
BRDA:8,2,1,0
BRDA:10,3,0,3
BRDA:10,3,1,0
BRF:8
BRH:4
end_of_record
TN:
SF:src/lib/cookieUtil.ts
FN:4,setTokenCookies
FN:19,clearTokenCookies
FNF:2
FNH:1
FNDA:3,setTokenCookies
FNDA:0,clearTokenCookies
DA:2,3
DA:4,3
DA:5,3
DA:11,3
DA:19,3
DA:20,0
DA:21,0
LF:7
LH:5
BRF:0
BRH:0
end_of_record
TN:
SF:src/lib/prisma.ts
FNF:0
FNH:0
DA:1,3
DA:3,3
DA:5,3
LF:3
LH:3
BRF:0
BRH:0
end_of_record
TN:
SF:src/lib/s3.ts
FN:25,(anonymous_1)
FNF:1
FNH:0
FNDA:0,(anonymous_1)
DA:1,3
DA:2,3
DA:3,3
DA:4,3
DA:14,3
DA:26,0
DA:27,0
LF:7
LH:5
BRF:0
BRH:0
end_of_record
TN:
SF:src/lib/token.ts
FN:7,generateTokens
FN:17,verifyAccessToken
FN:22,verifyRefreshToken
FNF:3
FNH:1
FNDA:3,generateTokens
FNDA:0,verifyAccessToken
FNDA:0,verifyRefreshToken
DA:1,3
DA:2,3
DA:8,3
DA:11,3
DA:14,3
DA:18,0
DA:19,0
DA:23,0
DA:24,0
DA:27,3
LF:10
LH:6
BRF:0
BRH:0
end_of_record
TN:
SF:src/lib/passport/index.ts
FNF:0
FNH:0
DA:1,3
DA:2,3
DA:3,3
DA:5,3
DA:6,3
DA:7,3
DA:9,3
LF:7
LH:7
BRF:0
BRH:0
end_of_record
TN:
SF:src/lib/passport/jwtStrategy.ts
FN:22,(anonymous_1)
FN:29,(anonymous_2)
FN:33,jwtVerify
FNF:3
FNH:2
FNDA:4,(anonymous_1)
FNDA:0,(anonymous_2)
FNDA:4,jwtVerify
DA:1,3
DA:2,3
DA:5,3
DA:21,3
DA:23,4
DA:28,3
DA:29,0
DA:34,4
DA:35,4
DA:38,4
DA:40,0
DA:44,3
DA:49,3
LF:13
LH:11
BRDA:23,0,0,4
BRDA:23,0,1,4
BRF:2
BRH:2
end_of_record
TN:
SF:src/lib/passport/localStrategy.ts
FN:10,(anonymous_1)
FNF:1
FNH:1
FNDA:4,(anonymous_1)
DA:1,3
DA:2,3
DA:3,3
DA:5,3
DA:11,4
DA:12,4
DA:13,4
DA:14,0
DA:17,4
DA:18,4
DA:19,1
DA:22,3
DA:24,0
LF:13
LH:11
BRDA:13,0,0,0
BRDA:18,1,0,1
BRF:2
BRH:1
end_of_record
TN:
SF:src/middlewares/errorHandler.ts
FN:9,errorHandler
FNF:1
FNH:0
FNDA:0,errorHandler
DA:1,3
DA:2,3
DA:9,3
DA:10,0
DA:11,0
DA:14,0
DA:15,0
DA:18,0
DA:19,0
LF:9
LH:3
BRDA:10,0,0,0
BRDA:14,1,0,0
BRF:2
BRH:0
end_of_record
TN:
SF:src/repositories/alertRepository.ts
FN:4,(anonymous_1)
FN:8,(anonymous_2)
FN:15,(anonymous_3)
FN:22,(anonymous_4)
FN:28,(anonymous_5)
FNF:5
FNH:0
FNDA:0,(anonymous_1)
FNDA:0,(anonymous_2)
FNDA:0,(anonymous_3)
FNDA:0,(anonymous_4)
FNDA:0,(anonymous_5)
DA:1,3
DA:3,3
DA:5,0
DA:9,0
DA:16,0
DA:23,0
DA:29,0
LF:7
LH:2
BRF:0
BRH:0
end_of_record
TN:
SF:src/repositories/articleRepository.ts
FN:5,(anonymous_1)
FN:9,(anonymous_2)
FN:19,(anonymous_3)
FN:26,(anonymous_4)
FN:34,(anonymous_5)
FNF:5
FNH:5
FNDA:1,(anonymous_1)
FNDA:1,(anonymous_2)
FNDA:4,(anonymous_3)
FNDA:1,(anonymous_4)
FNDA:1,(anonymous_5)
DA:1,3
DA:4,3
DA:6,1
DA:10,1
DA:20,4
DA:27,1
DA:28,1
DA:29,1
DA:31,1
DA:35,1
DA:39,3
LF:11
LH:11
BRDA:28,0,0,1
BRDA:29,1,0,0
BRF:2
BRH:1
end_of_record
TN:
SF:src/repositories/commentRepository.ts
FN:4,(anonymous_1)
FN:10,(anonymous_2)
FN:16,(anonymous_3)
FN:20,(anonymous_4)
FN:27,(anonymous_5)
FN:31,(anonymous_6)
FN:41,(anonymous_7)
FNF:7
FNH:0
FNDA:0,(anonymous_1)
FNDA:0,(anonymous_2)
FNDA:0,(anonymous_3)
FNDA:0,(anonymous_4)
FNDA:0,(anonymous_5)
FNDA:0,(anonymous_6)
FNDA:0,(anonymous_7)
DA:1,3
DA:3,3
DA:5,0
DA:11,0
DA:17,0
DA:21,0
DA:28,0
DA:32,0
DA:42,0
DA:52,3
LF:10
LH:3
BRDA:35,0,0,0
BRDA:35,0,1,0
BRDA:36,1,0,0
BRDA:36,1,1,0
BRDA:45,2,0,0
BRDA:45,2,1,0
BRDA:46,3,0,0
BRDA:46,3,1,0
BRF:8
BRH:0
end_of_record
TN:
SF:src/repositories/likeRepository.ts
FN:4,(anonymous_1)
FN:8,(anonymous_2)
FN:12,(anonymous_3)
FN:18,(anonymous_4)
FN:24,(anonymous_5)
FN:31,(anonymous_6)
FN:38,(anonymous_7)
FN:44,(anonymous_8)
FN:50,(anonymous_9)
FN:59,(anonymous_10)
FN:68,(anonymous_11)
FN:83,(anonymous_12)
FNF:12
FNH:1
FNDA:0,(anonymous_1)
FNDA:0,(anonymous_2)
FNDA:0,(anonymous_3)
FNDA:0,(anonymous_4)
FNDA:0,(anonymous_5)
FNDA:0,(anonymous_6)
FNDA:0,(anonymous_7)
FNDA:0,(anonymous_8)
FNDA:0,(anonymous_9)
FNDA:0,(anonymous_10)
FNDA:1,(anonymous_11)
FNDA:0,(anonymous_12)
DA:1,3
DA:3,3
DA:5,0
DA:9,0
DA:13,0
DA:19,0
DA:25,0
DA:32,0
DA:39,0
DA:45,0
DA:51,0
DA:60,0
DA:69,1
DA:83,1
LF:14
LH:4
BRF:0
BRH:0
end_of_record
TN:
SF:src/repositories/productRepository.ts
FN:6,(anonymous_1)
FN:10,(anonymous_2)
FN:27,(anonymous_3)
FN:42,(anonymous_4)
FN:46,(anonymous_5)
FNF:5
FNH:5
FNDA:1,(anonymous_1)
FNDA:1,(anonymous_2)
FNDA:4,(anonymous_3)
FNDA:1,(anonymous_4)
FNDA:2,(anonymous_5)
DA:1,3
DA:5,3
DA:7,1
DA:11,1
DA:28,4
DA:43,1
DA:47,2
LF:7
LH:7
BRF:0
BRH:0
end_of_record
TN:
SF:src/repositories/userRepository.ts
FN:4,(anonymous_1)
FN:8,(anonymous_2)
FN:22,(anonymous_3)
FN:26,(anonymous_4)
FN:33,(anonymous_5)
FN:37,(anonymous_6)
FNF:6
FNH:2
FNDA:0,(anonymous_1)
FNDA:0,(anonymous_2)
FNDA:3,(anonymous_3)
FNDA:0,(anonymous_4)
FNDA:3,(anonymous_5)
FNDA:0,(anonymous_6)
DA:1,3
DA:3,3
DA:5,0
DA:9,0
DA:23,3
DA:30,0
DA:34,3
DA:38,0
LF:8
LH:4
BRF:0
BRH:0
end_of_record
TN:
SF:src/routers/alertRouter.ts
FNF:0
FNH:0
DA:1,3
DA:2,3
DA:3,3
DA:5,3
DA:6,3
DA:8,3
DA:10,3
DA:12,3
LF:8
LH:8
BRF:0
BRH:0
end_of_record
TN:
SF:src/routers/articleRouter.ts
FNF:0
FNH:0
DA:1,3
DA:2,3
DA:3,3
DA:5,3
DA:6,3
DA:8,3
DA:9,3
DA:10,3
DA:12,3
DA:13,3
DA:15,3
LF:11
LH:11
BRF:0
BRH:0
end_of_record
TN:
SF:src/routers/commentRouter.ts
FNF:0
FNH:0
DA:1,3
DA:2,3
DA:3,3
DA:5,3
DA:6,3
DA:8,3
DA:9,3
DA:10,3
DA:11,3
DA:13,3
DA:14,3
DA:16,3
LF:12
LH:12
BRF:0
BRH:0
end_of_record
TN:
SF:src/routers/index.ts
FNF:0
FNH:0
DA:1,3
DA:3,3
DA:4,3
DA:5,3
DA:6,3
DA:7,3
DA:8,3
DA:9,3
DA:11,3
DA:13,3
DA:14,3
DA:15,3
DA:16,3
DA:17,3
DA:18,3
DA:19,3
DA:21,3
LF:17
LH:17
BRF:0
BRH:0
end_of_record
TN:
SF:src/routers/likeRouter.ts
FNF:0
FNH:0
DA:1,3
DA:2,3
DA:3,3
DA:5,3
DA:6,3
DA:8,3
DA:9,3
DA:10,3
DA:11,3
DA:13,3
LF:10
LH:10
BRF:0
BRH:0
end_of_record
TN:
SF:src/routers/photoRouter.ts
FNF:0
FNH:0
DA:1,3
DA:2,3
DA:3,3
DA:4,3
DA:6,3
DA:7,3
DA:9,3
DA:16,3
LF:8
LH:8
BRF:0
BRH:0
end_of_record
TN:
SF:src/routers/productRouter.ts
FNF:0
FNH:0
DA:1,3
DA:2,3
DA:3,3
DA:5,3
DA:6,3
DA:9,3
DA:10,3
DA:11,3
DA:14,3
DA:15,3
DA:17,3
LF:11
LH:11
BRF:0
BRH:0
end_of_record
TN:
SF:src/routers/userRouter.ts
FN:11,(anonymous_1)
FN:15,(anonymous_2)
FNF:2
FNH:2
FNDA:4,(anonymous_1)
FNDA:4,(anonymous_2)
DA:1,3
DA:2,3
DA:3,3
DA:5,3
DA:6,3
DA:8,3
DA:9,3
DA:12,4
DA:20,4
DA:22,4
DA:23,1
DA:28,3
DA:29,3
DA:36,3
DA:41,3
DA:46,3
DA:51,3
DA:56,3
DA:61,3
DA:66,3
DA:68,3
LF:21
LH:21
BRDA:20,0,0,0
BRDA:22,1,0,1
BRF:2
BRH:1
end_of_record
TN:
SF:src/services/alertService.ts
FN:4,(anonymous_0)
FN:7,(anonymous_1)
FN:16,(anonymous_2)
FN:20,(anonymous_3)
FN:34,(anonymous_4)
FNF:5
FNH:1
FNDA:9,(anonymous_0)
FNDA:0,(anonymous_1)
FNDA:0,(anonymous_2)
FNDA:0,(anonymous_3)
FNDA:0,(anonymous_4)
DA:1,3
DA:2,3
DA:4,3
DA:5,9
DA:8,0
DA:10,0
DA:11,0
DA:13,0
DA:17,0
DA:21,0
DA:23,0
DA:25,0
DA:26,0
DA:29,0
DA:31,0
DA:35,0
LF:16
LH:4
BRDA:23,0,0,0
BRDA:25,1,0,0
BRF:2
BRH:0
end_of_record
TN:
SF:src/services/articleService.ts
FN:5,(anonymous_0)
FN:8,(anonymous_1)
FN:12,(anonymous_2)
FN:25,(anonymous_3)
FN:29,(anonymous_4)
FN:37,(anonymous_5)
FNF:6
FNH:5
FNDA:6,(anonymous_0)
FNDA:0,(anonymous_1)
FNDA:1,(anonymous_2)
FNDA:2,(anonymous_3)
FNDA:1,(anonymous_4)
FNDA:1,(anonymous_5)
DA:1,3
DA:5,3
DA:6,6
DA:9,0
DA:13,1
DA:22,1
DA:26,2
DA:30,1
DA:31,1
DA:32,1
DA:34,1
DA:38,1
DA:39,1
DA:40,1
DA:42,1
DA:46,3
LF:16
LH:15
BRDA:13,0,0,0
BRDA:13,0,1,1
BRDA:31,1,0,0
BRDA:32,2,0,0
BRDA:39,3,0,0
BRDA:40,4,0,0
BRF:6
BRH:1
end_of_record
TN:
SF:src/services/commentService.ts
FN:6,(anonymous_0)
FN:12,(anonymous_1)
FN:39,(anonymous_2)
FN:66,(anonymous_3)
FN:73,(anonymous_4)
FN:80,(anonymous_5)
FN:84,(anonymous_6)
FNF:7
FNH:1
FNDA:3,(anonymous_0)
FNDA:0,(anonymous_1)
FNDA:0,(anonymous_2)
FNDA:0,(anonymous_3)
FNDA:0,(anonymous_4)
FNDA:0,(anonymous_5)
FNDA:0,(anonymous_6)
DA:1,3
DA:2,3
DA:3,3
DA:4,3
DA:6,3
DA:7,3
DA:8,3
DA:9,3
DA:10,3
DA:17,0
DA:18,0
DA:19,0
DA:22,0
DA:28,0
DA:29,0
DA:36,0
DA:44,0
DA:45,0
DA:46,0
DA:49,0
DA:55,0
DA:56,0
DA:63,0
DA:67,0
DA:68,0
DA:69,0
DA:70,0
DA:74,0
DA:75,0
DA:76,0
DA:77,0
DA:81,0
DA:85,0
LF:33
LH:9
BRDA:18,0,0,0
BRDA:28,1,0,0
BRDA:28,2,0,0
BRDA:28,2,1,0
BRDA:45,3,0,0
BRDA:55,4,0,0
BRDA:55,5,0,0
BRDA:55,5,1,0
BRDA:68,6,0,0
BRDA:69,7,0,0
BRDA:75,8,0,0
BRDA:76,9,0,0
BRF:12
BRH:0
end_of_record
TN:
SF:src/services/likeService.ts
FN:3,(anonymous_0)
FN:6,(anonymous_1)
FN:17,(anonymous_2)
FN:28,(anonymous_3)
FN:32,(anonymous_4)
FNF:5
FNH:1
FNDA:3,(anonymous_0)
FNDA:0,(anonymous_1)
FNDA:0,(anonymous_2)
FNDA:0,(anonymous_3)
FNDA:0,(anonymous_4)
DA:1,3
DA:3,3
DA:4,3
DA:7,0
DA:8,0
DA:10,0
DA:11,0
DA:12,0
DA:14,0
DA:18,0
DA:19,0
DA:21,0
DA:22,0
DA:23,0
DA:25,0
DA:29,0
DA:33,0
LF:17
LH:3
BRDA:8,0,0,0
BRDA:11,1,0,0
BRDA:19,2,0,0
BRDA:22,3,0,0
BRF:4
BRH:0
end_of_record
TN:
SF:src/services/productService.ts
FN:7,(anonymous_0)
FN:12,(anonymous_1)
FN:16,(anonymous_2)
FN:28,(anonymous_3)
FN:32,(anonymous_4)
FN:47,(anonymous_5)
FN:61,(anonymous_6)
FNF:7
FNH:5
FNDA:3,(anonymous_0)
FNDA:0,(anonymous_1)
FNDA:1,(anonymous_2)
FNDA:2,(anonymous_3)
FNDA:1,(anonymous_4)
FNDA:0,(anonymous_5)
FNDA:1,(anonymous_6)
DA:1,3
DA:2,3
DA:3,3
DA:7,3
DA:8,3
DA:9,3
DA:10,3
DA:13,0
DA:17,1
DA:25,1
DA:29,2
DA:37,1
DA:38,1
DA:39,1
DA:41,1
DA:42,1
DA:44,1
DA:45,1
DA:47,1
DA:49,1
DA:50,0
DA:58,1
DA:62,1
DA:63,1
DA:64,1
DA:66,1
LF:26
LH:24
BRDA:17,0,0,0
BRDA:17,0,1,1
BRDA:38,1,0,0
BRDA:39,2,0,0
BRDA:44,3,0,1
BRDA:44,4,0,1
BRDA:44,4,1,1
BRDA:63,5,0,0
BRDA:64,6,0,0
BRF:9
BRH:4
end_of_record
TN:
SF:src/services/userService.ts
FN:10,(anonymous_1)
FN:13,(anonymous_2)
FN:24,(anonymous_3)
FN:28,(anonymous_4)
FN:38,(anonymous_5)
FN:45,(anonymous_6)
FN:50,(anonymous_7)
FN:54,(anonymous_8)
FNF:8
FNH:2
FNDA:3,(anonymous_1)
FNDA:0,(anonymous_2)
FNDA:0,(anonymous_3)
FNDA:0,(anonymous_4)
FNDA:0,(anonymous_5)
FNDA:0,(anonymous_6)
FNDA:0,(anonymous_7)
FNDA:3,(anonymous_8)
DA:1,3
DA:2,3
DA:3,3
DA:10,3
DA:11,3
DA:14,0
DA:15,0
DA:17,0
DA:18,0
DA:20,0
DA:21,0
DA:25,0
DA:29,0
DA:30,0
DA:31,0
DA:33,0
DA:35,0
DA:39,0
DA:40,0
DA:41,0
DA:42,0
DA:46,0
DA:47,0
DA:51,0
DA:55,3
LF:25
LH:6
BRDA:15,0,0,0
BRDA:30,1,0,0
BRDA:31,2,0,0
BRDA:33,3,0,0
BRF:4
BRH:0
end_of_record
TN:
SF:src/socket/io.ts
FN:5,initIo
FN:15,getIo
FNF:2
FNH:2
FNDA:3,initIo
FNDA:3,getIo
DA:1,3
DA:3,3
DA:5,3
DA:6,3
DA:12,3
DA:15,3
DA:16,3
DA:17,0
DA:19,3
LF:9
LH:8
BRDA:16,0,0,0
BRF:1
BRH:0
end_of_record
TN:
SF:src/socket/socket.ts
FN:4,registerSocket
FN:7,(anonymous_2)
FNF:2
FNH:1
FNDA:3,registerSocket
FNDA:0,(anonymous_2)
DA:1,3
DA:2,3
DA:4,3
DA:5,3
DA:7,3
DA:8,0
DA:10,0
DA:11,0
DA:13,0
DA:14,0
DA:18,0
DA:20,0
LF:12
LH:5
BRDA:11,0,0,0
BRF:1
BRH:0
end_of_record
