TN:
SF:src/app.ts
FN:47,(anonymous_1)
FN:62,(anonymous_2)
FN:67,(anonymous_3)
FN:74,(anonymous_4)
FNF:4
FNH:0
FNDA:0,(anonymous_1)
FNDA:0,(anonymous_2)
FNDA:0,(anonymous_3)
FNDA:0,(anonymous_4)
DA:1,5
DA:2,5
DA:3,5
DA:5,5
DA:6,5
DA:7,5
DA:8,5
DA:9,5
DA:11,5
DA:12,5
DA:13,5
DA:14,5
DA:15,5
DA:16,5
DA:17,5
DA:20,5
DA:21,5
DA:22,0
DA:25,5
DA:26,5
DA:27,5
DA:34,5
DA:35,5
DA:37,5
DA:38,5
DA:40,5
DA:41,5
DA:44,5
DA:47,5
DA:48,0
DA:49,0
DA:50,0
DA:52,0
DA:53,0
DA:54,0
DA:55,0
DA:57,0
DA:62,5
DA:63,0
DA:65,0
DA:67,0
DA:68,0
DA:73,5
DA:74,0
DA:75,0
LF:45
LH:30
BRDA:21,0,0,0
BRDA:37,1,0,5
BRDA:37,1,1,0
BRDA:49,2,0,0
BRDA:73,3,0,0
BRF:5
BRH:1
end_of_record
TN:
SF:src/controllers/articles.controller.ts
FN:6,(anonymous_0)
FN:10,(anonymous_1)
FN:36,(anonymous_2)
FN:46,(anonymous_3)
FN:67,(anonymous_4)
FN:91,(anonymous_5)
FN:112,(anonymous_6)
FNF:7
FNH:6
FNDA:5,(anonymous_0)
FNDA:1,(anonymous_1)
FNDA:1,(anonymous_2)
FNDA:2,(anonymous_3)
FNDA:2,(anonymous_4)
FNDA:2,(anonymous_5)
FNDA:0,(anonymous_6)
DA:2,5
DA:4,5
DA:6,5
DA:7,5
DA:10,5
DA:11,1
DA:12,1
DA:13,1
DA:15,1
DA:16,0
DA:18,1
DA:20,1
DA:21,0
DA:24,1
DA:29,1
DA:31,0
DA:36,5
DA:37,1
DA:38,1
DA:39,1
DA:41,0
DA:46,5
DA:47,2
DA:48,2
DA:49,2
DA:51,2
DA:52,0
DA:55,2
DA:60,1
DA:62,1
DA:67,5
DA:68,2
DA:69,2
DA:70,2
DA:71,2
DA:73,2
DA:74,0
DA:76,2
DA:78,2
DA:84,1
DA:86,1
DA:91,5
DA:92,2
DA:93,2
DA:94,2
DA:96,2
DA:97,0
DA:99,2
DA:101,2
DA:103,1
DA:107,1
DA:112,5
DA:117,0
DA:118,0
DA:119,0
DA:121,0
DA:122,0
DA:124,0
DA:126,0
DA:131,0
DA:133,0
LF:61
LH:45
BRDA:15,0,0,0
BRDA:20,1,0,0
BRDA:20,2,0,1
BRDA:20,2,1,1
BRDA:51,3,0,0
BRDA:73,4,0,0
BRDA:96,5,0,0
BRDA:121,6,0,0
BRF:8
BRH:2
end_of_record
TN:
SF:src/controllers/comments.controller.ts
FN:6,(anonymous_0)
FN:10,(anonymous_1)
FN:38,(anonymous_2)
FN:66,(anonymous_3)
FN:83,(anonymous_4)
FN:100,(anonymous_5)
FN:124,(anonymous_6)
FNF:7
FNH:1
FNDA:5,(anonymous_0)
FNDA:0,(anonymous_1)
FNDA:0,(anonymous_2)
FNDA:0,(anonymous_3)
FNDA:0,(anonymous_4)
FNDA:0,(anonymous_5)
FNDA:0,(anonymous_6)
DA:2,5
DA:4,5
DA:6,5
DA:7,5
DA:10,5
DA:15,0
DA:16,0
DA:17,0
DA:18,0
DA:20,0
DA:21,0
DA:23,0
DA:25,0
DA:31,0
DA:33,0
DA:38,5
DA:43,0
DA:44,0
DA:45,0
DA:46,0
DA:48,0
DA:49,0
DA:51,0
DA:53,0
DA:59,0
DA:61,0
DA:66,5
DA:71,0
DA:72,0
DA:73,0
DA:76,0
DA:78,0
DA:83,5
DA:88,0
DA:89,0
DA:90,0
DA:93,0
DA:95,0
DA:100,5
DA:101,0
DA:102,0
DA:103,0
DA:104,0
DA:106,0
DA:107,0
DA:109,0
DA:111,0
DA:117,0
DA:119,0
DA:124,5
DA:125,0
DA:126,0
DA:127,0
DA:129,0
DA:130,0
DA:132,0
DA:134,0
DA:136,0
DA:138,0
LF:59
LH:10
BRDA:20,0,0,0
BRDA:48,1,0,0
BRDA:106,2,0,0
BRDA:129,3,0,0
BRF:4
BRH:0
end_of_record
TN:
SF:src/controllers/notifications.controller.ts
FN:4,(anonymous_0)
FN:7,(anonymous_1)
FN:20,(anonymous_2)
FN:33,(anonymous_3)
FN:47,(anonymous_4)
FNF:5
FNH:1
FNDA:5,(anonymous_0)
FNDA:0,(anonymous_1)
FNDA:0,(anonymous_2)
FNDA:0,(anonymous_3)
FNDA:0,(anonymous_4)
DA:2,5
DA:4,5
DA:5,5
DA:7,5
DA:8,0
DA:9,0
DA:10,0
DA:11,0
DA:13,0
DA:14,0
DA:16,0
DA:20,5
DA:21,0
DA:22,0
DA:23,0
DA:24,0
DA:26,0
DA:27,0
DA:29,0
DA:33,5
DA:34,0
DA:35,0
DA:36,0
DA:37,0
DA:38,0
DA:40,0
DA:41,0
DA:43,0
DA:47,5
DA:48,0
DA:49,0
DA:50,0
DA:51,0
DA:53,0
DA:54,0
DA:56,0
LF:36
LH:7
BRDA:10,0,0,0
BRDA:23,1,0,0
BRDA:37,2,0,0
BRDA:50,3,0,0
BRF:4
BRH:0
end_of_record
TN:
SF:src/controllers/products.controller.ts
FN:11,(anonymous_0)
FN:17,(anonymous_1)
FN:42,(anonymous_2)
FN:53,(anonymous_3)
FN:70,(anonymous_4)
FN:93,(anonymous_5)
FN:111,(anonymous_6)
FN:136,(anonymous_7)
FN:150,(anonymous_8)
FNF:9
FNH:6
FNDA:5,(anonymous_0)
FNDA:1,(anonymous_1)
FNDA:1,(anonymous_2)
FNDA:2,(anonymous_3)
FNDA:1,(anonymous_4)
FNDA:1,(anonymous_5)
FNDA:0,(anonymous_6)
FNDA:0,(anonymous_7)
FNDA:0,(anonymous_8)
DA:2,5
DA:4,5
DA:5,5
DA:7,5
DA:12,5
DA:13,5
DA:17,5
DA:18,1
DA:19,1
DA:20,1
DA:21,1
DA:22,0
DA:24,1
DA:26,1
DA:27,0
DA:30,1
DA:35,1
DA:37,0
DA:42,5
DA:43,1
DA:44,1
DA:46,1
DA:48,0
DA:53,5
DA:54,2
DA:55,2
DA:56,2
DA:58,2
DA:63,1
DA:65,1
DA:70,5
DA:71,1
DA:72,1
DA:73,1
DA:74,1
DA:75,1
DA:76,0
DA:78,1
DA:80,1
DA:86,1
DA:88,0
DA:93,5
DA:94,1
DA:95,1
DA:96,1
DA:97,1
DA:98,0
DA:100,1
DA:102,1
DA:104,1
DA:106,0
DA:111,5
DA:116,0
DA:117,0
DA:118,0
DA:119,0
DA:120,0
DA:122,0
DA:124,0
DA:129,0
DA:131,0
DA:136,5
DA:137,0
DA:138,0
DA:139,0
DA:140,0
DA:142,0
DA:143,0
DA:145,0
DA:150,5
DA:155,0
DA:156,0
DA:157,0
DA:158,0
DA:160,0
DA:163,0
DA:165,0
LF:77
LH:46
BRDA:21,0,0,0
BRDA:26,1,0,0
BRDA:26,2,0,1
BRDA:26,2,1,1
BRDA:75,3,0,0
BRDA:97,4,0,0
BRDA:119,5,0,0
BRDA:139,6,0,0
BRDA:157,7,0,0
BRF:9
BRH:2
end_of_record
TN:
SF:src/controllers/users.controller.ts
FN:17,(anonymous_0)
FN:24,(anonymous_1)
FN:51,(anonymous_2)
FN:65,(anonymous_3)
FN:84,(anonymous_4)
FN:105,(anonymous_5)
FN:137,(anonymous_6)
FN:155,(anonymous_7)
FN:184,(anonymous_8)
FN:198,(anonymous_9)
FNF:10
FNH:3
FNDA:5,(anonymous_0)
FNDA:2,(anonymous_1)
FNDA:14,(anonymous_2)
FNDA:0,(anonymous_3)
FNDA:0,(anonymous_4)
FNDA:0,(anonymous_5)
FNDA:0,(anonymous_6)
FNDA:0,(anonymous_7)
FNDA:0,(anonymous_8)
FNDA:0,(anonymous_9)
DA:2,5
DA:3,5
DA:4,5
DA:11,5
DA:13,5
DA:18,5
DA:19,5
DA:20,5
DA:24,5
DA:25,2
DA:26,2
DA:28,2
DA:34,0
DA:36,2
DA:37,0
DA:39,2
DA:40,0
DA:43,2
DA:44,1
DA:46,1
DA:51,5
DA:52,14
DA:53,14
DA:54,14
DA:55,0
DA:57,14
DA:58,13
DA:60,1
DA:65,5
DA:66,0
DA:67,0
DA:68,0
DA:69,0
DA:71,0
DA:79,0
DA:84,5
DA:85,0
DA:86,0
DA:87,0
DA:88,0
DA:90,0
DA:91,0
DA:92,0
DA:94,0
DA:98,0
DA:100,0
DA:105,5
DA:106,0
DA:107,0
DA:108,0
DA:109,0
DA:111,0
DA:112,0
DA:117,0
DA:119,0
DA:120,0
DA:122,0
DA:125,0
DA:127,0
DA:128,0
DA:132,0
DA:137,5
DA:138,0
DA:139,0
DA:140,0
DA:141,0
DA:143,0
DA:144,0
DA:145,0
DA:147,0
DA:148,0
DA:150,0
DA:155,5
DA:160,0
DA:161,0
DA:162,0
DA:163,0
DA:165,0
DA:166,0
DA:167,0
DA:169,0
DA:170,0
DA:174,0
DA:179,0
DA:184,5
DA:185,0
DA:186,0
DA:187,0
DA:188,0
DA:190,0
DA:191,0
DA:193,0
DA:198,5
DA:203,0
DA:204,0
DA:205,0
DA:206,0
DA:208,0
DA:211,0
DA:213,0
LF:100
LH:31
BRDA:28,0,0,0
BRDA:29,1,0,2
BRDA:29,1,1,2
BRDA:29,1,2,2
BRDA:29,1,3,2
BRDA:36,2,0,0
BRDA:39,3,0,0
BRDA:54,4,0,0
BRDA:54,5,0,14
BRDA:54,5,1,14
BRDA:68,6,0,0
BRDA:87,7,0,0
BRDA:91,8,0,0
BRDA:91,9,0,0
BRDA:91,9,1,0
BRDA:108,10,0,0
BRDA:112,11,0,0
BRDA:113,12,0,0
BRDA:113,12,1,0
BRDA:113,12,2,0
BRDA:119,13,0,0
BRDA:122,14,0,0
BRDA:140,15,0,0
BRDA:144,16,0,0
BRDA:144,17,0,0
BRDA:144,17,1,0
BRDA:162,18,0,0
BRDA:166,19,0,0
BRDA:169,20,0,0
BRDA:169,20,1,0
BRDA:187,21,0,0
BRDA:205,22,0,0
BRF:32
BRH:6
end_of_record
TN:
SF:src/dtos/product.dto.ts
FNF:0
FNH:0
DA:1,5
DA:3,5
DA:5,5
DA:8,5
DA:13,5
DA:16,5
DA:19,5
DA:23,5
DA:28,5
LF:9
LH:9
BRF:0
BRH:0
end_of_record
TN:
SF:src/errors/http-error.ts
FN:6,(anonymous_0)
FN:14,(anonymous_1)
FN:20,(anonymous_2)
FN:26,(anonymous_3)
FN:32,(anonymous_4)
FN:38,(anonymous_5)
FN:44,(anonymous_6)
FNF:7
FNH:6
FNDA:22,(anonymous_0)
FNDA:2,(anonymous_1)
FNDA:3,(anonymous_2)
FNDA:6,(anonymous_3)
FNDA:10,(anonymous_4)
FNDA:1,(anonymous_5)
FNDA:0,(anonymous_6)
DA:3,6
DA:7,22
DA:8,22
DA:9,22
DA:13,6
DA:15,2
DA:19,6
DA:21,3
DA:25,6
DA:27,6
DA:31,6
DA:33,10
DA:37,6
DA:39,1
DA:43,6
DA:45,0
LF:16
LH:15
BRDA:14,0,0,0
BRDA:20,1,0,0
BRDA:26,2,0,0
BRDA:32,3,0,0
BRDA:38,4,0,0
BRDA:44,5,0,0
BRF:6
BRH:0
end_of_record
TN:
SF:src/middlewares/auth.middleware.ts
FN:6,default_1
FNF:1
FNH:1
FNDA:10,default_1
DA:2,5
DA:3,5
DA:4,5
DA:6,5
DA:7,10
DA:8,10
DA:9,10
DA:10,0
DA:13,10
DA:14,10
DA:15,0
DA:18,10
DA:20,8
DA:25,0
DA:28,8
DA:30,8
DA:33,8
DA:34,0
DA:37,8
DA:38,8
DA:41,2
DA:46,2
DA:48,0
LF:23
LH:18
BRDA:9,0,0,0
BRDA:14,1,0,0
BRDA:14,2,0,10
BRDA:14,2,1,10
BRDA:20,3,0,0
BRDA:21,4,0,8
BRDA:21,4,1,8
BRDA:21,4,2,8
BRDA:33,5,0,0
BRDA:41,6,0,2
BRDA:41,6,1,0
BRDA:42,7,0,2
BRDA:42,7,1,2
BRDA:42,7,2,2
BRF:14
BRH:9
end_of_record
TN:
SF:src/middlewares/error-handler.middleware.ts
FN:4,(anonymous_0)
FNF:1
FNH:1
FNDA:8,(anonymous_0)
DA:2,5
DA:4,5
DA:10,8
DA:13,8
DA:14,8
DA:18,0
LF:6
LH:5
BRDA:13,0,0,8
BRF:1
BRH:1
end_of_record
TN:
SF:src/middlewares/optional-auth.middleware.ts
FN:8,default_1
FNF:1
FNH:1
FNDA:4,default_1
DA:2,5
DA:3,5
DA:8,5
DA:9,4
DA:10,4
DA:12,4
DA:13,4
DA:16,0
DA:18,0
DA:19,0
DA:22,0
DA:24,0
DA:25,0
DA:29,0
DA:31,0
DA:36,0
DA:39,0
DA:41,0
DA:45,0
DA:46,0
DA:50,0
DA:51,0
DA:55,0
DA:56,0
DA:58,0
LF:25
LH:7
BRDA:12,0,0,4
BRDA:18,1,0,0
BRDA:18,2,0,0
BRDA:18,2,1,0
BRDA:24,3,0,0
BRDA:31,4,0,0
BRDA:32,5,0,0
BRDA:32,5,1,0
BRDA:32,5,2,0
BRDA:45,6,0,0
BRDA:55,7,0,0
BRDA:55,8,0,0
BRDA:55,8,1,0
BRF:13
BRH:1
end_of_record
TN:
SF:src/middlewares/upload.middleware.ts
FN:27,(anonymous_1)
FN:37,(anonymous_2)
FN:44,(anonymous_3)
FNF:3
FNH:0
FNDA:0,(anonymous_1)
FNDA:0,(anonymous_2)
FNDA:0,(anonymous_3)
DA:2,5
DA:3,5
DA:4,5
DA:5,5
DA:11,5
DA:13,0
DA:22,0
DA:28,0
DA:29,0
DA:30,0
DA:36,5
DA:42,0
DA:49,0
DA:50,0
DA:51,0
DA:57,5
DA:59,5
DA:61,5
LF:18
LH:9
BRDA:11,0,0,0
BRDA:57,1,0,0
BRDA:57,1,1,5
BRF:3
BRH:1
end_of_record
TN:
SF:src/middlewares/validation.middleware.ts
FN:6,(anonymous_0)
FN:7,(anonymous_1)
FN:10,(anonymous_2)
FNF:3
FNH:2
FNDA:10,(anonymous_0)
FNDA:2,(anonymous_1)
FNDA:0,(anonymous_2)
DA:1,5
DA:2,5
DA:4,5
DA:6,5
DA:7,10
DA:8,2
DA:9,2
DA:10,0
DA:11,0
DA:13,2
LF:10
LH:8
BRDA:6,0,0,10
BRDA:9,1,0,0
BRDA:9,1,1,2
BRDA:10,2,0,0
BRDA:10,2,1,0
BRF:5
BRH:2
end_of_record
TN:
SF:src/repositories/articles.repository.ts
FN:4,(anonymous_0)
FN:5,(anonymous_1)
FN:9,(anonymous_2)
FN:29,(anonymous_3)
FN:47,(anonymous_4)
FN:51,(anonymous_5)
FN:58,(anonymous_6)
FN:62,(anonymous_7)
FN:73,(anonymous_8)
FN:82,(anonymous_9)
FNF:10
FNH:7
FNDA:5,(anonymous_0)
FNDA:1,(anonymous_1)
FNDA:1,(anonymous_2)
FNDA:2,(anonymous_3)
FNDA:4,(anonymous_4)
FNDA:1,(anonymous_5)
FNDA:1,(anonymous_6)
FNDA:0,(anonymous_7)
FNDA:0,(anonymous_8)
FNDA:0,(anonymous_9)
DA:1,5
DA:4,5
DA:5,5
DA:6,1
DA:9,5
DA:10,1
DA:29,5
DA:30,2
DA:47,5
DA:48,4
DA:51,5
DA:52,1
DA:58,5
DA:59,1
DA:62,5
DA:63,0
DA:73,5
DA:74,0
DA:82,5
DA:83,0
LF:20
LH:17
BRF:0
BRH:0
end_of_record
TN:
SF:src/repositories/comments.repository.ts
FN:5,(anonymous_0)
FN:7,(anonymous_1)
FN:11,(anonymous_2)
FN:25,(anonymous_3)
FN:29,(anonymous_4)
FN:43,(anonymous_5)
FN:51,(anonymous_6)
FN:59,(anonymous_7)
FN:63,(anonymous_8)
FN:70,(anonymous_9)
FNF:10
FNH:1
FNDA:5,(anonymous_0)
FNDA:0,(anonymous_1)
FNDA:0,(anonymous_2)
FNDA:0,(anonymous_3)
FNDA:0,(anonymous_4)
FNDA:0,(anonymous_5)
FNDA:0,(anonymous_6)
FNDA:0,(anonymous_7)
FNDA:0,(anonymous_8)
FNDA:0,(anonymous_9)
DA:1,5
DA:4,5
DA:7,5
DA:8,0
DA:11,5
DA:16,0
DA:25,5
DA:26,0
DA:29,5
DA:34,0
DA:43,5
DA:44,0
DA:51,5
DA:52,0
DA:59,5
DA:60,0
DA:63,5
DA:64,0
DA:70,5
DA:71,0
LF:20
LH:11
BRF:0
BRH:0
end_of_record
TN:
SF:src/repositories/notifications.repository.ts
FN:4,(anonymous_0)
FN:5,(anonymous_1)
FN:23,(anonymous_2)
FN:30,(anonymous_3)
FN:36,(anonymous_4)
FN:43,(anonymous_5)
FNF:6
FNH:1
FNDA:5,(anonymous_0)
FNDA:0,(anonymous_1)
FNDA:0,(anonymous_2)
FNDA:0,(anonymous_3)
FNDA:0,(anonymous_4)
FNDA:0,(anonymous_5)
DA:1,6
DA:4,6
DA:5,5
DA:12,0
DA:23,5
DA:24,0
DA:30,5
DA:31,0
DA:36,5
DA:37,0
DA:43,5
DA:44,0
LF:12
LH:7
BRF:0
BRH:0
end_of_record
TN:
SF:src/repositories/products.repository.ts
FN:4,(anonymous_0)
FN:5,(anonymous_1)
FN:9,(anonymous_2)
FN:30,(anonymous_3)
FN:49,(anonymous_4)
FN:53,(anonymous_5)
FN:60,(anonymous_6)
FN:64,(anonymous_7)
FN:75,(anonymous_8)
FN:84,(anonymous_9)
FN:95,(anonymous_10)
FN:104,(anonymous_11)
FN:132,(anonymous_12)
FNF:13
FNH:8
FNDA:10,(anonymous_0)
FNDA:1,(anonymous_1)
FNDA:1,(anonymous_2)
FNDA:2,(anonymous_3)
FNDA:2,(anonymous_4)
FNDA:1,(anonymous_5)
FNDA:1,(anonymous_6)
FNDA:0,(anonymous_7)
FNDA:0,(anonymous_8)
FNDA:0,(anonymous_9)
FNDA:0,(anonymous_10)
FNDA:0,(anonymous_11)
FNDA:1,(anonymous_12)
DA:1,5
DA:4,5
DA:5,10
DA:6,1
DA:9,10
DA:10,1
DA:30,10
DA:31,2
DA:49,10
DA:50,2
DA:53,10
DA:54,1
DA:60,10
DA:61,1
DA:64,10
DA:65,0
DA:75,10
DA:76,0
DA:84,10
DA:85,0
DA:95,10
DA:96,0
DA:104,10
DA:105,0
DA:132,10
DA:133,1
LF:26
LH:21
BRF:0
BRH:0
end_of_record
TN:
SF:src/repositories/users.repository.ts
FN:4,(anonymous_0)
FN:5,(anonymous_1)
FN:14,(anonymous_2)
FN:19,(anonymous_3)
FN:24,(anonymous_4)
FN:31,(anonymous_5)
FN:41,(anonymous_6)
FN:51,(anonymous_7)
FN:67,(anonymous_8)
FN:75,(anonymous_9)
FN:81,(anonymous_10)
FNF:11
FNH:5
FNDA:11,(anonymous_0)
FNDA:21,(anonymous_1)
FNDA:14,(anonymous_2)
FNDA:0,(anonymous_3)
FNDA:20,(anonymous_4)
FNDA:13,(anonymous_5)
FNDA:0,(anonymous_6)
FNDA:0,(anonymous_7)
FNDA:0,(anonymous_8)
FNDA:0,(anonymous_9)
FNDA:0,(anonymous_10)
DA:1,5
DA:4,5
DA:5,11
DA:6,21
DA:11,21
DA:14,11
DA:15,14
DA:16,14
DA:19,11
DA:20,0
DA:21,0
DA:24,11
DA:25,20
DA:28,20
DA:31,11
DA:32,13
DA:38,13
DA:41,11
DA:42,0
DA:48,0
DA:51,11
DA:52,0
DA:64,0
DA:67,11
DA:68,0
DA:72,0
DA:75,11
DA:76,0
DA:81,11
DA:82,0
DA:86,0
LF:31
LH:20
BRF:0
BRH:0
end_of_record
TN:
SF:src/routes/articles.router.ts
FNF:0
FNH:0
DA:1,5
DA:2,5
DA:3,5
DA:4,5
DA:6,5
DA:7,5
DA:10,5
DA:13,5
DA:16,5
DA:19,5
DA:22,5
DA:25,5
DA:27,5
LF:13
LH:13
BRF:0
BRH:0
end_of_record
TN:
SF:src/routes/comments.router.ts
FNF:0
FNH:0
DA:1,5
DA:2,5
DA:3,5
DA:5,5
DA:6,5
DA:9,5
DA:12,5
DA:15,5
DA:18,5
DA:21,5
DA:24,5
DA:26,5
LF:12
LH:12
BRF:0
BRH:0
end_of_record
TN:
SF:src/routes/notifications.router.ts
FNF:0
FNH:0
DA:1,5
DA:2,5
DA:3,5
DA:5,5
DA:6,5
DA:9,5
DA:12,5
DA:15,5
DA:18,5
DA:20,5
LF:10
LH:10
BRF:0
BRH:0
end_of_record
TN:
SF:src/routes/products.router.ts
FNF:0
FNH:0
DA:1,5
DA:2,5
DA:3,5
DA:4,5
DA:5,5
DA:6,5
DA:8,5
DA:9,5
DA:12,5
DA:15,5
DA:18,5
DA:21,5
DA:24,5
DA:27,5
DA:29,5
LF:15
LH:15
BRF:0
BRH:0
end_of_record
TN:
SF:src/routes/users.router.ts
FNF:0
FNH:0
DA:1,5
DA:2,5
DA:3,5
DA:4,5
DA:6,5
DA:7,5
DA:10,5
DA:13,5
DA:16,5
DA:19,5
DA:22,5
DA:25,5
DA:28,5
DA:31,5
DA:34,5
DA:36,5
LF:16
LH:16
BRF:0
BRH:0
end_of_record
TN:
SF:src/services/articles.service.ts
FN:10,(anonymous_0)
FN:13,(anonymous_1)
FN:25,(anonymous_2)
FN:30,(anonymous_3)
FN:48,(anonymous_4)
FN:77,(anonymous_5)
FN:89,(anonymous_6)
FNF:7
FNH:6
FNDA:5,(anonymous_0)
FNDA:1,(anonymous_1)
FNDA:1,(anonymous_2)
FNDA:2,(anonymous_3)
FNDA:2,(anonymous_4)
FNDA:2,(anonymous_5)
FNDA:0,(anonymous_6)
DA:1,5
DA:4,5
DA:10,5
DA:11,5
DA:13,5
DA:14,1
DA:15,1
DA:22,1
DA:25,5
DA:26,1
DA:27,1
DA:30,5
DA:31,2
DA:32,2
DA:33,1
DA:36,1
DA:37,1
DA:38,0
DA:39,0
DA:40,0
DA:44,1
DA:45,1
DA:48,5
DA:53,2
DA:54,2
DA:55,2
DA:56,0
DA:58,2
DA:59,1
DA:62,1
DA:63,0
DA:66,1
DA:67,1
DA:68,1
DA:70,1
DA:74,1
DA:77,5
DA:78,2
DA:79,2
DA:80,0
DA:82,2
DA:83,1
DA:86,1
DA:89,5
DA:90,0
DA:91,0
DA:92,0
DA:95,0
DA:100,0
DA:101,0
DA:102,0
DA:104,0
DA:105,0
LF:53
LH:38
BRDA:32,0,0,1
BRDA:37,1,0,0
BRDA:39,2,0,0
BRDA:55,3,0,0
BRDA:58,4,0,1
BRDA:62,5,0,0
BRDA:62,6,0,1
BRDA:62,6,1,0
BRDA:67,7,0,1
BRDA:68,8,0,1
BRDA:79,9,0,0
BRDA:82,10,0,1
BRDA:91,11,0,0
BRDA:100,12,0,0
BRDA:100,12,1,0
BRF:15
BRH:6
end_of_record
TN:
SF:src/services/comments.service.ts
FN:11,(anonymous_0)
FN:15,(anonymous_1)
FN:50,(anonymous_2)
FN:73,(anonymous_3)
FN:85,(anonymous_4)
FN:97,(anonymous_5)
FN:122,(anonymous_6)
FNF:7
FNH:1
FNDA:5,(anonymous_0)
FNDA:0,(anonymous_1)
FNDA:0,(anonymous_2)
FNDA:0,(anonymous_3)
FNDA:0,(anonymous_4)
FNDA:0,(anonymous_5)
FNDA:0,(anonymous_6)
DA:1,5
DA:2,5
DA:3,5
DA:5,5
DA:11,5
DA:12,5
DA:13,5
DA:15,5
DA:20,0
DA:21,0
DA:22,0
DA:25,0
DA:26,0
DA:27,0
DA:30,0
DA:37,0
DA:38,0
DA:47,0
DA:50,5
DA:55,0
DA:56,0
DA:57,0
DA:60,0
DA:61,0
DA:62,0
DA:65,0
DA:70,0
DA:73,5
DA:74,0
DA:75,0
DA:76,0
DA:79,0
DA:82,0
DA:85,5
DA:86,0
DA:87,0
DA:88,0
DA:91,0
DA:94,0
DA:97,5
DA:102,0
DA:103,0
DA:104,0
DA:105,0
DA:107,0
DA:108,0
DA:111,0
DA:112,0
DA:115,0
DA:119,0
DA:122,5
DA:123,0
DA:124,0
DA:125,0
DA:127,0
DA:128,0
DA:131,0
LF:57
LH:13
BRDA:21,0,0,0
BRDA:26,1,0,0
BRDA:37,2,0,0
BRDA:56,3,0,0
BRDA:61,4,0,0
BRDA:75,5,0,0
BRDA:87,6,0,0
BRDA:104,7,0,0
BRDA:107,8,0,0
BRDA:111,9,0,0
BRDA:124,10,0,0
BRDA:127,11,0,0
BRF:12
BRH:0
end_of_record
TN:
SF:src/services/notifications.service.ts
FN:12,(anonymous_0)
FN:25,(anonymous_1)
FN:48,(anonymous_2)
FN:52,(anonymous_3)
FN:56,(anonymous_4)
FN:65,(anonymous_5)
FN:14,(anonymous_6)
FN:21,(anonymous_7)
FNF:8
FNH:3
FNDA:5,(anonymous_0)
FNDA:0,(anonymous_1)
FNDA:0,(anonymous_2)
FNDA:0,(anonymous_3)
FNDA:0,(anonymous_4)
FNDA:0,(anonymous_5)
FNDA:25,(anonymous_6)
FNDA:5,(anonymous_7)
DA:1,6
DA:5,6
DA:7,5
DA:15,25
DA:16,5
DA:18,25
DA:22,5
DA:25,5
DA:32,0
DA:41,0
DA:42,0
DA:45,0
DA:48,5
DA:49,0
DA:52,5
DA:53,0
DA:56,5
DA:57,0
DA:59,0
DA:60,0
DA:62,0
DA:65,5
DA:66,0
DA:68,0
DA:69,0
DA:71,0
LF:26
LH:12
BRDA:41,0,0,0
BRDA:59,1,0,0
BRDA:68,2,0,0
BRDA:15,3,0,5
BRF:4
BRH:1
end_of_record
TN:
SF:src/services/products.service.ts
FN:15,(anonymous_0)
FN:19,(anonymous_1)
FN:32,(anonymous_2)
FN:37,(anonymous_3)
FN:58,(anonymous_4)
FN:91,(anonymous_5)
FN:106,(anonymous_6)
FN:118,(anonymous_7)
FN:138,(anonymous_8)
FN:143,(anonymous_9)
FNF:10
FNH:10
FNDA:29,(anonymous_0)
FNDA:2,(anonymous_1)
FNDA:2,(anonymous_2)
FNDA:7,(anonymous_3)
FNDA:9,(anonymous_4)
FNDA:1,(anonymous_5)
FNDA:6,(anonymous_6)
FNDA:4,(anonymous_7)
FNDA:1,(anonymous_8)
FNDA:1,(anonymous_9)
DA:2,6
DA:3,6
DA:5,6
DA:11,6
DA:13,29
DA:16,29
DA:19,29
DA:20,2
DA:21,2
DA:29,2
DA:32,29
DA:33,2
DA:34,2
DA:37,29
DA:38,7
DA:39,7
DA:40,3
DA:43,4
DA:44,4
DA:45,2
DA:49,2
DA:50,1
DA:54,4
DA:55,4
DA:58,29
DA:63,9
DA:64,9
DA:65,9
DA:66,2
DA:68,7
DA:69,2
DA:72,5
DA:73,2
DA:76,3
DA:77,3
DA:78,3
DA:79,3
DA:81,3
DA:87,3
DA:89,3
DA:91,3
DA:92,1
DA:100,3
DA:103,3
DA:106,29
DA:107,6
DA:108,6
DA:109,2
DA:111,4
DA:112,2
DA:115,2
DA:118,29
DA:119,4
DA:120,4
DA:121,2
DA:124,2
DA:129,2
DA:130,1
DA:131,1
DA:133,1
DA:134,1
DA:138,29
DA:139,1
DA:140,1
DA:143,29
DA:144,1
DA:145,1
LF:67
LH:67
BRDA:39,0,0,3
BRDA:44,1,0,2
BRDA:49,2,0,1
BRDA:65,3,0,2
BRDA:68,4,0,2
BRDA:72,5,0,2
BRDA:72,6,0,5
BRDA:72,6,1,3
BRDA:72,6,2,3
BRDA:77,7,0,2
BRDA:78,8,0,1
BRDA:79,9,0,3
BRDA:87,10,0,3
BRDA:87,11,0,3
BRDA:87,11,1,3
BRDA:108,12,0,2
BRDA:111,13,0,2
BRDA:120,14,0,2
BRDA:129,15,0,1
BRDA:129,15,1,1
BRF:20
BRH:20
end_of_record
TN:
SF:src/services/users.service.ts
FN:14,(anonymous_1)
FN:17,(anonymous_2)
FN:44,(anonymous_3)
FN:69,(anonymous_4)
FN:91,(anonymous_5)
FN:119,(anonymous_6)
FN:150,(anonymous_7)
FNF:7
FNH:3
FNDA:11,(anonymous_1)
FNDA:21,(anonymous_2)
FNDA:14,(anonymous_3)
FNDA:0,(anonymous_4)
FNDA:0,(anonymous_5)
FNDA:0,(anonymous_6)
FNDA:0,(anonymous_7)
DA:1,5
DA:2,5
DA:3,5
DA:6,5
DA:14,5
DA:15,11
DA:17,11
DA:18,21
DA:19,21
DA:23,21
DA:24,1
DA:27,20
DA:29,20
DA:35,20
DA:44,11
DA:45,14
DA:46,14
DA:47,14
DA:48,1
DA:51,13
DA:52,13
DA:53,0
DA:56,13
DA:60,13
DA:64,13
DA:66,13
DA:69,11
DA:70,0
DA:71,0
DA:73,0
DA:74,0
DA:75,0
DA:79,0
DA:80,0
DA:81,0
DA:83,0
DA:88,0
DA:91,11
DA:95,0
DA:96,0
DA:97,0
DA:98,0
DA:101,0
DA:105,0
DA:106,0
DA:109,0
DA:110,0
DA:113,0
DA:115,0
DA:116,0
DA:119,11
DA:120,0
DA:121,0
DA:122,0
DA:127,0
DA:130,0
DA:131,0
DA:132,0
DA:135,0
DA:136,0
DA:137,0
DA:140,0
DA:144,0
DA:146,0
DA:150,11
DA:151,0
DA:154,0
LF:67
LH:29
BRDA:23,0,0,1
BRDA:47,1,0,1
BRDA:52,2,0,0
BRDA:71,3,0,0
BRDA:74,4,0,0
BRDA:80,5,0,0
BRDA:81,6,0,0
BRDA:97,7,0,0
BRDA:105,8,0,0
BRDA:109,9,0,0
BRDA:122,10,0,0
BRDA:123,11,0,0
BRDA:123,11,1,0
BRDA:123,11,2,0
BRDA:131,12,0,0
BRDA:136,13,0,0
BRF:16
BRH:2
end_of_record
TN:
SF:src/utils/env.util.ts
FN:7,validateEnv
FN:24,(anonymous_1)
FNF:2
FNH:2
FNDA:5,validateEnv
FNDA:20,(anonymous_1)
DA:1,5
DA:7,5
DA:8,5
DA:24,20
DA:26,5
DA:27,0
LF:6
LH:5
BRDA:14,0,0,0
BRDA:14,0,1,5
BRDA:26,1,0,0
BRF:3
BRH:1
end_of_record
TN:
SF:src/utils/prisma.util.ts
FNF:0
FNH:0
DA:1,6
DA:3,6
LF:2
LH:2
BRF:0
BRH:0
end_of_record
