TN:
SF:src/app.ts
FN:42,(anonymous_1)
FN:48,(anonymous_2)
FN:63,(anonymous_3)
FN:68,(anonymous_4)
FN:75,(anonymous_5)
FNF:5
FNH:0
FNDA:0,(anonymous_1)
FNDA:0,(anonymous_2)
FNDA:0,(anonymous_3)
FNDA:0,(anonymous_4)
FNDA:0,(anonymous_5)
DA:1,5
DA:2,5
DA:3,5
DA:4,5
DA:5,5
DA:6,5
DA:8,5
DA:9,5
DA:10,5
DA:11,5
DA:12,5
DA:13,5
DA:16,5
DA:17,5
DA:18,0
DA:21,5
DA:22,5
DA:23,5
DA:30,5
DA:31,5
DA:33,5
DA:34,5
DA:35,5
DA:36,0
DA:39,5
DA:40,5
DA:42,5
DA:43,0
DA:44,0
DA:48,5
DA:49,0
DA:50,0
DA:51,0
DA:53,0
DA:54,0
DA:55,0
DA:56,0
DA:58,0
DA:63,5
DA:64,0
DA:66,0
DA:68,0
DA:69,0
DA:74,5
DA:75,0
DA:76,0
LF:46
LH:28
BRDA:17,0,0,0
BRDA:33,1,0,5
BRDA:33,1,1,0
BRDA:35,2,0,0
BRDA:50,3,0,0
BRDA:74,4,0,0
BRF:6
BRH:1
end_of_record
TN:
SF:src/controllers/articles.controller.ts
FN:5,(anonymous_0)
FN:9,(anonymous_1)
FN:32,(anonymous_2)
FN:42,(anonymous_3)
FN:63,(anonymous_4)
FN:92,(anonymous_5)
FN:117,(anonymous_6)
FNF:7
FNH:6
FNDA:5,(anonymous_0)
FNDA:1,(anonymous_1)
FNDA:1,(anonymous_2)
FNDA:2,(anonymous_3)
FNDA:2,(anonymous_4)
FNDA:2,(anonymous_5)
FNDA:0,(anonymous_6)
DA:2,5
DA:5,5
DA:6,5
DA:9,5
DA:10,1
DA:11,1
DA:12,1
DA:14,1
DA:15,0
DA:17,1
DA:19,1
DA:20,0
DA:23,1
DA:25,1
DA:27,0
DA:32,5
DA:33,1
DA:34,1
DA:35,1
DA:37,0
DA:42,5
DA:43,2
DA:44,2
DA:45,2
DA:47,2
DA:48,0
DA:51,2
DA:53,1
DA:55,1
DA:56,1
DA:58,0
DA:63,5
DA:64,2
DA:65,2
DA:66,2
DA:67,2
DA:69,2
DA:70,0
DA:72,2
DA:74,2
DA:76,1
DA:78,1
DA:79,0
DA:81,1
DA:82,1
DA:84,0
DA:85,0
DA:87,0
DA:92,5
DA:93,2
DA:94,2
DA:95,2
DA:97,2
DA:98,0
DA:100,2
DA:102,2
DA:104,1
DA:106,1
DA:107,0
DA:109,1
DA:110,1
DA:112,0
DA:117,5
DA:118,0
DA:119,0
DA:120,0
DA:122,0
DA:123,0
DA:125,0
DA:127,0
DA:129,0
DA:131,0
DA:132,0
DA:134,0
LF:74
LH:49
BRDA:14,0,0,0
BRDA:19,1,0,0
BRDA:19,2,0,1
BRDA:19,2,1,1
BRDA:47,3,0,0
BRDA:55,4,0,1
BRDA:69,5,0,0
BRDA:78,6,0,0
BRDA:81,7,0,1
BRDA:84,8,0,0
BRDA:97,9,0,0
BRDA:106,10,0,0
BRDA:109,11,0,1
BRDA:122,12,0,0
BRDA:131,13,0,0
BRF:15
BRH:5
end_of_record
TN:
SF:src/controllers/comments.controller.ts
FN:5,(anonymous_0)
FN:9,(anonymous_1)
FN:29,(anonymous_2)
FN:49,(anonymous_3)
FN:60,(anonymous_4)
FN:71,(anonymous_5)
FN:100,(anonymous_6)
FNF:7
FNH:1
FNDA:5,(anonymous_0)
FNDA:0,(anonymous_1)
FNDA:0,(anonymous_2)
FNDA:0,(anonymous_3)
FNDA:0,(anonymous_4)
FNDA:0,(anonymous_5)
FNDA:0,(anonymous_6)
DA:2,5
DA:5,5
DA:6,5
DA:9,5
DA:10,0
DA:11,0
DA:12,0
DA:13,0
DA:15,0
DA:16,0
DA:18,0
DA:20,0
DA:22,0
DA:24,0
DA:29,5
DA:30,0
DA:31,0
DA:32,0
DA:33,0
DA:35,0
DA:36,0
DA:38,0
DA:40,0
DA:42,0
DA:44,0
DA:49,5
DA:50,0
DA:51,0
DA:52,0
DA:53,0
DA:55,0
DA:60,5
DA:61,0
DA:62,0
DA:63,0
DA:64,0
DA:66,0
DA:71,5
DA:72,0
DA:73,0
DA:74,0
DA:75,0
DA:77,0
DA:78,0
DA:80,0
DA:82,0
DA:84,0
DA:86,0
DA:87,0
DA:89,0
DA:90,0
DA:92,0
DA:93,0
DA:95,0
DA:100,5
DA:101,0
DA:102,0
DA:103,0
DA:105,0
DA:106,0
DA:108,0
DA:110,0
DA:112,0
DA:114,0
DA:115,0
DA:117,0
DA:118,0
DA:120,0
LF:68
LH:9
BRDA:15,0,0,0
BRDA:35,1,0,0
BRDA:77,2,0,0
BRDA:86,3,0,0
BRDA:89,4,0,0
BRDA:92,5,0,0
BRDA:105,6,0,0
BRDA:114,7,0,0
BRDA:117,8,0,0
BRF:9
BRH:0
end_of_record
TN:
SF:src/controllers/notifications.controller.ts
FN:4,(anonymous_0)
FN:7,(anonymous_1)
FN:20,(anonymous_2)
FN:33,(anonymous_3)
FN:47,(anonymous_4)
FNF:5
FNH:1
FNDA:5,(anonymous_0)
FNDA:0,(anonymous_1)
FNDA:0,(anonymous_2)
FNDA:0,(anonymous_3)
FNDA:0,(anonymous_4)
DA:2,5
DA:4,5
DA:5,5
DA:7,5
DA:8,0
DA:9,0
DA:10,0
DA:11,0
DA:13,0
DA:14,0
DA:16,0
DA:20,5
DA:21,0
DA:22,0
DA:23,0
DA:24,0
DA:26,0
DA:27,0
DA:29,0
DA:33,5
DA:34,0
DA:35,0
DA:36,0
DA:37,0
DA:38,0
DA:40,0
DA:41,0
DA:43,0
DA:47,5
DA:48,0
DA:49,0
DA:50,0
DA:51,0
DA:53,0
DA:54,0
DA:56,0
LF:36
LH:7
BRDA:10,0,0,0
BRDA:23,1,0,0
BRDA:37,2,0,0
BRDA:50,3,0,0
BRF:4
BRH:0
end_of_record
TN:
SF:src/controllers/products.controller.ts
FN:10,(anonymous_0)
FN:16,(anonymous_1)
FN:38,(anonymous_2)
FN:49,(anonymous_3)
FN:66,(anonymous_4)
FN:94,(anonymous_5)
FN:118,(anonymous_6)
FN:139,(anonymous_7)
FN:153,(anonymous_8)
FNF:9
FNH:6
FNDA:5,(anonymous_0)
FNDA:1,(anonymous_1)
FNDA:1,(anonymous_2)
FNDA:2,(anonymous_3)
FNDA:1,(anonymous_4)
FNDA:1,(anonymous_5)
FNDA:0,(anonymous_6)
FNDA:0,(anonymous_7)
FNDA:0,(anonymous_8)
DA:2,5
DA:4,5
DA:6,5
DA:11,5
DA:12,5
DA:16,5
DA:17,1
DA:18,1
DA:19,1
DA:20,1
DA:21,0
DA:23,1
DA:25,1
DA:26,0
DA:29,1
DA:31,1
DA:33,0
DA:38,5
DA:39,1
DA:40,1
DA:42,1
DA:44,0
DA:49,5
DA:50,2
DA:51,2
DA:52,2
DA:54,2
DA:56,1
DA:58,1
DA:59,1
DA:61,0
DA:66,5
DA:67,1
DA:68,1
DA:69,1
DA:70,1
DA:71,1
DA:72,0
DA:74,1
DA:76,1
DA:78,1
DA:80,0
DA:81,0
DA:83,0
DA:84,0
DA:86,0
DA:87,0
DA:89,0
DA:94,5
DA:95,1
DA:96,1
DA:97,1
DA:98,1
DA:99,0
DA:101,1
DA:103,1
DA:105,1
DA:107,0
DA:108,0
DA:110,0
DA:111,0
DA:113,0
DA:118,5
DA:119,0
DA:120,0
DA:121,0
DA:122,0
DA:123,0
DA:125,0
DA:127,0
DA:129,0
DA:131,0
DA:132,0
DA:134,0
DA:139,5
DA:140,0
DA:141,0
DA:142,0
DA:143,0
DA:145,0
DA:146,0
DA:148,0
DA:153,5
DA:154,0
DA:155,0
DA:156,0
DA:157,0
DA:159,0
DA:160,0
DA:162,0
LF:90
LH:46
BRDA:20,0,0,0
BRDA:25,1,0,0
BRDA:25,2,0,1
BRDA:25,2,1,1
BRDA:58,3,0,1
BRDA:71,4,0,0
BRDA:80,5,0,0
BRDA:83,6,0,0
BRDA:86,7,0,0
BRDA:98,8,0,0
BRDA:107,9,0,0
BRDA:110,10,0,0
BRDA:122,11,0,0
BRDA:131,12,0,0
BRDA:142,13,0,0
BRDA:156,14,0,0
BRF:16
BRH:3
end_of_record
TN:
SF:src/controllers/users.controller.ts
FN:7,(anonymous_0)
FN:11,(anonymous_1)
FN:36,(anonymous_2)
FN:56,(anonymous_3)
FN:75,(anonymous_4)
FN:96,(anonymous_5)
FN:129,(anonymous_6)
FN:153,(anonymous_7)
FN:175,(anonymous_8)
FN:192,(anonymous_9)
FNF:10
FNH:3
FNDA:5,(anonymous_0)
FNDA:2,(anonymous_1)
FNDA:14,(anonymous_2)
FNDA:0,(anonymous_3)
FNDA:0,(anonymous_4)
FNDA:0,(anonymous_5)
FNDA:0,(anonymous_6)
FNDA:0,(anonymous_7)
FNDA:0,(anonymous_8)
FNDA:0,(anonymous_9)
DA:2,5
DA:5,5
DA:7,5
DA:8,5
DA:11,5
DA:12,2
DA:13,2
DA:15,2
DA:16,0
DA:18,2
DA:19,0
DA:21,2
DA:22,0
DA:25,2
DA:26,1
DA:28,1
DA:29,1
DA:31,0
DA:36,5
DA:37,14
DA:38,14
DA:39,14
DA:40,0
DA:42,14
DA:43,13
DA:45,1
DA:46,1
DA:48,0
DA:49,0
DA:51,0
DA:56,5
DA:57,0
DA:58,0
DA:59,0
DA:60,0
DA:62,0
DA:70,0
DA:75,5
DA:76,0
DA:77,0
DA:78,0
DA:79,0
DA:81,0
DA:82,0
DA:83,0
DA:85,0
DA:86,0
DA:88,0
DA:89,0
DA:91,0
DA:96,5
DA:97,0
DA:98,0
DA:99,0
DA:100,0
DA:102,0
DA:103,0
DA:104,0
DA:106,0
DA:107,0
DA:109,0
DA:110,0
DA:112,0
DA:113,0
DA:115,0
DA:116,0
DA:118,0
DA:119,0
DA:121,0
DA:122,0
DA:124,0
DA:129,5
DA:130,0
DA:131,0
DA:132,0
DA:133,0
DA:135,0
DA:136,0
DA:137,0
DA:139,0
DA:140,0
DA:142,0
DA:143,0
DA:145,0
DA:146,0
DA:148,0
DA:153,5
DA:154,0
DA:155,0
DA:156,0
DA:157,0
DA:159,0
DA:160,0
DA:161,0
DA:163,0
DA:164,0
DA:169,0
DA:175,5
DA:176,0
DA:177,0
DA:178,0
DA:179,0
DA:181,0
DA:185,0
DA:187,0
DA:192,5
DA:193,0
DA:194,0
DA:195,0
DA:196,0
DA:198,0
DA:210,0
DA:212,0
LF:113
LH:29
BRDA:15,0,0,0
BRDA:15,1,0,2
BRDA:15,1,1,2
BRDA:15,1,2,2
BRDA:15,1,3,2
BRDA:18,2,0,0
BRDA:21,3,0,0
BRDA:28,4,0,1
BRDA:39,5,0,0
BRDA:39,6,0,14
BRDA:39,6,1,14
BRDA:45,7,0,1
BRDA:48,8,0,0
BRDA:59,9,0,0
BRDA:78,10,0,0
BRDA:82,11,0,0
BRDA:82,12,0,0
BRDA:82,12,1,0
BRDA:88,13,0,0
BRDA:99,14,0,0
BRDA:103,15,0,0
BRDA:103,16,0,0
BRDA:103,16,1,0
BRDA:103,16,2,0
BRDA:106,17,0,0
BRDA:109,18,0,0
BRDA:115,19,0,0
BRDA:118,20,0,0
BRDA:121,21,0,0
BRDA:132,22,0,0
BRDA:136,23,0,0
BRDA:136,24,0,0
BRDA:136,24,1,0
BRDA:142,25,0,0
BRDA:145,26,0,0
BRDA:156,27,0,0
BRDA:160,28,0,0
BRDA:178,29,0,0
BRDA:195,30,0,0
BRF:39
BRH:8
end_of_record
TN:
SF:src/dtos/product.dto.ts
FNF:0
FNH:0
DA:1,5
DA:3,5
DA:5,5
DA:8,5
DA:13,5
DA:16,5
DA:19,5
DA:23,5
DA:28,5
LF:9
LH:9
BRF:0
BRH:0
end_of_record
TN:
SF:src/errors/http-error.ts
FN:5,(anonymous_0)
FNF:1
FNH:0
FNDA:0,(anonymous_0)
DA:1,5
DA:6,0
DA:7,0
DA:8,0
LF:4
LH:1
BRF:0
BRH:0
end_of_record
TN:
SF:src/middlewares/auth.middleware.ts
FN:5,default_1
FNF:1
FNH:1
FNDA:10,default_1
DA:2,5
DA:3,5
DA:5,5
DA:6,10
DA:7,10
DA:8,10
DA:9,0
DA:12,10
DA:13,10
DA:14,0
DA:17,10
DA:18,10
DA:19,0
DA:22,10
DA:24,8
DA:25,0
DA:28,8
DA:30,8
DA:33,8
DA:34,0
DA:37,8
DA:38,8
DA:40,2
DA:41,0
DA:43,2
DA:44,0
DA:46,2
DA:47,2
DA:49,0
LF:29
LH:21
BRDA:8,0,0,0
BRDA:13,1,0,0
BRDA:18,2,0,0
BRDA:24,3,0,0
BRDA:24,4,0,8
BRDA:24,4,1,8
BRDA:24,4,2,8
BRDA:33,5,0,0
BRDA:40,6,0,0
BRDA:40,6,1,2
BRDA:43,7,0,0
BRDA:43,7,1,2
BRDA:46,8,0,2
BRF:13
BRH:6
end_of_record
TN:
SF:src/middlewares/optional-auth.middleware.ts
FN:8,default_1
FNF:1
FNH:1
FNDA:4,default_1
DA:2,5
DA:3,5
DA:8,5
DA:9,4
DA:10,4
DA:12,4
DA:13,4
DA:16,0
DA:18,0
DA:19,0
DA:22,0
DA:24,0
DA:25,0
DA:29,0
DA:31,0
DA:32,0
DA:35,0
DA:37,0
DA:41,0
DA:42,0
DA:46,0
DA:47,0
DA:51,0
DA:52,0
DA:54,0
LF:25
LH:7
BRDA:12,0,0,4
BRDA:18,1,0,0
BRDA:24,2,0,0
BRDA:31,3,0,0
BRDA:31,4,0,0
BRDA:31,4,1,0
BRDA:31,4,2,0
BRDA:41,5,0,0
BRDA:51,6,0,0
BRDA:51,7,0,0
BRDA:51,7,1,0
BRF:11
BRH:1
end_of_record
TN:
SF:src/middlewares/upload.middleware.ts
FN:7,(anonymous_1)
FN:10,(anonymous_2)
FNF:2
FNH:0
FNDA:0,(anonymous_1)
FNDA:0,(anonymous_2)
DA:2,5
DA:3,5
DA:6,5
DA:8,0
DA:11,0
DA:12,0
DA:13,0
DA:17,5
DA:19,5
LF:9
LH:5
BRF:0
BRH:0
end_of_record
TN:
SF:src/middlewares/validation.middleware.ts
FN:6,(anonymous_0)
FN:7,(anonymous_1)
FN:10,(anonymous_2)
FNF:3
FNH:2
FNDA:10,(anonymous_0)
FNDA:2,(anonymous_1)
FNDA:0,(anonymous_2)
DA:1,5
DA:2,5
DA:4,5
DA:6,5
DA:7,10
DA:8,2
DA:9,2
DA:10,0
DA:11,0
DA:13,2
LF:10
LH:8
BRDA:6,0,0,10
BRDA:9,1,0,0
BRDA:9,1,1,2
BRDA:10,2,0,0
BRDA:10,2,1,0
BRF:5
BRH:2
end_of_record
TN:
SF:src/repositories/articles.repository.ts
FN:4,(anonymous_0)
FN:5,(anonymous_1)
FN:9,(anonymous_2)
FN:29,(anonymous_3)
FN:47,(anonymous_4)
FN:51,(anonymous_5)
FN:58,(anonymous_6)
FN:62,(anonymous_7)
FN:73,(anonymous_8)
FN:82,(anonymous_9)
FNF:10
FNH:7
FNDA:5,(anonymous_0)
FNDA:1,(anonymous_1)
FNDA:1,(anonymous_2)
FNDA:2,(anonymous_3)
FNDA:4,(anonymous_4)
FNDA:1,(anonymous_5)
FNDA:1,(anonymous_6)
FNDA:0,(anonymous_7)
FNDA:0,(anonymous_8)
FNDA:0,(anonymous_9)
DA:1,5
DA:4,5
DA:5,5
DA:6,1
DA:9,5
DA:10,1
DA:29,5
DA:30,2
DA:47,5
DA:48,4
DA:51,5
DA:52,1
DA:58,5
DA:59,1
DA:62,5
DA:63,0
DA:73,5
DA:74,0
DA:82,5
DA:83,0
LF:20
LH:17
BRF:0
BRH:0
end_of_record
TN:
SF:src/repositories/comments.repository.ts
FN:5,(anonymous_0)
FN:7,(anonymous_1)
FN:11,(anonymous_2)
FN:25,(anonymous_3)
FN:29,(anonymous_4)
FN:43,(anonymous_5)
FN:51,(anonymous_6)
FN:59,(anonymous_7)
FN:63,(anonymous_8)
FN:70,(anonymous_9)
FNF:10
FNH:1
FNDA:5,(anonymous_0)
FNDA:0,(anonymous_1)
FNDA:0,(anonymous_2)
FNDA:0,(anonymous_3)
FNDA:0,(anonymous_4)
FNDA:0,(anonymous_5)
FNDA:0,(anonymous_6)
FNDA:0,(anonymous_7)
FNDA:0,(anonymous_8)
FNDA:0,(anonymous_9)
DA:1,5
DA:4,5
DA:7,5
DA:8,0
DA:11,5
DA:16,0
DA:25,5
DA:26,0
DA:29,5
DA:34,0
DA:43,5
DA:44,0
DA:51,5
DA:52,0
DA:59,5
DA:60,0
DA:63,5
DA:64,0
DA:70,5
DA:71,0
LF:20
LH:11
BRF:0
BRH:0
end_of_record
TN:
SF:src/repositories/notifications.repository.ts
FN:4,(anonymous_0)
FN:5,(anonymous_1)
FN:23,(anonymous_2)
FN:30,(anonymous_3)
FN:36,(anonymous_4)
FN:43,(anonymous_5)
FNF:6
FNH:1
FNDA:5,(anonymous_0)
FNDA:0,(anonymous_1)
FNDA:0,(anonymous_2)
FNDA:0,(anonymous_3)
FNDA:0,(anonymous_4)
FNDA:0,(anonymous_5)
DA:1,6
DA:4,6
DA:5,5
DA:12,0
DA:23,5
DA:24,0
DA:30,5
DA:31,0
DA:36,5
DA:37,0
DA:43,5
DA:44,0
LF:12
LH:7
BRF:0
BRH:0
end_of_record
TN:
SF:src/repositories/products.repository.ts
FN:4,(anonymous_0)
FN:5,(anonymous_1)
FN:9,(anonymous_2)
FN:30,(anonymous_3)
FN:49,(anonymous_4)
FN:53,(anonymous_5)
FN:60,(anonymous_6)
FN:64,(anonymous_7)
FN:75,(anonymous_8)
FN:84,(anonymous_9)
FN:95,(anonymous_10)
FN:104,(anonymous_11)
FN:132,(anonymous_12)
FNF:13
FNH:8
FNDA:5,(anonymous_0)
FNDA:1,(anonymous_1)
FNDA:1,(anonymous_2)
FNDA:2,(anonymous_3)
FNDA:2,(anonymous_4)
FNDA:1,(anonymous_5)
FNDA:1,(anonymous_6)
FNDA:0,(anonymous_7)
FNDA:0,(anonymous_8)
FNDA:0,(anonymous_9)
FNDA:0,(anonymous_10)
FNDA:0,(anonymous_11)
FNDA:1,(anonymous_12)
DA:1,5
DA:4,5
DA:5,5
DA:6,1
DA:9,5
DA:10,1
DA:30,5
DA:31,2
DA:49,5
DA:50,2
DA:53,5
DA:54,1
DA:60,5
DA:61,1
DA:64,5
DA:65,0
DA:75,5
DA:76,0
DA:84,5
DA:85,0
DA:95,5
DA:96,0
DA:104,5
DA:105,0
DA:132,5
DA:133,1
LF:26
LH:21
BRF:0
BRH:0
end_of_record
TN:
SF:src/repositories/users.repository.ts
FN:4,(anonymous_0)
FN:5,(anonymous_1)
FN:14,(anonymous_2)
FN:19,(anonymous_3)
FN:24,(anonymous_4)
FN:31,(anonymous_5)
FN:41,(anonymous_6)
FN:51,(anonymous_7)
FN:67,(anonymous_8)
FN:75,(anonymous_9)
FN:81,(anonymous_10)
FNF:11
FNH:5
FNDA:11,(anonymous_0)
FNDA:21,(anonymous_1)
FNDA:14,(anonymous_2)
FNDA:0,(anonymous_3)
FNDA:20,(anonymous_4)
FNDA:13,(anonymous_5)
FNDA:0,(anonymous_6)
FNDA:0,(anonymous_7)
FNDA:0,(anonymous_8)
FNDA:0,(anonymous_9)
FNDA:0,(anonymous_10)
DA:1,5
DA:4,5
DA:5,11
DA:6,21
DA:11,21
DA:14,11
DA:15,14
DA:16,14
DA:19,11
DA:20,0
DA:21,0
DA:24,11
DA:25,20
DA:28,20
DA:31,11
DA:32,13
DA:38,13
DA:41,11
DA:42,0
DA:48,0
DA:51,11
DA:52,0
DA:64,0
DA:67,11
DA:68,0
DA:72,0
DA:75,11
DA:76,0
DA:81,11
DA:82,0
DA:86,0
LF:31
LH:20
BRF:0
BRH:0
end_of_record
TN:
SF:src/routes/articles.router.ts
FNF:0
FNH:0
DA:1,5
DA:2,5
DA:3,5
DA:4,5
DA:6,5
DA:7,5
DA:10,5
DA:13,5
DA:16,5
DA:19,5
DA:22,5
DA:25,5
DA:27,5
LF:13
LH:13
BRF:0
BRH:0
end_of_record
TN:
SF:src/routes/comments.router.ts
FNF:0
FNH:0
DA:1,5
DA:2,5
DA:3,5
DA:5,5
DA:6,5
DA:9,5
DA:12,5
DA:15,5
DA:18,5
DA:21,5
DA:24,5
DA:26,5
LF:12
LH:12
BRF:0
BRH:0
end_of_record
TN:
SF:src/routes/notifications.router.ts
FNF:0
FNH:0
DA:1,5
DA:2,5
DA:3,5
DA:5,5
DA:6,5
DA:9,5
DA:12,5
DA:15,5
DA:18,5
DA:20,5
LF:10
LH:10
BRF:0
BRH:0
end_of_record
TN:
SF:src/routes/products.router.ts
FNF:0
FNH:0
DA:1,5
DA:2,5
DA:3,5
DA:4,5
DA:5,5
DA:6,5
DA:8,5
DA:9,5
DA:12,5
DA:15,5
DA:18,5
DA:21,5
DA:24,5
DA:27,5
DA:29,5
LF:15
LH:15
BRF:0
BRH:0
end_of_record
TN:
SF:src/routes/users.router.ts
FNF:0
FNH:0
DA:1,5
DA:2,5
DA:3,5
DA:4,5
DA:6,5
DA:7,5
DA:10,5
DA:13,5
DA:16,5
DA:19,5
DA:22,5
DA:25,5
DA:28,5
DA:31,5
DA:34,5
DA:36,5
LF:16
LH:16
BRF:0
BRH:0
end_of_record
TN:
SF:src/services/articles.service.ts
FN:5,(anonymous_0)
FN:8,(anonymous_1)
FN:20,(anonymous_2)
FN:25,(anonymous_3)
FN:45,(anonymous_4)
FN:73,(anonymous_5)
FN:89,(anonymous_6)
FNF:7
FNH:6
FNDA:5,(anonymous_0)
FNDA:1,(anonymous_1)
FNDA:1,(anonymous_2)
FNDA:2,(anonymous_3)
FNDA:2,(anonymous_4)
FNDA:2,(anonymous_5)
FNDA:0,(anonymous_6)
DA:1,5
DA:5,5
DA:6,5
DA:8,5
DA:9,1
DA:10,1
DA:17,1
DA:20,5
DA:21,1
DA:22,1
DA:25,5
DA:26,2
DA:27,2
DA:28,1
DA:29,1
DA:30,1
DA:33,1
DA:34,1
DA:35,0
DA:36,0
DA:37,0
DA:41,1
DA:42,1
DA:45,5
DA:46,2
DA:47,2
DA:48,2
DA:49,0
DA:50,0
DA:51,0
DA:53,2
DA:54,1
DA:55,1
DA:56,1
DA:59,1
DA:60,0
DA:61,0
DA:62,0
DA:65,1
DA:66,1
DA:67,1
DA:69,1
DA:70,1
DA:73,5
DA:74,2
DA:75,2
DA:76,0
DA:77,0
DA:78,0
DA:80,2
DA:81,1
DA:82,1
DA:83,1
DA:86,1
DA:89,5
DA:90,0
DA:91,0
DA:92,0
DA:93,0
DA:94,0
DA:97,0
DA:99,0
DA:100,0
DA:101,0
DA:103,0
DA:104,0
LF:66
LH:43
BRDA:27,0,0,1
BRDA:34,1,0,0
BRDA:36,2,0,0
BRDA:48,3,0,0
BRDA:53,4,0,1
BRDA:59,5,0,0
BRDA:59,6,0,1
BRDA:59,6,1,0
BRDA:66,7,0,1
BRDA:67,8,0,1
BRDA:75,9,0,0
BRDA:80,10,0,1
BRDA:91,11,0,0
BRDA:99,12,0,0
BRDA:99,12,1,0
BRF:15
BRH:6
end_of_record
TN:
SF:src/services/comments.service.ts
FN:6,(anonymous_0)
FN:10,(anonymous_1)
FN:45,(anonymous_2)
FN:68,(anonymous_3)
FN:80,(anonymous_4)
FN:92,(anonymous_5)
FN:116,(anonymous_6)
FNF:7
FNH:1
FNDA:5,(anonymous_0)
FNDA:0,(anonymous_1)
FNDA:0,(anonymous_2)
FNDA:0,(anonymous_3)
FNDA:0,(anonymous_4)
FNDA:0,(anonymous_5)
FNDA:0,(anonymous_6)
DA:1,5
DA:2,5
DA:3,5
DA:6,5
DA:7,5
DA:8,5
DA:10,5
DA:11,0
DA:12,0
DA:13,0
DA:14,0
DA:15,0
DA:18,0
DA:19,0
DA:20,0
DA:21,0
DA:22,0
DA:25,0
DA:32,0
DA:33,0
DA:42,0
DA:45,5
DA:46,0
DA:47,0
DA:48,0
DA:49,0
DA:50,0
DA:53,0
DA:54,0
DA:55,0
DA:56,0
DA:57,0
DA:60,0
DA:65,0
DA:68,5
DA:69,0
DA:70,0
DA:71,0
DA:72,0
DA:73,0
DA:76,0
DA:77,0
DA:80,5
DA:81,0
DA:82,0
DA:83,0
DA:84,0
DA:85,0
DA:88,0
DA:89,0
DA:92,5
DA:93,0
DA:94,0
DA:95,0
DA:96,0
DA:97,0
DA:98,0
DA:100,0
DA:101,0
DA:102,0
DA:103,0
DA:106,0
DA:107,0
DA:108,0
DA:109,0
DA:112,0
DA:113,0
DA:116,5
DA:117,0
DA:118,0
DA:119,0
DA:120,0
DA:121,0
DA:123,0
DA:124,0
DA:125,0
DA:126,0
DA:129,0
LF:78
LH:12
BRDA:12,0,0,0
BRDA:19,1,0,0
BRDA:32,2,0,0
BRDA:47,3,0,0
BRDA:54,4,0,0
BRDA:70,5,0,0
BRDA:82,6,0,0
BRDA:95,7,0,0
BRDA:100,8,0,0
BRDA:106,9,0,0
BRDA:118,10,0,0
BRDA:123,11,0,0
BRF:12
BRH:0
end_of_record
TN:
SF:src/services/notifications.service.ts
FN:12,(anonymous_0)
FN:25,(anonymous_1)
FN:48,(anonymous_2)
FN:52,(anonymous_3)
FN:56,(anonymous_4)
FN:65,(anonymous_5)
FN:14,(anonymous_6)
FN:21,(anonymous_7)
FNF:8
FNH:3
FNDA:5,(anonymous_0)
FNDA:0,(anonymous_1)
FNDA:0,(anonymous_2)
FNDA:0,(anonymous_3)
FNDA:0,(anonymous_4)
FNDA:0,(anonymous_5)
FNDA:20,(anonymous_6)
FNDA:5,(anonymous_7)
DA:1,6
DA:5,6
DA:7,5
DA:15,20
DA:16,5
DA:18,20
DA:22,5
DA:25,5
DA:32,0
DA:41,0
DA:42,0
DA:45,0
DA:48,5
DA:49,0
DA:52,5
DA:53,0
DA:56,5
DA:57,0
DA:59,0
DA:60,0
DA:62,0
DA:65,5
DA:66,0
DA:68,0
DA:69,0
DA:71,0
LF:26
LH:12
BRDA:41,0,0,0
BRDA:59,1,0,0
BRDA:68,2,0,0
BRDA:15,3,0,5
BRF:4
BRH:1
end_of_record
TN:
SF:src/services/products.service.ts
FN:10,(anonymous_0)
FN:14,(anonymous_1)
FN:27,(anonymous_2)
FN:32,(anonymous_3)
FN:52,(anonymous_4)
FN:83,(anonymous_5)
FN:98,(anonymous_6)
FN:114,(anonymous_7)
FN:133,(anonymous_8)
FN:138,(anonymous_9)
FNF:10
FNH:10
FNDA:24,(anonymous_0)
FNDA:2,(anonymous_1)
FNDA:2,(anonymous_2)
FNDA:7,(anonymous_3)
FNDA:9,(anonymous_4)
FNDA:1,(anonymous_5)
FNDA:6,(anonymous_6)
FNDA:4,(anonymous_7)
FNDA:1,(anonymous_8)
FNDA:1,(anonymous_9)
DA:2,6
DA:3,6
DA:6,6
DA:8,24
DA:11,24
DA:14,24
DA:15,2
DA:16,2
DA:24,2
DA:27,24
DA:28,2
DA:29,2
DA:32,24
DA:33,7
DA:34,7
DA:35,3
DA:36,3
DA:37,3
DA:40,4
DA:41,4
DA:42,2
DA:43,2
DA:44,1
DA:48,4
DA:49,4
DA:52,24
DA:53,9
DA:54,9
DA:55,9
DA:56,2
DA:57,2
DA:58,2
DA:60,7
DA:61,2
DA:62,2
DA:63,2
DA:66,5
DA:67,2
DA:68,2
DA:69,2
DA:72,3
DA:73,3
DA:74,3
DA:75,3
DA:77,3
DA:80,3
DA:81,3
DA:83,3
DA:84,1
DA:92,3
DA:95,3
DA:98,24
DA:99,6
DA:100,6
DA:101,2
DA:102,2
DA:103,2
DA:105,4
DA:106,2
DA:107,2
DA:108,2
DA:111,2
DA:114,24
DA:115,4
DA:116,4
DA:117,2
DA:118,2
DA:119,2
DA:122,2
DA:124,2
DA:125,1
DA:126,1
DA:128,1
DA:129,1
DA:133,24
DA:134,1
DA:135,1
DA:138,24
DA:139,1
DA:140,1
LF:80
LH:80
BRDA:34,0,0,3
BRDA:41,1,0,2
BRDA:43,2,0,1
BRDA:55,3,0,2
BRDA:60,4,0,2
BRDA:66,5,0,2
BRDA:66,6,0,5
BRDA:66,6,1,3
BRDA:66,6,2,3
BRDA:73,7,0,2
BRDA:74,8,0,1
BRDA:75,9,0,3
BRDA:80,10,0,3
BRDA:80,11,0,3
BRDA:80,11,1,3
BRDA:100,12,0,2
BRDA:105,13,0,2
BRDA:116,14,0,2
BRDA:124,15,0,1
BRDA:124,15,1,1
BRF:20
BRH:20
end_of_record
TN:
SF:src/services/users.service.ts
FN:7,(anonymous_1)
FN:10,(anonymous_2)
FN:36,(anonymous_3)
FN:73,(anonymous_4)
FN:93,(anonymous_5)
FN:122,(anonymous_6)
FN:166,(anonymous_7)
FNF:7
FNH:3
FNDA:11,(anonymous_1)
FNDA:21,(anonymous_2)
FNDA:14,(anonymous_3)
FNDA:0,(anonymous_4)
FNDA:0,(anonymous_5)
FNDA:0,(anonymous_6)
FNDA:0,(anonymous_7)
DA:1,5
DA:2,5
DA:3,5
DA:7,5
DA:8,11
DA:10,11
DA:11,21
DA:12,21
DA:13,21
DA:14,1
DA:15,1
DA:16,1
DA:19,20
DA:21,20
DA:27,20
DA:36,11
DA:37,14
DA:38,14
DA:39,14
DA:40,1
DA:41,1
DA:42,1
DA:45,13
DA:46,13
DA:47,0
DA:48,0
DA:49,0
DA:52,13
DA:53,13
DA:54,13
DA:55,0
DA:56,0
DA:57,0
DA:60,13
DA:64,13
DA:68,13
DA:70,13
DA:73,11
DA:74,0
DA:75,0
DA:76,0
DA:77,0
DA:78,0
DA:79,0
DA:80,0
DA:84,0
DA:85,0
DA:86,0
DA:88,0
DA:90,0
DA:93,11
DA:94,0
DA:95,0
DA:96,0
DA:98,0
DA:99,0
DA:100,0
DA:103,0
DA:104,0
DA:105,0
DA:106,0
DA:107,0
DA:110,0
DA:111,0
DA:112,0
DA:113,0
DA:116,0
DA:118,0
DA:119,0
DA:122,11
DA:123,0
DA:124,0
DA:125,0
DA:126,0
DA:127,0
DA:128,0
DA:131,0
DA:132,0
DA:133,0
DA:134,0
DA:135,0
DA:136,0
DA:139,0
DA:140,0
DA:141,0
DA:142,0
DA:143,0
DA:146,0
DA:147,0
DA:148,0
DA:149,0
DA:150,0
DA:153,0
DA:157,0
DA:160,0
DA:161,0
DA:162,0
DA:166,11
DA:167,0
DA:168,0
LF:100
LH:35
BRDA:13,0,0,1
BRDA:39,1,0,1
BRDA:46,2,0,0
BRDA:54,3,0,0
BRDA:54,4,0,13
BRDA:54,4,1,13
BRDA:75,5,0,0
BRDA:77,6,0,0
BRDA:85,7,0,0
BRDA:86,8,0,0
BRDA:96,9,0,0
BRDA:104,10,0,0
BRDA:110,11,0,0
BRDA:125,12,0,0
BRDA:125,13,0,0
BRDA:125,13,1,0
BRDA:133,14,0,0
BRDA:133,15,0,0
BRDA:133,15,1,0
BRDA:133,15,2,0
BRDA:140,16,0,0
BRDA:147,17,0,0
BRF:22
BRH:4
end_of_record
TN:
SF:src/utils/prisma.util.ts
FNF:0
FNH:0
DA:1,6
DA:3,6
LF:2
LH:2
BRF:0
BRH:0
end_of_record
