{"/Users/apple/4-sprint-mission/8/src/app.ts": {"path":"/Users/apple/4-sprint-mission/8/src/app.ts","statementMap":{"0":{"start":{"line":47,"column":0},"end":{"line":47,"column":16}},"1":{"start":{"line":1,"column":0},"end":{"line":1,"column":30}},"2":{"start":{"line":2,"column":0},"end":{"line":2,"column":41}},"3":{"start":{"line":3,"column":0},"end":{"line":3,"column":24}},"4":{"start":{"line":4,"column":0},"end":{"line":4,"column":35}},"5":{"start":{"line":6,"column":0},"end":{"line":6,"column":52}},"6":{"start":{"line":7,"column":0},"end":{"line":7,"column":52}},"7":{"start":{"line":8,"column":0},"end":{"line":8,"column":48}},"8":{"start":{"line":9,"column":0},"end":{"line":9,"column":50}},"9":{"start":{"line":10,"column":0},"end":{"line":10,"column":46}},"10":{"start":{"line":11,"column":0},"end":{"line":11,"column":62}},"11":{"start":{"line":13,"column":12},"end":{"line":13,"column":21}},"12":{"start":{"line":14,"column":15},"end":{"line":14,"column":37}},"13":{"start":{"line":16,"column":0},"end":{"line":16,"column":24}},"14":{"start":{"line":17,"column":0},"end":{"line":17,"column":24}},"15":{"start":{"line":19,"column":0},"end":{"line":19,"column":35}},"16":{"start":{"line":20,"column":0},"end":{"line":20,"column":35}},"17":{"start":{"line":21,"column":0},"end":{"line":21,"column":30}},"18":{"start":{"line":22,"column":0},"end":{"line":22,"column":34}},"19":{"start":{"line":23,"column":0},"end":{"line":23,"column":47}},"20":{"start":{"line":24,"column":0},"end":{"line":24,"column":29}},"21":{"start":{"line":25,"column":0},"end":{"line":25,"column":53}},"22":{"start":{"line":27,"column":13},"end":{"line":32,"column":3}},"23":{"start":{"line":34,"column":0},"end":{"line":45,"column":3}},"24":{"start":{"line":35,"column":2},"end":{"line":35,"column":27}},"25":{"start":{"line":37,"column":2},"end":{"line":40,"column":5}},"26":{"start":{"line":38,"column":4},"end":{"line":38,"column":34}},"27":{"start":{"line":39,"column":4},"end":{"line":39,"column":40}},"28":{"start":{"line":42,"column":2},"end":{"line":44,"column":5}},"29":{"start":{"line":43,"column":4},"end":{"line":43,"column":32}},"30":{"start":{"line":48,"column":2},"end":{"line":48,"column":60}},"31":{"start":{"line":51,"column":13},"end":{"line":51,"column":45}},"32":{"start":{"line":57,"column":0},"end":{"line":57,"column":19}}},"fnMap":{"0":{"name":"(anonymous_1)","decl":{"start":{"line":34,"column":20},"end":{"line":34,"column":21}},"loc":{"start":{"line":34,"column":31},"end":{"line":45,"column":1}}},"1":{"name":"(anonymous_2)","decl":{"start":{"line":37,"column":20},"end":{"line":37,"column":21}},"loc":{"start":{"line":37,"column":39},"end":{"line":40,"column":3}}},"2":{"name":"(anonymous_3)","decl":{"start":{"line":42,"column":26},"end":{"line":42,"column":29}},"loc":{"start":{"line":42,"column":31},"end":{"line":44,"column":3}}},"3":{"name":"sendNotification","decl":{"start":{"line":47,"column":16},"end":{"line":47,"column":32}},"loc":{"start":{"line":47,"column":64},"end":{"line":49,"column":1}}}},"branchMap":{"0":{"loc":{"start":{"line":51,"column":13},"end":{"line":51,"column":45}},"type":"binary-expr","locations":[{"start":{"line":51,"column":13},"end":{"line":51,"column":37}},{"start":{"line":51,"column":41},"end":{"line":51,"column":45}}]}},"s":{"0":3,"1":3,"2":3,"3":3,"4":3,"5":3,"6":3,"7":3,"8":3,"9":3,"10":3,"11":3,"12":3,"13":3,"14":3,"15":3,"16":3,"17":3,"18":3,"19":3,"20":3,"21":3,"22":3,"23":3,"24":0,"25":0,"26":0,"27":0,"28":0,"29":0,"30":0,"31":3,"32":3},"f":{"0":0,"1":0,"2":0,"3":0},"b":{"0":[3,0]}}
,"/Users/apple/4-sprint-mission/8/src/controllers/article_controller.ts": {"path":"/Users/apple/4-sprint-mission/8/src/controllers/article_controller.ts","statementMap":{"0":{"start":{"line":21,"column":0},"end":{"line":21,"column":7}},"1":{"start":{"line":43,"column":0},"end":{"line":43,"column":7}},"2":{"start":{"line":64,"column":0},"end":{"line":64,"column":7}},"3":{"start":{"line":85,"column":0},"end":{"line":85,"column":7}},"4":{"start":{"line":108,"column":0},"end":{"line":108,"column":7}},"5":{"start":{"line":2,"column":0},"end":{"line":2,"column":null}},"6":{"start":{"line":9,"column":0},"end":{"line":9,"column":42}},"7":{"start":{"line":25,"column":2},"end":{"line":40,"column":3}},"8":{"start":{"line":26,"column":31},"end":{"line":26,"column":39}},"9":{"start":{"line":27,"column":17},"end":{"line":27,"column":25}},"10":{"start":{"line":29,"column":4},"end":{"line":31,"column":5}},"11":{"start":{"line":30,"column":6},"end":{"line":30,"column":62}},"12":{"start":{"line":32,"column":19},"end":{"line":32,"column":71}},"13":{"start":{"line":33,"column":4},"end":{"line":33,"column":33}},"14":{"start":{"line":35,"column":4},"end":{"line":39,"column":5}},"15":{"start":{"line":36,"column":6},"end":{"line":36,"column":60}},"16":{"start":{"line":38,"column":6},"end":{"line":38,"column":49}},"17":{"start":{"line":47,"column":2},"end":{"line":61,"column":3}},"18":{"start":{"line":48,"column":15},"end":{"line":48,"column":38}},"19":{"start":{"line":49,"column":17},"end":{"line":49,"column":25}},"20":{"start":{"line":50,"column":4},"end":{"line":52,"column":5}},"21":{"start":{"line":51,"column":6},"end":{"line":51,"column":62}},"22":{"start":{"line":53,"column":4},"end":{"line":53,"column":45}},"23":{"start":{"line":54,"column":4},"end":{"line":54,"column":55}},"24":{"start":{"line":56,"column":4},"end":{"line":60,"column":5}},"25":{"start":{"line":57,"column":6},"end":{"line":57,"column":60}},"26":{"start":{"line":59,"column":6},"end":{"line":59,"column":49}},"27":{"start":{"line":68,"column":2},"end":{"line":82,"column":3}},"28":{"start":{"line":69,"column":15},"end":{"line":69,"column":38}},"29":{"start":{"line":70,"column":17},"end":{"line":70,"column":25}},"30":{"start":{"line":71,"column":4},"end":{"line":73,"column":5}},"31":{"start":{"line":72,"column":6},"end":{"line":72,"column":62}},"32":{"start":{"line":74,"column":19},"end":{"line":74,"column":60}},"33":{"start":{"line":75,"column":4},"end":{"line":75,"column":21}},"34":{"start":{"line":77,"column":4},"end":{"line":81,"column":5}},"35":{"start":{"line":78,"column":6},"end":{"line":78,"column":60}},"36":{"start":{"line":80,"column":6},"end":{"line":80,"column":49}},"37":{"start":{"line":89,"column":2},"end":{"line":105,"column":3}},"38":{"start":{"line":90,"column":19},"end":{"line":90,"column":52}},"39":{"start":{"line":91,"column":18},"end":{"line":91,"column":51}},"40":{"start":{"line":92,"column":19},"end":{"line":92,"column":53}},"41":{"start":{"line":93,"column":17},"end":{"line":93,"column":25}},"42":{"start":{"line":94,"column":4},"end":{"line":96,"column":5}},"43":{"start":{"line":95,"column":6},"end":{"line":95,"column":62}},"44":{"start":{"line":97,"column":19},"end":{"line":97,"column":75}},"45":{"start":{"line":98,"column":4},"end":{"line":98,"column":21}},"46":{"start":{"line":100,"column":4},"end":{"line":104,"column":5}},"47":{"start":{"line":101,"column":6},"end":{"line":101,"column":60}},"48":{"start":{"line":103,"column":6},"end":{"line":103,"column":49}},"49":{"start":{"line":112,"column":2},"end":{"line":131,"column":3}},"50":{"start":{"line":113,"column":15},"end":{"line":113,"column":38}},"51":{"start":{"line":114,"column":17},"end":{"line":114,"column":25}},"52":{"start":{"line":115,"column":31},"end":{"line":115,"column":39}},"53":{"start":{"line":116,"column":53},"end":{"line":116,"column":55}},"54":{"start":{"line":118,"column":4},"end":{"line":118,"column":40}},"55":{"start":{"line":118,"column":15},"end":{"line":118,"column":40}},"56":{"start":{"line":119,"column":4},"end":{"line":119,"column":46}},"57":{"start":{"line":119,"column":17},"end":{"line":119,"column":46}},"58":{"start":{"line":120,"column":4},"end":{"line":122,"column":5}},"59":{"start":{"line":121,"column":6},"end":{"line":121,"column":62}},"60":{"start":{"line":123,"column":19},"end":{"line":123,"column":71}},"61":{"start":{"line":124,"column":4},"end":{"line":124,"column":21}},"62":{"start":{"line":126,"column":4},"end":{"line":130,"column":5}},"63":{"start":{"line":127,"column":6},"end":{"line":127,"column":60}},"64":{"start":{"line":129,"column":6},"end":{"line":129,"column":49}}},"fnMap":{"0":{"name":"createArticleController","decl":{"start":{"line":21,"column":22},"end":{"line":21,"column":45}},"loc":{"start":{"line":23,"column":15},"end":{"line":41,"column":1}}},"1":{"name":"deleteArticleController","decl":{"start":{"line":43,"column":22},"end":{"line":43,"column":45}},"loc":{"start":{"line":45,"column":15},"end":{"line":62,"column":1}}},"2":{"name":"getArticleByIdController","decl":{"start":{"line":64,"column":22},"end":{"line":64,"column":46}},"loc":{"start":{"line":66,"column":15},"end":{"line":83,"column":1}}},"3":{"name":"getArticleController","decl":{"start":{"line":85,"column":22},"end":{"line":85,"column":42}},"loc":{"start":{"line":87,"column":15},"end":{"line":106,"column":1}}},"4":{"name":"updateArticleController","decl":{"start":{"line":108,"column":22},"end":{"line":108,"column":45}},"loc":{"start":{"line":110,"column":15},"end":{"line":132,"column":1}}}},"branchMap":{"0":{"loc":{"start":{"line":29,"column":4},"end":{"line":31,"column":5}},"type":"if","locations":[{"start":{"line":29,"column":4},"end":{"line":31,"column":5}},{"start":{},"end":{}}]},"1":{"loc":{"start":{"line":35,"column":4},"end":{"line":39,"column":5}},"type":"if","locations":[{"start":{"line":35,"column":4},"end":{"line":39,"column":5}},{"start":{"line":37,"column":11},"end":{"line":39,"column":5}}]},"2":{"loc":{"start":{"line":50,"column":4},"end":{"line":52,"column":5}},"type":"if","locations":[{"start":{"line":50,"column":4},"end":{"line":52,"column":5}},{"start":{},"end":{}}]},"3":{"loc":{"start":{"line":56,"column":4},"end":{"line":60,"column":5}},"type":"if","locations":[{"start":{"line":56,"column":4},"end":{"line":60,"column":5}},{"start":{"line":58,"column":11},"end":{"line":60,"column":5}}]},"4":{"loc":{"start":{"line":71,"column":4},"end":{"line":73,"column":5}},"type":"if","locations":[{"start":{"line":71,"column":4},"end":{"line":73,"column":5}},{"start":{},"end":{}}]},"5":{"loc":{"start":{"line":77,"column":4},"end":{"line":81,"column":5}},"type":"if","locations":[{"start":{"line":77,"column":4},"end":{"line":81,"column":5}},{"start":{"line":79,"column":11},"end":{"line":81,"column":5}}]},"6":{"loc":{"start":{"line":90,"column":28},"end":{"line":90,"column":51}},"type":"binary-expr","locations":[{"start":{"line":90,"column":28},"end":{"line":90,"column":44}},{"start":{"line":90,"column":48},"end":{"line":90,"column":51}}]},"7":{"loc":{"start":{"line":91,"column":27},"end":{"line":91,"column":50}},"type":"binary-expr","locations":[{"start":{"line":91,"column":27},"end":{"line":91,"column":42}},{"start":{"line":91,"column":46},"end":{"line":91,"column":50}}]},"8":{"loc":{"start":{"line":92,"column":19},"end":{"line":92,"column":53}},"type":"binary-expr","locations":[{"start":{"line":92,"column":19},"end":{"line":92,"column":47}},{"start":{"line":92,"column":51},"end":{"line":92,"column":53}}]},"9":{"loc":{"start":{"line":94,"column":4},"end":{"line":96,"column":5}},"type":"if","locations":[{"start":{"line":94,"column":4},"end":{"line":96,"column":5}},{"start":{},"end":{}}]},"10":{"loc":{"start":{"line":100,"column":4},"end":{"line":104,"column":5}},"type":"if","locations":[{"start":{"line":100,"column":4},"end":{"line":104,"column":5}},{"start":{"line":102,"column":11},"end":{"line":104,"column":5}}]},"11":{"loc":{"start":{"line":118,"column":4},"end":{"line":118,"column":40}},"type":"if","locations":[{"start":{"line":118,"column":4},"end":{"line":118,"column":40}},{"start":{},"end":{}}]},"12":{"loc":{"start":{"line":119,"column":4},"end":{"line":119,"column":46}},"type":"if","locations":[{"start":{"line":119,"column":4},"end":{"line":119,"column":46}},{"start":{},"end":{}}]},"13":{"loc":{"start":{"line":120,"column":4},"end":{"line":122,"column":5}},"type":"if","locations":[{"start":{"line":120,"column":4},"end":{"line":122,"column":5}},{"start":{},"end":{}}]},"14":{"loc":{"start":{"line":126,"column":4},"end":{"line":130,"column":5}},"type":"if","locations":[{"start":{"line":126,"column":4},"end":{"line":130,"column":5}},{"start":{"line":128,"column":11},"end":{"line":130,"column":5}}]}},"s":{"0":3,"1":3,"2":3,"3":3,"4":3,"5":3,"6":3,"7":1,"8":1,"9":1,"10":1,"11":0,"12":1,"13":1,"14":0,"15":0,"16":0,"17":1,"18":1,"19":1,"20":1,"21":0,"22":1,"23":1,"24":0,"25":0,"26":0,"27":1,"28":1,"29":1,"30":1,"31":0,"32":1,"33":0,"34":1,"35":1,"36":0,"37":1,"38":1,"39":1,"40":1,"41":1,"42":1,"43":0,"44":1,"45":1,"46":0,"47":0,"48":0,"49":1,"50":1,"51":1,"52":1,"53":1,"54":1,"55":1,"56":1,"57":0,"58":1,"59":0,"60":1,"61":1,"62":0,"63":0,"64":0},"f":{"0":1,"1":1,"2":1,"3":1,"4":1},"b":{"0":[0,1],"1":[0,0],"2":[0,1],"3":[0,0],"4":[0,1],"5":[1,0],"6":[1,1],"7":[1,1],"8":[1,1],"9":[0,1],"10":[0,0],"11":[1,0],"12":[0,1],"13":[0,1],"14":[0,0]}}
,"/Users/apple/4-sprint-mission/8/src/controllers/comment_controller.ts": {"path":"/Users/apple/4-sprint-mission/8/src/controllers/comment_controller.ts","statementMap":{"0":{"start":{"line":25,"column":0},"end":{"line":25,"column":7}},"1":{"start":{"line":43,"column":0},"end":{"line":43,"column":7}},"2":{"start":{"line":60,"column":0},"end":{"line":60,"column":7}},"3":{"start":{"line":81,"column":0},"end":{"line":81,"column":7}},"4":{"start":{"line":97,"column":0},"end":{"line":97,"column":7}},"5":{"start":{"line":113,"column":0},"end":{"line":113,"column":7}},"6":{"start":{"line":2,"column":0},"end":{"line":2,"column":null}},"7":{"start":{"line":10,"column":0},"end":{"line":10,"column":42}},"8":{"start":{"line":29,"column":2},"end":{"line":40,"column":3}},"9":{"start":{"line":30,"column":15},"end":{"line":30,"column":38}},"10":{"start":{"line":31,"column":24},"end":{"line":31,"column":32}},"11":{"start":{"line":32,"column":17},"end":{"line":32,"column":25}},"12":{"start":{"line":33,"column":4},"end":{"line":35,"column":5}},"13":{"start":{"line":34,"column":6},"end":{"line":34,"column":62}},"14":{"start":{"line":36,"column":19},"end":{"line":36,"column":75}},"15":{"start":{"line":37,"column":4},"end":{"line":37,"column":33}},"16":{"start":{"line":39,"column":4},"end":{"line":39,"column":44}},"17":{"start":{"line":47,"column":2},"end":{"line":58,"column":3}},"18":{"start":{"line":48,"column":15},"end":{"line":48,"column":38}},"19":{"start":{"line":49,"column":24},"end":{"line":49,"column":32}},"20":{"start":{"line":50,"column":17},"end":{"line":50,"column":25}},"21":{"start":{"line":51,"column":4},"end":{"line":53,"column":5}},"22":{"start":{"line":52,"column":6},"end":{"line":52,"column":62}},"23":{"start":{"line":54,"column":19},"end":{"line":54,"column":75}},"24":{"start":{"line":55,"column":4},"end":{"line":55,"column":33}},"25":{"start":{"line":57,"column":4},"end":{"line":57,"column":44}},"26":{"start":{"line":64,"column":2},"end":{"line":78,"column":3}},"27":{"start":{"line":65,"column":22},"end":{"line":65,"column":52}},"28":{"start":{"line":66,"column":17},"end":{"line":66,"column":25}},"29":{"start":{"line":67,"column":4},"end":{"line":69,"column":5}},"30":{"start":{"line":68,"column":6},"end":{"line":68,"column":62}},"31":{"start":{"line":70,"column":4},"end":{"line":70,"column":52}},"32":{"start":{"line":71,"column":4},"end":{"line":71,"column":24}},"33":{"start":{"line":73,"column":4},"end":{"line":77,"column":5}},"34":{"start":{"line":74,"column":6},"end":{"line":74,"column":60}},"35":{"start":{"line":76,"column":6},"end":{"line":76,"column":58}},"36":{"start":{"line":85,"column":2},"end":{"line":94,"column":3}},"37":{"start":{"line":86,"column":15},"end":{"line":86,"column":38}},"38":{"start":{"line":87,"column":17},"end":{"line":87,"column":47}},"39":{"start":{"line":88,"column":19},"end":{"line":88,"column":68}},"40":{"start":{"line":90,"column":19},"end":{"line":90,"column":71}},"41":{"start":{"line":91,"column":4},"end":{"line":91,"column":21}},"42":{"start":{"line":93,"column":4},"end":{"line":93,"column":44}},"43":{"start":{"line":101,"column":2},"end":{"line":110,"column":3}},"44":{"start":{"line":102,"column":15},"end":{"line":102,"column":38}},"45":{"start":{"line":103,"column":17},"end":{"line":103,"column":47}},"46":{"start":{"line":104,"column":19},"end":{"line":104,"column":68}},"47":{"start":{"line":106,"column":19},"end":{"line":106,"column":71}},"48":{"start":{"line":107,"column":4},"end":{"line":107,"column":21}},"49":{"start":{"line":109,"column":4},"end":{"line":109,"column":44}},"50":{"start":{"line":117,"column":2},"end":{"line":132,"column":3}},"51":{"start":{"line":118,"column":22},"end":{"line":118,"column":52}},"52":{"start":{"line":119,"column":17},"end":{"line":119,"column":25}},"53":{"start":{"line":120,"column":20},"end":{"line":120,"column":28}},"54":{"start":{"line":121,"column":4},"end":{"line":123,"column":5}},"55":{"start":{"line":122,"column":6},"end":{"line":122,"column":62}},"56":{"start":{"line":124,"column":19},"end":{"line":124,"column":75}},"57":{"start":{"line":125,"column":4},"end":{"line":125,"column":21}},"58":{"start":{"line":127,"column":4},"end":{"line":131,"column":5}},"59":{"start":{"line":128,"column":6},"end":{"line":128,"column":60}},"60":{"start":{"line":130,"column":6},"end":{"line":130,"column":58}}},"fnMap":{"0":{"name":"createArticleCommentController","decl":{"start":{"line":25,"column":22},"end":{"line":25,"column":52}},"loc":{"start":{"line":27,"column":15},"end":{"line":41,"column":1}}},"1":{"name":"createProductCommentController","decl":{"start":{"line":43,"column":22},"end":{"line":43,"column":52}},"loc":{"start":{"line":45,"column":15},"end":{"line":59,"column":1}}},"2":{"name":"deleteCommentController","decl":{"start":{"line":60,"column":22},"end":{"line":60,"column":45}},"loc":{"start":{"line":62,"column":15},"end":{"line":79,"column":1}}},"3":{"name":"getArticleCommentController","decl":{"start":{"line":81,"column":22},"end":{"line":81,"column":49}},"loc":{"start":{"line":83,"column":15},"end":{"line":95,"column":1}}},"4":{"name":"getProductCommentController","decl":{"start":{"line":97,"column":22},"end":{"line":97,"column":49}},"loc":{"start":{"line":99,"column":15},"end":{"line":111,"column":1}}},"5":{"name":"updateCommentController","decl":{"start":{"line":113,"column":22},"end":{"line":113,"column":45}},"loc":{"start":{"line":115,"column":15},"end":{"line":133,"column":1}}}},"branchMap":{"0":{"loc":{"start":{"line":33,"column":4},"end":{"line":35,"column":5}},"type":"if","locations":[{"start":{"line":33,"column":4},"end":{"line":35,"column":5}},{"start":{},"end":{}}]},"1":{"loc":{"start":{"line":51,"column":4},"end":{"line":53,"column":5}},"type":"if","locations":[{"start":{"line":51,"column":4},"end":{"line":53,"column":5}},{"start":{},"end":{}}]},"2":{"loc":{"start":{"line":67,"column":4},"end":{"line":69,"column":5}},"type":"if","locations":[{"start":{"line":67,"column":4},"end":{"line":69,"column":5}},{"start":{},"end":{}}]},"3":{"loc":{"start":{"line":73,"column":4},"end":{"line":77,"column":5}},"type":"if","locations":[{"start":{"line":73,"column":4},"end":{"line":77,"column":5}},{"start":{"line":75,"column":11},"end":{"line":77,"column":5}}]},"4":{"loc":{"start":{"line":87,"column":17},"end":{"line":87,"column":47}},"type":"binary-expr","locations":[{"start":{"line":87,"column":17},"end":{"line":87,"column":41}},{"start":{"line":87,"column":45},"end":{"line":87,"column":47}}]},"5":{"loc":{"start":{"line":88,"column":19},"end":{"line":88,"column":68}},"type":"cond-expr","locations":[{"start":{"line":88,"column":38},"end":{"line":88,"column":64}},{"start":{"line":88,"column":67},"end":{"line":88,"column":68}}]},"6":{"loc":{"start":{"line":103,"column":17},"end":{"line":103,"column":47}},"type":"binary-expr","locations":[{"start":{"line":103,"column":17},"end":{"line":103,"column":41}},{"start":{"line":103,"column":45},"end":{"line":103,"column":47}}]},"7":{"loc":{"start":{"line":104,"column":19},"end":{"line":104,"column":68}},"type":"cond-expr","locations":[{"start":{"line":104,"column":38},"end":{"line":104,"column":64}},{"start":{"line":104,"column":67},"end":{"line":104,"column":68}}]},"8":{"loc":{"start":{"line":121,"column":4},"end":{"line":123,"column":5}},"type":"if","locations":[{"start":{"line":121,"column":4},"end":{"line":123,"column":5}},{"start":{},"end":{}}]},"9":{"loc":{"start":{"line":127,"column":4},"end":{"line":131,"column":5}},"type":"if","locations":[{"start":{"line":127,"column":4},"end":{"line":131,"column":5}},{"start":{"line":129,"column":11},"end":{"line":131,"column":5}}]}},"s":{"0":3,"1":3,"2":3,"3":3,"4":3,"5":3,"6":3,"7":3,"8":0,"9":0,"10":0,"11":0,"12":0,"13":0,"14":0,"15":0,"16":0,"17":0,"18":0,"19":0,"20":0,"21":0,"22":0,"23":0,"24":0,"25":0,"26":0,"27":0,"28":0,"29":0,"30":0,"31":0,"32":0,"33":0,"34":0,"35":0,"36":0,"37":0,"38":0,"39":0,"40":0,"41":0,"42":0,"43":0,"44":0,"45":0,"46":0,"47":0,"48":0,"49":0,"50":0,"51":0,"52":0,"53":0,"54":0,"55":0,"56":0,"57":0,"58":0,"59":0,"60":0},"f":{"0":0,"1":0,"2":0,"3":0,"4":0,"5":0},"b":{"0":[0,0],"1":[0,0],"2":[0,0],"3":[0,0],"4":[0,0],"5":[0,0],"6":[0,0],"7":[0,0],"8":[0,0],"9":[0,0]}}
,"/Users/apple/4-sprint-mission/8/src/controllers/like_controller.ts": {"path":"/Users/apple/4-sprint-mission/8/src/controllers/like_controller.ts","statementMap":{"0":{"start":{"line":11,"column":0},"end":{"line":11,"column":7}},"1":{"start":{"line":28,"column":0},"end":{"line":28,"column":7}},"2":{"start":{"line":2,"column":0},"end":{"line":2,"column":null}},"3":{"start":{"line":15,"column":2},"end":{"line":25,"column":3}},"4":{"start":{"line":16,"column":15},"end":{"line":16,"column":39}},"5":{"start":{"line":17,"column":17},"end":{"line":17,"column":25}},"6":{"start":{"line":18,"column":4},"end":{"line":20,"column":5}},"7":{"start":{"line":19,"column":6},"end":{"line":19,"column":62}},"8":{"start":{"line":21,"column":19},"end":{"line":21,"column":57}},"9":{"start":{"line":22,"column":4},"end":{"line":22,"column":33}},"10":{"start":{"line":24,"column":4},"end":{"line":24,"column":48}},"11":{"start":{"line":32,"column":2},"end":{"line":42,"column":3}},"12":{"start":{"line":33,"column":15},"end":{"line":33,"column":39}},"13":{"start":{"line":34,"column":17},"end":{"line":34,"column":25}},"14":{"start":{"line":35,"column":4},"end":{"line":37,"column":5}},"15":{"start":{"line":36,"column":6},"end":{"line":36,"column":62}},"16":{"start":{"line":38,"column":19},"end":{"line":38,"column":57}},"17":{"start":{"line":39,"column":4},"end":{"line":39,"column":33}},"18":{"start":{"line":41,"column":4},"end":{"line":41,"column":39}}},"fnMap":{"0":{"name":"ArticleLikeController","decl":{"start":{"line":11,"column":22},"end":{"line":11,"column":43}},"loc":{"start":{"line":13,"column":15},"end":{"line":26,"column":1}}},"1":{"name":"ProductLikeController","decl":{"start":{"line":28,"column":22},"end":{"line":28,"column":43}},"loc":{"start":{"line":30,"column":15},"end":{"line":43,"column":1}}}},"branchMap":{"0":{"loc":{"start":{"line":18,"column":4},"end":{"line":20,"column":5}},"type":"if","locations":[{"start":{"line":18,"column":4},"end":{"line":20,"column":5}},{"start":{},"end":{}}]},"1":{"loc":{"start":{"line":35,"column":4},"end":{"line":37,"column":5}},"type":"if","locations":[{"start":{"line":35,"column":4},"end":{"line":37,"column":5}},{"start":{},"end":{}}]}},"s":{"0":3,"1":3,"2":3,"3":0,"4":0,"5":0,"6":0,"7":0,"8":0,"9":0,"10":0,"11":0,"12":0,"13":0,"14":0,"15":0,"16":0,"17":0,"18":0},"f":{"0":0,"1":0},"b":{"0":[0,0],"1":[0,0]}}
,"/Users/apple/4-sprint-mission/8/src/controllers/notification_controller.ts": {"path":"/Users/apple/4-sprint-mission/8/src/controllers/notification_controller.ts","statementMap":{"0":{"start":{"line":5,"column":0},"end":{"line":5,"column":7}},"1":{"start":{"line":17,"column":0},"end":{"line":17,"column":7}},"2":{"start":{"line":2,"column":0},"end":{"line":2,"column":72}},"3":{"start":{"line":6,"column":15},"end":{"line":6,"column":23}},"4":{"start":{"line":7,"column":2},"end":{"line":9,"column":3}},"5":{"start":{"line":8,"column":4},"end":{"line":8,"column":60}},"6":{"start":{"line":10,"column":24},"end":{"line":11,"column":null}},"7":{"start":{"line":13,"column":2},"end":{"line":13,"column":42}},"8":{"start":{"line":18,"column":25},"end":{"line":18,"column":58}},"9":{"start":{"line":19,"column":15},"end":{"line":19,"column":23}},"10":{"start":{"line":20,"column":2},"end":{"line":22,"column":3}},"11":{"start":{"line":21,"column":4},"end":{"line":21,"column":60}},"12":{"start":{"line":23,"column":23},"end":{"line":24,"column":null}},"13":{"start":{"line":26,"column":2},"end":{"line":26,"column":41}}},"fnMap":{"0":{"name":"getNotificationsController","decl":{"start":{"line":5,"column":22},"end":{"line":5,"column":48}},"loc":{"start":{"line":5,"column":76},"end":{"line":14,"column":1}}},"1":{"name":"readNotificationController","decl":{"start":{"line":17,"column":22},"end":{"line":17,"column":48}},"loc":{"start":{"line":17,"column":76},"end":{"line":27,"column":1}}}},"branchMap":{"0":{"loc":{"start":{"line":7,"column":2},"end":{"line":9,"column":3}},"type":"if","locations":[{"start":{"line":7,"column":2},"end":{"line":9,"column":3}},{"start":{},"end":{}}]},"1":{"loc":{"start":{"line":20,"column":2},"end":{"line":22,"column":3}},"type":"if","locations":[{"start":{"line":20,"column":2},"end":{"line":22,"column":3}},{"start":{},"end":{}}]}},"s":{"0":3,"1":3,"2":3,"3":0,"4":0,"5":0,"6":0,"7":0,"8":0,"9":0,"10":0,"11":0,"12":0,"13":0},"f":{"0":0,"1":0},"b":{"0":[0,0],"1":[0,0]}}
,"/Users/apple/4-sprint-mission/8/src/controllers/product_controller.ts": {"path":"/Users/apple/4-sprint-mission/8/src/controllers/product_controller.ts","statementMap":{"0":{"start":{"line":21,"column":0},"end":{"line":21,"column":7}},"1":{"start":{"line":42,"column":0},"end":{"line":42,"column":7}},"2":{"start":{"line":63,"column":0},"end":{"line":63,"column":7}},"3":{"start":{"line":84,"column":0},"end":{"line":84,"column":7}},"4":{"start":{"line":107,"column":0},"end":{"line":107,"column":7}},"5":{"start":{"line":2,"column":0},"end":{"line":2,"column":null}},"6":{"start":{"line":9,"column":0},"end":{"line":9,"column":42}},"7":{"start":{"line":25,"column":2},"end":{"line":39,"column":3}},"8":{"start":{"line":26,"column":17},"end":{"line":26,"column":25}},"9":{"start":{"line":27,"column":17},"end":{"line":27,"column":25}},"10":{"start":{"line":28,"column":4},"end":{"line":30,"column":5}},"11":{"start":{"line":29,"column":6},"end":{"line":29,"column":62}},"12":{"start":{"line":31,"column":19},"end":{"line":31,"column":61}},"13":{"start":{"line":32,"column":4},"end":{"line":32,"column":21}},"14":{"start":{"line":34,"column":4},"end":{"line":38,"column":5}},"15":{"start":{"line":35,"column":6},"end":{"line":35,"column":60}},"16":{"start":{"line":37,"column":6},"end":{"line":37,"column":49}},"17":{"start":{"line":46,"column":2},"end":{"line":60,"column":3}},"18":{"start":{"line":47,"column":15},"end":{"line":47,"column":38}},"19":{"start":{"line":48,"column":17},"end":{"line":48,"column":25}},"20":{"start":{"line":49,"column":4},"end":{"line":51,"column":5}},"21":{"start":{"line":50,"column":6},"end":{"line":50,"column":62}},"22":{"start":{"line":52,"column":4},"end":{"line":52,"column":45}},"23":{"start":{"line":53,"column":4},"end":{"line":53,"column":54}},"24":{"start":{"line":55,"column":4},"end":{"line":59,"column":5}},"25":{"start":{"line":56,"column":6},"end":{"line":56,"column":60}},"26":{"start":{"line":58,"column":6},"end":{"line":58,"column":49}},"27":{"start":{"line":67,"column":2},"end":{"line":81,"column":3}},"28":{"start":{"line":68,"column":15},"end":{"line":68,"column":38}},"29":{"start":{"line":69,"column":17},"end":{"line":69,"column":25}},"30":{"start":{"line":70,"column":4},"end":{"line":72,"column":5}},"31":{"start":{"line":71,"column":6},"end":{"line":71,"column":62}},"32":{"start":{"line":73,"column":19},"end":{"line":73,"column":60}},"33":{"start":{"line":74,"column":4},"end":{"line":74,"column":21}},"34":{"start":{"line":76,"column":4},"end":{"line":80,"column":5}},"35":{"start":{"line":77,"column":6},"end":{"line":77,"column":60}},"36":{"start":{"line":79,"column":6},"end":{"line":79,"column":49}},"37":{"start":{"line":88,"column":2},"end":{"line":104,"column":3}},"38":{"start":{"line":89,"column":19},"end":{"line":89,"column":52}},"39":{"start":{"line":90,"column":18},"end":{"line":90,"column":51}},"40":{"start":{"line":91,"column":19},"end":{"line":91,"column":53}},"41":{"start":{"line":92,"column":17},"end":{"line":92,"column":25}},"42":{"start":{"line":93,"column":4},"end":{"line":95,"column":5}},"43":{"start":{"line":94,"column":6},"end":{"line":94,"column":62}},"44":{"start":{"line":96,"column":19},"end":{"line":96,"column":75}},"45":{"start":{"line":97,"column":4},"end":{"line":97,"column":21}},"46":{"start":{"line":99,"column":4},"end":{"line":103,"column":5}},"47":{"start":{"line":100,"column":6},"end":{"line":100,"column":60}},"48":{"start":{"line":102,"column":6},"end":{"line":102,"column":49}},"49":{"start":{"line":111,"column":2},"end":{"line":133,"column":3}},"50":{"start":{"line":112,"column":15},"end":{"line":112,"column":38}},"51":{"start":{"line":113,"column":17},"end":{"line":113,"column":25}},"52":{"start":{"line":114,"column":47},"end":{"line":114,"column":55}},"53":{"start":{"line":115,"column":53},"end":{"line":115,"column":55}},"54":{"start":{"line":117,"column":4},"end":{"line":117,"column":37}},"55":{"start":{"line":117,"column":14},"end":{"line":117,"column":37}},"56":{"start":{"line":118,"column":4},"end":{"line":118,"column":58}},"57":{"start":{"line":118,"column":21},"end":{"line":118,"column":58}},"58":{"start":{"line":119,"column":4},"end":{"line":119,"column":40}},"59":{"start":{"line":119,"column":15},"end":{"line":119,"column":40}},"60":{"start":{"line":120,"column":4},"end":{"line":120,"column":37}},"61":{"start":{"line":120,"column":14},"end":{"line":120,"column":37}},"62":{"start":{"line":122,"column":4},"end":{"line":124,"column":5}},"63":{"start":{"line":123,"column":6},"end":{"line":123,"column":62}},"64":{"start":{"line":125,"column":19},"end":{"line":125,"column":71}},"65":{"start":{"line":126,"column":4},"end":{"line":126,"column":33}},"66":{"start":{"line":128,"column":4},"end":{"line":132,"column":5}},"67":{"start":{"line":129,"column":6},"end":{"line":129,"column":60}},"68":{"start":{"line":131,"column":6},"end":{"line":131,"column":49}}},"fnMap":{"0":{"name":"createProductController","decl":{"start":{"line":21,"column":22},"end":{"line":21,"column":45}},"loc":{"start":{"line":23,"column":15},"end":{"line":40,"column":1}}},"1":{"name":"deleteProductController","decl":{"start":{"line":42,"column":22},"end":{"line":42,"column":45}},"loc":{"start":{"line":44,"column":15},"end":{"line":61,"column":1}}},"2":{"name":"getProductByIdController","decl":{"start":{"line":63,"column":22},"end":{"line":63,"column":46}},"loc":{"start":{"line":65,"column":15},"end":{"line":82,"column":1}}},"3":{"name":"getProductController","decl":{"start":{"line":84,"column":22},"end":{"line":84,"column":42}},"loc":{"start":{"line":86,"column":15},"end":{"line":105,"column":1}}},"4":{"name":"updateProductController","decl":{"start":{"line":107,"column":22},"end":{"line":107,"column":45}},"loc":{"start":{"line":109,"column":15},"end":{"line":134,"column":1}}}},"branchMap":{"0":{"loc":{"start":{"line":28,"column":4},"end":{"line":30,"column":5}},"type":"if","locations":[{"start":{"line":28,"column":4},"end":{"line":30,"column":5}},{"start":{},"end":{}}]},"1":{"loc":{"start":{"line":34,"column":4},"end":{"line":38,"column":5}},"type":"if","locations":[{"start":{"line":34,"column":4},"end":{"line":38,"column":5}},{"start":{"line":36,"column":11},"end":{"line":38,"column":5}}]},"2":{"loc":{"start":{"line":49,"column":4},"end":{"line":51,"column":5}},"type":"if","locations":[{"start":{"line":49,"column":4},"end":{"line":51,"column":5}},{"start":{},"end":{}}]},"3":{"loc":{"start":{"line":55,"column":4},"end":{"line":59,"column":5}},"type":"if","locations":[{"start":{"line":55,"column":4},"end":{"line":59,"column":5}},{"start":{"line":57,"column":11},"end":{"line":59,"column":5}}]},"4":{"loc":{"start":{"line":70,"column":4},"end":{"line":72,"column":5}},"type":"if","locations":[{"start":{"line":70,"column":4},"end":{"line":72,"column":5}},{"start":{},"end":{}}]},"5":{"loc":{"start":{"line":76,"column":4},"end":{"line":80,"column":5}},"type":"if","locations":[{"start":{"line":76,"column":4},"end":{"line":80,"column":5}},{"start":{"line":78,"column":11},"end":{"line":80,"column":5}}]},"6":{"loc":{"start":{"line":89,"column":28},"end":{"line":89,"column":51}},"type":"binary-expr","locations":[{"start":{"line":89,"column":28},"end":{"line":89,"column":44}},{"start":{"line":89,"column":48},"end":{"line":89,"column":51}}]},"7":{"loc":{"start":{"line":90,"column":27},"end":{"line":90,"column":50}},"type":"binary-expr","locations":[{"start":{"line":90,"column":27},"end":{"line":90,"column":42}},{"start":{"line":90,"column":46},"end":{"line":90,"column":50}}]},"8":{"loc":{"start":{"line":91,"column":19},"end":{"line":91,"column":53}},"type":"binary-expr","locations":[{"start":{"line":91,"column":19},"end":{"line":91,"column":47}},{"start":{"line":91,"column":51},"end":{"line":91,"column":53}}]},"9":{"loc":{"start":{"line":93,"column":4},"end":{"line":95,"column":5}},"type":"if","locations":[{"start":{"line":93,"column":4},"end":{"line":95,"column":5}},{"start":{},"end":{}}]},"10":{"loc":{"start":{"line":99,"column":4},"end":{"line":103,"column":5}},"type":"if","locations":[{"start":{"line":99,"column":4},"end":{"line":103,"column":5}},{"start":{"line":101,"column":11},"end":{"line":103,"column":5}}]},"11":{"loc":{"start":{"line":117,"column":4},"end":{"line":117,"column":37}},"type":"if","locations":[{"start":{"line":117,"column":4},"end":{"line":117,"column":37}},{"start":{},"end":{}}]},"12":{"loc":{"start":{"line":118,"column":4},"end":{"line":118,"column":58}},"type":"if","locations":[{"start":{"line":118,"column":4},"end":{"line":118,"column":58}},{"start":{},"end":{}}]},"13":{"loc":{"start":{"line":119,"column":4},"end":{"line":119,"column":40}},"type":"if","locations":[{"start":{"line":119,"column":4},"end":{"line":119,"column":40}},{"start":{},"end":{}}]},"14":{"loc":{"start":{"line":120,"column":4},"end":{"line":120,"column":37}},"type":"if","locations":[{"start":{"line":120,"column":4},"end":{"line":120,"column":37}},{"start":{},"end":{}}]},"15":{"loc":{"start":{"line":122,"column":4},"end":{"line":124,"column":5}},"type":"if","locations":[{"start":{"line":122,"column":4},"end":{"line":124,"column":5}},{"start":{},"end":{}}]},"16":{"loc":{"start":{"line":128,"column":4},"end":{"line":132,"column":5}},"type":"if","locations":[{"start":{"line":128,"column":4},"end":{"line":132,"column":5}},{"start":{"line":130,"column":11},"end":{"line":132,"column":5}}]}},"s":{"0":3,"1":3,"2":3,"3":3,"4":3,"5":3,"6":3,"7":1,"8":1,"9":1,"10":1,"11":0,"12":1,"13":1,"14":0,"15":0,"16":0,"17":1,"18":1,"19":1,"20":1,"21":0,"22":1,"23":1,"24":0,"25":0,"26":0,"27":2,"28":2,"29":2,"30":2,"31":0,"32":2,"33":1,"34":1,"35":1,"36":0,"37":1,"38":1,"39":1,"40":1,"41":1,"42":1,"43":0,"44":1,"45":1,"46":0,"47":0,"48":0,"49":1,"50":1,"51":1,"52":1,"53":1,"54":1,"55":1,"56":1,"57":0,"58":1,"59":0,"60":1,"61":0,"62":1,"63":0,"64":1,"65":1,"66":0,"67":0,"68":0},"f":{"0":1,"1":1,"2":2,"3":1,"4":1},"b":{"0":[0,1],"1":[0,0],"2":[0,1],"3":[0,0],"4":[0,2],"5":[1,0],"6":[1,1],"7":[1,1],"8":[1,1],"9":[0,1],"10":[0,0],"11":[1,0],"12":[0,1],"13":[0,1],"14":[0,1],"15":[0,1],"16":[0,0]}}
,"/Users/apple/4-sprint-mission/8/src/controllers/user_controller.ts": {"path":"/Users/apple/4-sprint-mission/8/src/controllers/user_controller.ts","statementMap":{"0":{"start":{"line":15,"column":0},"end":{"line":15,"column":7}},"1":{"start":{"line":39,"column":0},"end":{"line":39,"column":7}},"2":{"start":{"line":52,"column":0},"end":{"line":52,"column":7}},"3":{"start":{"line":72,"column":0},"end":{"line":72,"column":7}},"4":{"start":{"line":2,"column":0},"end":{"line":2,"column":null}},"5":{"start":{"line":8,"column":0},"end":{"line":8,"column":28}},"6":{"start":{"line":9,"column":0},"end":{"line":9,"column":42}},"7":{"start":{"line":19,"column":2},"end":{"line":36,"column":3}},"8":{"start":{"line":20,"column":20},"end":{"line":20,"column":44}},"9":{"start":{"line":21,"column":4},"end":{"line":23,"column":5}},"10":{"start":{"line":22,"column":6},"end":{"line":22,"column":62}},"11":{"start":{"line":24,"column":19},"end":{"line":24,"column":30}},"12":{"start":{"line":25,"column":4},"end":{"line":26,"column":60}},"13":{"start":{"line":26,"column":6},"end":{"line":26,"column":60}},"14":{"start":{"line":28,"column":19},"end":{"line":28,"column":51}},"15":{"start":{"line":29,"column":4},"end":{"line":29,"column":40}},"16":{"start":{"line":31,"column":4},"end":{"line":35,"column":5}},"17":{"start":{"line":32,"column":6},"end":{"line":32,"column":60}},"18":{"start":{"line":34,"column":6},"end":{"line":34,"column":49}},"19":{"start":{"line":40,"column":2},"end":{"line":49,"column":3}},"20":{"start":{"line":41,"column":19},"end":{"line":41,"column":41}},"21":{"start":{"line":42,"column":4},"end":{"line":42,"column":40}},"22":{"start":{"line":44,"column":4},"end":{"line":48,"column":5}},"23":{"start":{"line":45,"column":6},"end":{"line":45,"column":60}},"24":{"start":{"line":47,"column":6},"end":{"line":47,"column":49}},"25":{"start":{"line":56,"column":2},"end":{"line":69,"column":3}},"26":{"start":{"line":57,"column":15},"end":{"line":57,"column":39}},"27":{"start":{"line":58,"column":17},"end":{"line":58,"column":25}},"28":{"start":{"line":59,"column":4},"end":{"line":61,"column":5}},"29":{"start":{"line":60,"column":6},"end":{"line":60,"column":62}},"30":{"start":{"line":62,"column":19},"end":{"line":62,"column":31}},"31":{"start":{"line":63,"column":4},"end":{"line":64,"column":59}},"32":{"start":{"line":64,"column":6},"end":{"line":64,"column":59}},"33":{"start":{"line":65,"column":19},"end":{"line":65,"column":49}},"34":{"start":{"line":66,"column":4},"end":{"line":66,"column":40}},"35":{"start":{"line":68,"column":4},"end":{"line":68,"column":55}},"36":{"start":{"line":76,"column":2},"end":{"line":101,"column":3}},"37":{"start":{"line":77,"column":15},"end":{"line":77,"column":39}},"38":{"start":{"line":78,"column":4},"end":{"line":80,"column":5}},"39":{"start":{"line":79,"column":6},"end":{"line":79,"column":62}},"40":{"start":{"line":81,"column":19},"end":{"line":81,"column":30}},"41":{"start":{"line":82,"column":4},"end":{"line":83,"column":59}},"42":{"start":{"line":83,"column":6},"end":{"line":83,"column":59}},"43":{"start":{"line":84,"column":35},"end":{"line":84,"column":43}},"44":{"start":{"line":85,"column":51},"end":{"line":85,"column":53}},"45":{"start":{"line":87,"column":17},"end":{"line":87,"column":41}},"46":{"start":{"line":88,"column":27},"end":{"line":88,"column":60}},"47":{"start":{"line":90,"column":4},"end":{"line":90,"column":49}},"48":{"start":{"line":90,"column":18},"end":{"line":90,"column":49}},"49":{"start":{"line":91,"column":4},"end":{"line":91,"column":55}},"50":{"start":{"line":91,"column":18},"end":{"line":91,"column":55}},"51":{"start":{"line":93,"column":19},"end":{"line":93,"column":62}},"52":{"start":{"line":94,"column":4},"end":{"line":94,"column":28}},"53":{"start":{"line":96,"column":4},"end":{"line":100,"column":5}},"54":{"start":{"line":97,"column":6},"end":{"line":97,"column":60}},"55":{"start":{"line":99,"column":6},"end":{"line":99,"column":49}}},"fnMap":{"0":{"name":"getUserByIdController","decl":{"start":{"line":15,"column":22},"end":{"line":15,"column":43}},"loc":{"start":{"line":17,"column":15},"end":{"line":37,"column":1}}},"1":{"name":"getUserController","decl":{"start":{"line":39,"column":22},"end":{"line":39,"column":39}},"loc":{"start":{"line":39,"column":67},"end":{"line":50,"column":1}}},"2":{"name":"getUserLikeController","decl":{"start":{"line":52,"column":22},"end":{"line":52,"column":43}},"loc":{"start":{"line":54,"column":15},"end":{"line":70,"column":1}}},"3":{"name":"updateUserController","decl":{"start":{"line":72,"column":22},"end":{"line":72,"column":42}},"loc":{"start":{"line":74,"column":15},"end":{"line":102,"column":1}}}},"branchMap":{"0":{"loc":{"start":{"line":21,"column":4},"end":{"line":23,"column":5}},"type":"if","locations":[{"start":{"line":21,"column":4},"end":{"line":23,"column":5}},{"start":{},"end":{}}]},"1":{"loc":{"start":{"line":25,"column":4},"end":{"line":26,"column":60}},"type":"if","locations":[{"start":{"line":25,"column":4},"end":{"line":26,"column":60}},{"start":{},"end":{}}]},"2":{"loc":{"start":{"line":31,"column":4},"end":{"line":35,"column":5}},"type":"if","locations":[{"start":{"line":31,"column":4},"end":{"line":35,"column":5}},{"start":{"line":33,"column":11},"end":{"line":35,"column":5}}]},"3":{"loc":{"start":{"line":44,"column":4},"end":{"line":48,"column":5}},"type":"if","locations":[{"start":{"line":44,"column":4},"end":{"line":48,"column":5}},{"start":{"line":46,"column":11},"end":{"line":48,"column":5}}]},"4":{"loc":{"start":{"line":59,"column":4},"end":{"line":61,"column":5}},"type":"if","locations":[{"start":{"line":59,"column":4},"end":{"line":61,"column":5}},{"start":{},"end":{}}]},"5":{"loc":{"start":{"line":63,"column":4},"end":{"line":64,"column":59}},"type":"if","locations":[{"start":{"line":63,"column":4},"end":{"line":64,"column":59}},{"start":{},"end":{}}]},"6":{"loc":{"start":{"line":78,"column":4},"end":{"line":80,"column":5}},"type":"if","locations":[{"start":{"line":78,"column":4},"end":{"line":80,"column":5}},{"start":{},"end":{}}]},"7":{"loc":{"start":{"line":82,"column":4},"end":{"line":83,"column":59}},"type":"if","locations":[{"start":{"line":82,"column":4},"end":{"line":83,"column":59}},{"start":{},"end":{}}]},"8":{"loc":{"start":{"line":90,"column":4},"end":{"line":90,"column":49}},"type":"if","locations":[{"start":{"line":90,"column":4},"end":{"line":90,"column":49}},{"start":{},"end":{}}]},"9":{"loc":{"start":{"line":91,"column":4},"end":{"line":91,"column":55}},"type":"if","locations":[{"start":{"line":91,"column":4},"end":{"line":91,"column":55}},{"start":{},"end":{}}]},"10":{"loc":{"start":{"line":96,"column":4},"end":{"line":100,"column":5}},"type":"if","locations":[{"start":{"line":96,"column":4},"end":{"line":100,"column":5}},{"start":{"line":98,"column":11},"end":{"line":100,"column":5}}]}},"s":{"0":3,"1":3,"2":3,"3":3,"4":3,"5":3,"6":3,"7":0,"8":0,"9":0,"10":0,"11":0,"12":0,"13":0,"14":0,"15":0,"16":0,"17":0,"18":0,"19":0,"20":0,"21":0,"22":0,"23":0,"24":0,"25":0,"26":0,"27":0,"28":0,"29":0,"30":0,"31":0,"32":0,"33":0,"34":0,"35":0,"36":0,"37":0,"38":0,"39":0,"40":0,"41":0,"42":0,"43":0,"44":0,"45":0,"46":0,"47":0,"48":0,"49":0,"50":0,"51":0,"52":0,"53":0,"54":0,"55":0},"f":{"0":0,"1":0,"2":0,"3":0},"b":{"0":[0,0],"1":[0,0],"2":[0,0],"3":[0,0],"4":[0,0],"5":[0,0],"6":[0,0],"7":[0,0],"8":[0,0],"9":[0,0],"10":[0,0]}}
,"/Users/apple/4-sprint-mission/8/src/lib/constants.ts": {"path":"/Users/apple/4-sprint-mission/8/src/lib/constants.ts","statementMap":{"0":{"start":{"line":1,"column":0},"end":{"line":1,"column":28}},"1":{"start":{"line":3,"column":0},"end":{"line":3,"column":16}},"2":{"start":{"line":5,"column":17},"end":{"line":5,"column":54}},"3":{"start":{"line":15,"column":2},"end":{"line":15,"column":10}},"4":{"start":{"line":6,"column":13},"end":{"line":6,"column":37}},"5":{"start":{"line":16,"column":2},"end":{"line":16,"column":6}},"6":{"start":{"line":8,"column":2},"end":{"line":8,"column":71}},"7":{"start":{"line":17,"column":2},"end":{"line":17,"column":25}},"8":{"start":{"line":10,"column":2},"end":{"line":10,"column":73}},"9":{"start":{"line":18,"column":2},"end":{"line":18,"column":26}},"10":{"start":{"line":11,"column":33},"end":{"line":11,"column":47}},"11":{"start":{"line":19,"column":2},"end":{"line":19,"column":26}},"12":{"start":{"line":12,"column":34},"end":{"line":12,"column":49}},"13":{"start":{"line":20,"column":2},"end":{"line":20,"column":27}}},"fnMap":{},"branchMap":{"0":{"loc":{"start":{"line":5,"column":17},"end":{"line":5,"column":54}},"type":"binary-expr","locations":[{"start":{"line":5,"column":17},"end":{"line":5,"column":37}},{"start":{"line":5,"column":41},"end":{"line":5,"column":54}}]},"1":{"loc":{"start":{"line":6,"column":13},"end":{"line":6,"column":37}},"type":"binary-expr","locations":[{"start":{"line":6,"column":13},"end":{"line":6,"column":29}},{"start":{"line":6,"column":33},"end":{"line":6,"column":37}}]},"2":{"loc":{"start":{"line":8,"column":2},"end":{"line":8,"column":71}},"type":"binary-expr","locations":[{"start":{"line":8,"column":2},"end":{"line":8,"column":37}},{"start":{"line":8,"column":41},"end":{"line":8,"column":71}}]},"3":{"loc":{"start":{"line":10,"column":2},"end":{"line":10,"column":73}},"type":"binary-expr","locations":[{"start":{"line":10,"column":2},"end":{"line":10,"column":38}},{"start":{"line":10,"column":42},"end":{"line":10,"column":73}}]}},"s":{"0":3,"1":3,"2":3,"3":3,"4":3,"5":3,"6":3,"7":3,"8":3,"9":3,"10":3,"11":3,"12":3,"13":3},"f":{},"b":{"0":[3,0],"1":[3,0],"2":[3,3],"3":[3,3]}}
,"/Users/apple/4-sprint-mission/8/src/lib/token.ts": {"path":"/Users/apple/4-sprint-mission/8/src/lib/token.ts","statementMap":{"0":{"start":{"line":24,"column":9},"end":{"line":24,"column":23}},"1":{"start":{"line":24,"column":25},"end":{"line":24,"column":42}},"2":{"start":{"line":24,"column":44},"end":{"line":24,"column":62}},"3":{"start":{"line":1,"column":0},"end":{"line":1,"column":47}},"4":{"start":{"line":2,"column":0},"end":{"line":2,"column":80}},"5":{"start":{"line":5,"column":22},"end":{"line":7,"column":4}},"6":{"start":{"line":8,"column":23},"end":{"line":10,"column":4}},"7":{"start":{"line":11,"column":2},"end":{"line":11,"column":39}},"8":{"start":{"line":15,"column":18},"end":{"line":15,"column":74}},"9":{"start":{"line":16,"column":2},"end":{"line":16,"column":32}},"10":{"start":{"line":20,"column":18},"end":{"line":20,"column":75}},"11":{"start":{"line":21,"column":2},"end":{"line":21,"column":32}}},"fnMap":{"0":{"name":"generateTokens","decl":{"start":{"line":4,"column":9},"end":{"line":4,"column":23}},"loc":{"start":{"line":4,"column":38},"end":{"line":12,"column":1}}},"1":{"name":"verifyAccessToken","decl":{"start":{"line":14,"column":9},"end":{"line":14,"column":26}},"loc":{"start":{"line":14,"column":40},"end":{"line":17,"column":1}}},"2":{"name":"verifyRefreshToken","decl":{"start":{"line":19,"column":9},"end":{"line":19,"column":27}},"loc":{"start":{"line":19,"column":41},"end":{"line":22,"column":1}}}},"branchMap":{},"s":{"0":3,"1":3,"2":3,"3":3,"4":3,"5":3,"6":3,"7":3,"8":11,"9":11,"10":0,"11":0},"f":{"0":3,"1":11,"2":0},"b":{}}
,"/Users/apple/4-sprint-mission/8/src/middleware/authenticate.ts": {"path":"/Users/apple/4-sprint-mission/8/src/middleware/authenticate.ts","statementMap":{"0":{"start":{"line":1,"column":0},"end":{"line":1,"column":42}},"1":{"start":{"line":3,"column":0},"end":{"line":3,"column":49}},"2":{"start":{"line":4,"column":0},"end":{"line":4,"column":60}},"3":{"start":{"line":7,"column":22},"end":{"line":7,"column":59}},"4":{"start":{"line":8,"column":2},"end":{"line":9,"column":60}},"5":{"start":{"line":9,"column":4},"end":{"line":9,"column":60}},"6":{"start":{"line":11,"column":2},"end":{"line":17,"column":3}},"7":{"start":{"line":12,"column":23},"end":{"line":12,"column":53}},"8":{"start":{"line":13,"column":17},"end":{"line":13,"column":72}},"9":{"start":{"line":14,"column":4},"end":{"line":14,"column":20}},"10":{"start":{"line":16,"column":4},"end":{"line":16,"column":61}},"11":{"start":{"line":18,"column":2},"end":{"line":18,"column":9}},"12":{"start":{"line":21,"column":0},"end":{"line":21,"column":28}}},"fnMap":{"0":{"name":"authenticate","decl":{"start":{"line":6,"column":15},"end":{"line":6,"column":27}},"loc":{"start":{"line":6,"column":75},"end":{"line":19,"column":1}}}},"branchMap":{"0":{"loc":{"start":{"line":8,"column":2},"end":{"line":9,"column":60}},"type":"if","locations":[{"start":{"line":8,"column":2},"end":{"line":9,"column":60}},{"start":{},"end":{}}]}},"s":{"0":3,"1":3,"2":3,"3":21,"4":21,"5":10,"6":11,"7":11,"8":11,"9":11,"10":0,"11":11,"12":3},"f":{"0":21},"b":{"0":[10,11]}}
,"/Users/apple/4-sprint-mission/8/src/middleware/validate.ts": {"path":"/Users/apple/4-sprint-mission/8/src/middleware/validate.ts","statementMap":{"0":{"start":{"line":10,"column":0},"end":{"line":10,"column":7}},"1":{"start":{"line":30,"column":0},"end":{"line":30,"column":7}},"2":{"start":{"line":49,"column":0},"end":{"line":49,"column":7}},"3":{"start":{"line":68,"column":0},"end":{"line":68,"column":16}},"4":{"start":{"line":2,"column":0},"end":{"line":2,"column":43}},"5":{"start":{"line":3,"column":0},"end":{"line":3,"column":52}},"6":{"start":{"line":4,"column":0},"end":{"line":4,"column":66}},"7":{"start":{"line":15,"column":14},"end":{"line":15,"column":51}},"8":{"start":{"line":16,"column":17},"end":{"line":16,"column":36}},"9":{"start":{"line":18,"column":2},"end":{"line":25,"column":3}},"10":{"start":{"line":19,"column":4},"end":{"line":24,"column":7}},"11":{"start":{"line":20,"column":35},"end":{"line":23,"column":8}},"12":{"start":{"line":27,"column":2},"end":{"line":27,"column":9}},"13":{"start":{"line":35,"column":14},"end":{"line":35,"column":51}},"14":{"start":{"line":36,"column":17},"end":{"line":36,"column":36}},"15":{"start":{"line":38,"column":2},"end":{"line":45,"column":3}},"16":{"start":{"line":39,"column":4},"end":{"line":44,"column":7}},"17":{"start":{"line":40,"column":35},"end":{"line":43,"column":8}},"18":{"start":{"line":46,"column":2},"end":{"line":46,"column":9}},"19":{"start":{"line":54,"column":14},"end":{"line":54,"column":51}},"20":{"start":{"line":55,"column":17},"end":{"line":55,"column":36}},"21":{"start":{"line":57,"column":2},"end":{"line":64,"column":3}},"22":{"start":{"line":58,"column":4},"end":{"line":63,"column":7}},"23":{"start":{"line":59,"column":35},"end":{"line":62,"column":8}},"24":{"start":{"line":65,"column":2},"end":{"line":65,"column":9}},"25":{"start":{"line":73,"column":13},"end":{"line":73,"column":34}},"26":{"start":{"line":74,"column":2},"end":{"line":76,"column":3}},"27":{"start":{"line":75,"column":4},"end":{"line":75,"column":61}},"28":{"start":{"line":77,"column":2},"end":{"line":77,"column":21}},"29":{"start":{"line":78,"column":2},"end":{"line":78,"column":9}}},"fnMap":{"0":{"name":"validateArticle","decl":{"start":{"line":10,"column":22},"end":{"line":10,"column":37}},"loc":{"start":{"line":13,"column":20},"end":{"line":28,"column":1}}},"1":{"name":"(anonymous_1)","decl":{"start":{"line":20,"column":25},"end":{"line":20,"column":26}},"loc":{"start":{"line":20,"column":35},"end":{"line":23,"column":8}}},"2":{"name":"validateProduct","decl":{"start":{"line":30,"column":22},"end":{"line":30,"column":37}},"loc":{"start":{"line":33,"column":20},"end":{"line":47,"column":1}}},"3":{"name":"(anonymous_3)","decl":{"start":{"line":40,"column":25},"end":{"line":40,"column":26}},"loc":{"start":{"line":40,"column":35},"end":{"line":43,"column":8}}},"4":{"name":"validateContent","decl":{"start":{"line":49,"column":22},"end":{"line":49,"column":37}},"loc":{"start":{"line":52,"column":20},"end":{"line":66,"column":1}}},"5":{"name":"(anonymous_5)","decl":{"start":{"line":59,"column":25},"end":{"line":59,"column":26}},"loc":{"start":{"line":59,"column":35},"end":{"line":62,"column":8}}},"6":{"name":"validateId","decl":{"start":{"line":68,"column":16},"end":{"line":68,"column":26}},"loc":{"start":{"line":71,"column":20},"end":{"line":79,"column":1}}}},"branchMap":{"0":{"loc":{"start":{"line":18,"column":2},"end":{"line":25,"column":3}},"type":"if","locations":[{"start":{"line":18,"column":2},"end":{"line":25,"column":3}},{"start":{},"end":{}}]},"1":{"loc":{"start":{"line":22,"column":32},"end":{"line":22,"column":53}},"type":"binary-expr","locations":[{"start":{"line":22,"column":32},"end":{"line":22,"column":47}},{"start":{"line":22,"column":51},"end":{"line":22,"column":53}}]},"2":{"loc":{"start":{"line":38,"column":2},"end":{"line":45,"column":3}},"type":"if","locations":[{"start":{"line":38,"column":2},"end":{"line":45,"column":3}},{"start":{},"end":{}}]},"3":{"loc":{"start":{"line":42,"column":32},"end":{"line":42,"column":53}},"type":"binary-expr","locations":[{"start":{"line":42,"column":32},"end":{"line":42,"column":47}},{"start":{"line":42,"column":51},"end":{"line":42,"column":53}}]},"4":{"loc":{"start":{"line":57,"column":2},"end":{"line":64,"column":3}},"type":"if","locations":[{"start":{"line":57,"column":2},"end":{"line":64,"column":3}},{"start":{},"end":{}}]},"5":{"loc":{"start":{"line":61,"column":32},"end":{"line":61,"column":53}},"type":"binary-expr","locations":[{"start":{"line":61,"column":32},"end":{"line":61,"column":47}},{"start":{"line":61,"column":51},"end":{"line":61,"column":53}}]},"6":{"loc":{"start":{"line":74,"column":2},"end":{"line":76,"column":3}},"type":"if","locations":[{"start":{"line":74,"column":2},"end":{"line":76,"column":3}},{"start":{},"end":{}}]}},"s":{"0":3,"1":3,"2":3,"3":3,"4":3,"5":3,"6":3,"7":1,"8":1,"9":1,"10":0,"11":0,"12":1,"13":1,"14":1,"15":1,"16":0,"17":0,"18":1,"19":0,"20":0,"21":0,"22":0,"23":0,"24":0,"25":0,"26":0,"27":0,"28":0,"29":0},"f":{"0":1,"1":0,"2":1,"3":0,"4":0,"5":0,"6":0},"b":{"0":[0,1],"1":[0,0],"2":[0,1],"3":[0,0],"4":[0,0],"5":[0,0],"6":[0,0]}}
,"/Users/apple/4-sprint-mission/8/src/repository/article_repository.ts": {"path":"/Users/apple/4-sprint-mission/8/src/repository/article_repository.ts","statementMap":{"0":{"start":{"line":3,"column":0},"end":{"line":3,"column":7}},"1":{"start":{"line":7,"column":0},"end":{"line":7,"column":7}},"2":{"start":{"line":17,"column":0},"end":{"line":17,"column":7}},"3":{"start":{"line":23,"column":0},"end":{"line":23,"column":7}},"4":{"start":{"line":43,"column":0},"end":{"line":43,"column":7}},"5":{"start":{"line":72,"column":0},"end":{"line":72,"column":7}},"6":{"start":{"line":1,"column":0},"end":{"line":1,"column":30}},"7":{"start":{"line":4,"column":2},"end":{"line":4,"column":60}},"8":{"start":{"line":12,"column":2},"end":{"line":14,"column":5}},"9":{"start":{"line":18,"column":2},"end":{"line":20,"column":5}},"10":{"start":{"line":24,"column":2},"end":{"line":40,"column":5}},"11":{"start":{"line":48,"column":2},"end":{"line":69,"column":5}},"12":{"start":{"line":77,"column":2},"end":{"line":80,"column":5}}},"fnMap":{"0":{"name":"findUniqueRepo","decl":{"start":{"line":3,"column":22},"end":{"line":3,"column":36}},"loc":{"start":{"line":3,"column":47},"end":{"line":5,"column":1}}},"1":{"name":"createArticleRepo","decl":{"start":{"line":7,"column":22},"end":{"line":7,"column":39}},"loc":{"start":{"line":11,"column":17},"end":{"line":15,"column":1}}},"2":{"name":"deleteArticleRepo","decl":{"start":{"line":17,"column":22},"end":{"line":17,"column":39}},"loc":{"start":{"line":17,"column":50},"end":{"line":21,"column":1}}},"3":{"name":"getArticleByIdRepo","decl":{"start":{"line":23,"column":22},"end":{"line":23,"column":40}},"loc":{"start":{"line":23,"column":51},"end":{"line":41,"column":1}}},"4":{"name":"getArticleRepo","decl":{"start":{"line":43,"column":22},"end":{"line":43,"column":36}},"loc":{"start":{"line":46,"column":16},"end":{"line":70,"column":1}}},"5":{"name":"updateArticleRepo","decl":{"start":{"line":72,"column":22},"end":{"line":72,"column":39}},"loc":{"start":{"line":76,"column":17},"end":{"line":81,"column":1}}}},"branchMap":{},"s":{"0":3,"1":3,"2":3,"3":3,"4":3,"5":3,"6":3,"7":2,"8":1,"9":1,"10":1,"11":1,"12":1},"f":{"0":2,"1":1,"2":1,"3":1,"4":1,"5":1},"b":{}}
,"/Users/apple/4-sprint-mission/8/src/repository/comment_repository.ts": {"path":"/Users/apple/4-sprint-mission/8/src/repository/comment_repository.ts","statementMap":{"0":{"start":{"line":3,"column":0},"end":{"line":3,"column":7}},"1":{"start":{"line":7,"column":0},"end":{"line":7,"column":7}},"2":{"start":{"line":22,"column":0},"end":{"line":22,"column":7}},"3":{"start":{"line":37,"column":0},"end":{"line":37,"column":7}},"4":{"start":{"line":43,"column":0},"end":{"line":43,"column":7}},"5":{"start":{"line":58,"column":0},"end":{"line":58,"column":7}},"6":{"start":{"line":73,"column":0},"end":{"line":73,"column":7}},"7":{"start":{"line":86,"column":0},"end":{"line":86,"column":7}},"8":{"start":{"line":1,"column":0},"end":{"line":1,"column":30}},"9":{"start":{"line":4,"column":2},"end":{"line":4,"column":60}},"10":{"start":{"line":12,"column":20},"end":{"line":12,"column":22}},"11":{"start":{"line":13,"column":2},"end":{"line":19,"column":5}},"12":{"start":{"line":27,"column":28},"end":{"line":27,"column":30}},"13":{"start":{"line":28,"column":2},"end":{"line":34,"column":5}},"14":{"start":{"line":38,"column":2},"end":{"line":40,"column":5}},"15":{"start":{"line":44,"column":2},"end":{"line":55,"column":5}},"16":{"start":{"line":59,"column":2},"end":{"line":70,"column":5}},"17":{"start":{"line":78,"column":13},"end":{"line":78,"column":22}},"18":{"start":{"line":79,"column":2},"end":{"line":82,"column":5}},"19":{"start":{"line":87,"column":2},"end":{"line":90,"column":5}}},"fnMap":{"0":{"name":"findUniqueRepo","decl":{"start":{"line":3,"column":22},"end":{"line":3,"column":36}},"loc":{"start":{"line":3,"column":47},"end":{"line":5,"column":1}}},"1":{"name":"createArticleCommentRepo","decl":{"start":{"line":7,"column":22},"end":{"line":7,"column":46}},"loc":{"start":{"line":11,"column":17},"end":{"line":20,"column":1}}},"2":{"name":"createProductCommentRepo","decl":{"start":{"line":22,"column":22},"end":{"line":22,"column":46}},"loc":{"start":{"line":26,"column":17},"end":{"line":35,"column":1}}},"3":{"name":"deleteCommentRepo","decl":{"start":{"line":37,"column":22},"end":{"line":37,"column":39}},"loc":{"start":{"line":37,"column":50},"end":{"line":41,"column":1}}},"4":{"name":"getArticleRepo","decl":{"start":{"line":43,"column":22},"end":{"line":43,"column":36}},"loc":{"start":{"line":43,"column":70},"end":{"line":56,"column":1}}},"5":{"name":"getProductRepo","decl":{"start":{"line":58,"column":22},"end":{"line":58,"column":36}},"loc":{"start":{"line":58,"column":70},"end":{"line":71,"column":1}}},"6":{"name":"updateCommentRepo","decl":{"start":{"line":73,"column":22},"end":{"line":73,"column":39}},"loc":{"start":{"line":77,"column":17},"end":{"line":83,"column":1}}},"7":{"name":"findArticleAuthor","decl":{"start":{"line":86,"column":22},"end":{"line":86,"column":39}},"loc":{"start":{"line":86,"column":57},"end":{"line":91,"column":1}}}},"branchMap":{"0":{"loc":{"start":{"line":47,"column":10},"end":{"line":47,"column":24}},"type":"cond-expr","locations":[{"start":{"line":47,"column":19},"end":{"line":47,"column":20}},{"start":{"line":47,"column":23},"end":{"line":47,"column":24}}]},"1":{"loc":{"start":{"line":48,"column":8},"end":{"line":48,"column":44}},"type":"binary-expr","locations":[{"start":{"line":48,"column":8},"end":{"line":48,"column":14}},{"start":{"line":48,"column":18},"end":{"line":48,"column":44}}]},"2":{"loc":{"start":{"line":62,"column":10},"end":{"line":62,"column":24}},"type":"cond-expr","locations":[{"start":{"line":62,"column":19},"end":{"line":62,"column":20}},{"start":{"line":62,"column":23},"end":{"line":62,"column":24}}]},"3":{"loc":{"start":{"line":63,"column":8},"end":{"line":63,"column":44}},"type":"binary-expr","locations":[{"start":{"line":63,"column":8},"end":{"line":63,"column":14}},{"start":{"line":63,"column":18},"end":{"line":63,"column":44}}]}},"s":{"0":3,"1":3,"2":3,"3":3,"4":3,"5":3,"6":3,"7":3,"8":3,"9":0,"10":0,"11":0,"12":0,"13":0,"14":0,"15":0,"16":0,"17":0,"18":0,"19":0},"f":{"0":0,"1":0,"2":0,"3":0,"4":0,"5":0,"6":0,"7":0},"b":{"0":[0,0],"1":[0,0],"2":[0,0],"3":[0,0]}}
,"/Users/apple/4-sprint-mission/8/src/repository/like_repository.ts": {"path":"/Users/apple/4-sprint-mission/8/src/repository/like_repository.ts","statementMap":{"0":{"start":{"line":3,"column":0},"end":{"line":3,"column":7}},"1":{"start":{"line":10,"column":0},"end":{"line":10,"column":7}},"2":{"start":{"line":17,"column":0},"end":{"line":17,"column":7}},"3":{"start":{"line":27,"column":0},"end":{"line":27,"column":7}},"4":{"start":{"line":34,"column":0},"end":{"line":34,"column":7}},"5":{"start":{"line":41,"column":0},"end":{"line":41,"column":7}},"6":{"start":{"line":1,"column":0},"end":{"line":1,"column":30}},"7":{"start":{"line":4,"column":20},"end":{"line":4,"column":22}},"8":{"start":{"line":5,"column":2},"end":{"line":7,"column":5}},"9":{"start":{"line":11,"column":20},"end":{"line":11,"column":22}},"10":{"start":{"line":12,"column":2},"end":{"line":14,"column":5}},"11":{"start":{"line":18,"column":20},"end":{"line":18,"column":22}},"12":{"start":{"line":19,"column":2},"end":{"line":24,"column":5}},"13":{"start":{"line":28,"column":20},"end":{"line":28,"column":22}},"14":{"start":{"line":29,"column":2},"end":{"line":31,"column":5}},"15":{"start":{"line":35,"column":20},"end":{"line":35,"column":22}},"16":{"start":{"line":36,"column":2},"end":{"line":38,"column":5}},"17":{"start":{"line":42,"column":20},"end":{"line":42,"column":22}},"18":{"start":{"line":43,"column":2},"end":{"line":48,"column":5}}},"fnMap":{"0":{"name":"findUniqueArticle","decl":{"start":{"line":3,"column":22},"end":{"line":3,"column":39}},"loc":{"start":{"line":3,"column":68},"end":{"line":8,"column":1}}},"1":{"name":"deleteArticleLikeRepo","decl":{"start":{"line":10,"column":22},"end":{"line":10,"column":43}},"loc":{"start":{"line":10,"column":72},"end":{"line":15,"column":1}}},"2":{"name":"ArticleLikeRepo","decl":{"start":{"line":17,"column":22},"end":{"line":17,"column":37}},"loc":{"start":{"line":17,"column":66},"end":{"line":25,"column":1}}},"3":{"name":"findUniqeProduct","decl":{"start":{"line":27,"column":22},"end":{"line":27,"column":38}},"loc":{"start":{"line":27,"column":67},"end":{"line":32,"column":1}}},"4":{"name":"deleteProductLikeRepo","decl":{"start":{"line":34,"column":22},"end":{"line":34,"column":43}},"loc":{"start":{"line":34,"column":72},"end":{"line":39,"column":1}}},"5":{"name":"ProductLikeRepo","decl":{"start":{"line":41,"column":22},"end":{"line":41,"column":37}},"loc":{"start":{"line":41,"column":66},"end":{"line":49,"column":1}}}},"branchMap":{},"s":{"0":3,"1":3,"2":3,"3":3,"4":3,"5":3,"6":3,"7":0,"8":0,"9":0,"10":0,"11":0,"12":0,"13":0,"14":0,"15":0,"16":0,"17":0,"18":0},"f":{"0":0,"1":0,"2":0,"3":0,"4":0,"5":0},"b":{}}
,"/Users/apple/4-sprint-mission/8/src/repository/notification_repository.ts": {"path":"/Users/apple/4-sprint-mission/8/src/repository/notification_repository.ts","statementMap":{"0":{"start":{"line":4,"column":0},"end":{"line":4,"column":7}},"1":{"start":{"line":14,"column":0},"end":{"line":14,"column":7}},"2":{"start":{"line":21,"column":0},"end":{"line":21,"column":7}},"3":{"start":{"line":29,"column":0},"end":{"line":29,"column":7}},"4":{"start":{"line":1,"column":0},"end":{"line":1,"column":30}},"5":{"start":{"line":5,"column":2},"end":{"line":10,"column":5}},"6":{"start":{"line":15,"column":2},"end":{"line":17,"column":5}},"7":{"start":{"line":22,"column":2},"end":{"line":25,"column":5}},"8":{"start":{"line":30,"column":2},"end":{"line":32,"column":5}}},"fnMap":{"0":{"name":"createNotification","decl":{"start":{"line":4,"column":22},"end":{"line":4,"column":40}},"loc":{"start":{"line":4,"column":72},"end":{"line":11,"column":1}}},"1":{"name":"getNotifications","decl":{"start":{"line":14,"column":22},"end":{"line":14,"column":38}},"loc":{"start":{"line":14,"column":53},"end":{"line":18,"column":1}}},"2":{"name":"readNotification","decl":{"start":{"line":21,"column":22},"end":{"line":21,"column":38}},"loc":{"start":{"line":21,"column":61},"end":{"line":26,"column":1}}},"3":{"name":"getNotreadNotifications","decl":{"start":{"line":29,"column":22},"end":{"line":29,"column":45}},"loc":{"start":{"line":29,"column":60},"end":{"line":33,"column":1}}}},"branchMap":{},"s":{"0":3,"1":3,"2":3,"3":3,"4":3,"5":0,"6":0,"7":0,"8":0},"f":{"0":0,"1":0,"2":0,"3":0},"b":{}}
,"/Users/apple/4-sprint-mission/8/src/repository/prisma.ts": {"path":"/Users/apple/4-sprint-mission/8/src/repository/prisma.ts","statementMap":{"0":{"start":{"line":1,"column":0},"end":{"line":1,"column":46}},"1":{"start":{"line":3,"column":15},"end":{"line":3,"column":33}},"2":{"start":{"line":5,"column":0},"end":{"line":5,"column":22}}},"fnMap":{},"branchMap":{},"s":{"0":3,"1":3,"2":3},"f":{},"b":{}}
,"/Users/apple/4-sprint-mission/8/src/repository/product_repository.ts": {"path":"/Users/apple/4-sprint-mission/8/src/repository/product_repository.ts","statementMap":{"0":{"start":{"line":3,"column":0},"end":{"line":3,"column":7}},"1":{"start":{"line":7,"column":0},"end":{"line":7,"column":7}},"2":{"start":{"line":19,"column":0},"end":{"line":19,"column":7}},"3":{"start":{"line":25,"column":0},"end":{"line":25,"column":7}},"4":{"start":{"line":47,"column":0},"end":{"line":47,"column":7}},"5":{"start":{"line":81,"column":0},"end":{"line":81,"column":7}},"6":{"start":{"line":89,"column":0},"end":{"line":89,"column":7}},"7":{"start":{"line":1,"column":0},"end":{"line":1,"column":30}},"8":{"start":{"line":4,"column":2},"end":{"line":4,"column":60}},"9":{"start":{"line":8,"column":2},"end":{"line":16,"column":5}},"10":{"start":{"line":20,"column":2},"end":{"line":22,"column":5}},"11":{"start":{"line":26,"column":2},"end":{"line":44,"column":5}},"12":{"start":{"line":52,"column":2},"end":{"line":78,"column":5}},"13":{"start":{"line":82,"column":2},"end":{"line":85,"column":5}},"14":{"start":{"line":90,"column":2},"end":{"line":93,"column":5}}},"fnMap":{"0":{"name":"findUniqueProduct","decl":{"start":{"line":3,"column":22},"end":{"line":3,"column":39}},"loc":{"start":{"line":3,"column":50},"end":{"line":5,"column":1}}},"1":{"name":"createProductRepo","decl":{"start":{"line":7,"column":22},"end":{"line":7,"column":39}},"loc":{"start":{"line":7,"column":70},"end":{"line":17,"column":1}}},"2":{"name":"deleteProduct","decl":{"start":{"line":19,"column":22},"end":{"line":19,"column":35}},"loc":{"start":{"line":19,"column":46},"end":{"line":23,"column":1}}},"3":{"name":"getProductByIdRepo","decl":{"start":{"line":25,"column":22},"end":{"line":25,"column":40}},"loc":{"start":{"line":25,"column":51},"end":{"line":45,"column":1}}},"4":{"name":"getProductRepo","decl":{"start":{"line":47,"column":22},"end":{"line":47,"column":36}},"loc":{"start":{"line":50,"column":16},"end":{"line":79,"column":1}}},"5":{"name":"updateProduct","decl":{"start":{"line":81,"column":22},"end":{"line":81,"column":35}},"loc":{"start":{"line":81,"column":76},"end":{"line":86,"column":1}}},"6":{"name":"findUserLikedProduct","decl":{"start":{"line":89,"column":22},"end":{"line":89,"column":42}},"loc":{"start":{"line":89,"column":60},"end":{"line":94,"column":1}}}},"branchMap":{},"s":{"0":3,"1":3,"2":3,"3":3,"4":3,"5":3,"6":3,"7":3,"8":2,"9":1,"10":1,"11":2,"12":1,"13":1,"14":0},"f":{"0":2,"1":1,"2":1,"3":2,"4":1,"5":1,"6":0},"b":{}}
,"/Users/apple/4-sprint-mission/8/src/repository/user_repository.ts": {"path":"/Users/apple/4-sprint-mission/8/src/repository/user_repository.ts","statementMap":{"0":{"start":{"line":3,"column":0},"end":{"line":3,"column":7}},"1":{"start":{"line":14,"column":0},"end":{"line":14,"column":7}},"2":{"start":{"line":21,"column":0},"end":{"line":21,"column":7}},"3":{"start":{"line":28,"column":0},"end":{"line":28,"column":7}},"4":{"start":{"line":38,"column":0},"end":{"line":38,"column":7}},"5":{"start":{"line":42,"column":0},"end":{"line":42,"column":7}},"6":{"start":{"line":1,"column":0},"end":{"line":1,"column":30}},"7":{"start":{"line":4,"column":2},"end":{"line":11,"column":5}},"8":{"start":{"line":15,"column":2},"end":{"line":18,"column":5}},"9":{"start":{"line":22,"column":2},"end":{"line":25,"column":5}},"10":{"start":{"line":29,"column":2},"end":{"line":35,"column":5}},"11":{"start":{"line":39,"column":2},"end":{"line":39,"column":57}},"12":{"start":{"line":43,"column":2},"end":{"line":46,"column":5}}},"fnMap":{"0":{"name":"getUserById","decl":{"start":{"line":3,"column":22},"end":{"line":3,"column":33}},"loc":{"start":{"line":3,"column":44},"end":{"line":12,"column":1}}},"1":{"name":"getArticles","decl":{"start":{"line":14,"column":22},"end":{"line":14,"column":33}},"loc":{"start":{"line":14,"column":48},"end":{"line":19,"column":1}}},"2":{"name":"getProducts","decl":{"start":{"line":21,"column":22},"end":{"line":21,"column":33}},"loc":{"start":{"line":21,"column":48},"end":{"line":26,"column":1}}},"3":{"name":"getUser","decl":{"start":{"line":28,"column":22},"end":{"line":28,"column":29}},"loc":{"start":{"line":28,"column":29},"end":{"line":36,"column":1}}},"4":{"name":"findUniqueUser","decl":{"start":{"line":38,"column":22},"end":{"line":38,"column":36}},"loc":{"start":{"line":38,"column":47},"end":{"line":40,"column":1}}},"5":{"name":"updateUser","decl":{"start":{"line":42,"column":22},"end":{"line":42,"column":32}},"loc":{"start":{"line":42,"column":65},"end":{"line":47,"column":1}}}},"branchMap":{},"s":{"0":3,"1":3,"2":3,"3":3,"4":3,"5":3,"6":3,"7":0,"8":0,"9":0,"10":0,"11":0,"12":0},"f":{"0":0,"1":0,"2":0,"3":0,"4":0,"5":0},"b":{}}
,"/Users/apple/4-sprint-mission/8/src/routes/article_router.ts": {"path":"/Users/apple/4-sprint-mission/8/src/routes/article_router.ts","statementMap":{"0":{"start":{"line":1,"column":0},"end":{"line":1,"column":30}},"1":{"start":{"line":2,"column":0},"end":{"line":2,"column":null}},"2":{"start":{"line":9,"column":0},"end":{"line":9,"column":51}},"3":{"start":{"line":10,"column":0},"end":{"line":10,"column":54}},"4":{"start":{"line":12,"column":0},"end":{"line":12,"column":null}},"5":{"start":{"line":19,"column":0},"end":{"line":19,"column":71}},"6":{"start":{"line":21,"column":15},"end":{"line":21,"column":31}},"7":{"start":{"line":23,"column":0},"end":{"line":26,"column":73}},"8":{"start":{"line":27,"column":0},"end":{"line":31,"column":49}},"9":{"start":{"line":33,"column":0},"end":{"line":33,"column":62}},"10":{"start":{"line":35,"column":0},"end":{"line":38,"column":80}},"11":{"start":{"line":39,"column":0},"end":{"line":42,"column":49}},"12":{"start":{"line":44,"column":0},"end":{"line":44,"column":22}}},"fnMap":{},"branchMap":{},"s":{"0":3,"1":3,"2":3,"3":3,"4":3,"5":3,"6":3,"7":3,"8":3,"9":3,"10":3,"11":3,"12":3},"f":{},"b":{}}
,"/Users/apple/4-sprint-mission/8/src/routes/login_router.ts": {"path":"/Users/apple/4-sprint-mission/8/src/routes/login_router.ts","statementMap":{"0":{"start":{"line":1,"column":0},"end":{"line":1,"column":30}},"1":{"start":{"line":2,"column":0},"end":{"line":2,"column":28}},"2":{"start":{"line":4,"column":0},"end":{"line":4,"column":42}},"3":{"start":{"line":5,"column":0},"end":{"line":5,"column":66}},"4":{"start":{"line":6,"column":0},"end":{"line":6,"column":null}},"5":{"start":{"line":12,"column":15},"end":{"line":12,"column":31}},"6":{"start":{"line":14,"column":0},"end":{"line":14,"column":35}},"7":{"start":{"line":15,"column":0},"end":{"line":15,"column":29}},"8":{"start":{"line":16,"column":0},"end":{"line":16,"column":39}},"9":{"start":{"line":17,"column":0},"end":{"line":17,"column":31}},"10":{"start":{"line":20,"column":40},"end":{"line":20,"column":48}},"11":{"start":{"line":22,"column":15},"end":{"line":22,"column":39}},"12":{"start":{"line":23,"column":25},"end":{"line":23,"column":58}},"13":{"start":{"line":24,"column":15},"end":{"line":26,"column":4}},"14":{"start":{"line":28,"column":50},"end":{"line":28,"column":54}},"15":{"start":{"line":29,"column":2},"end":{"line":29,"column":44}},"16":{"start":{"line":33,"column":30},"end":{"line":33,"column":38}},"17":{"start":{"line":34,"column":15},"end":{"line":34,"column":65}},"18":{"start":{"line":35,"column":2},"end":{"line":37,"column":3}},"19":{"start":{"line":36,"column":4},"end":{"line":36,"column":64}},"20":{"start":{"line":38,"column":26},"end":{"line":38,"column":71}},"21":{"start":{"line":39,"column":2},"end":{"line":40,"column":61}},"22":{"start":{"line":40,"column":4},"end":{"line":40,"column":61}},"23":{"start":{"line":42,"column":40},"end":{"line":42,"column":63}},"24":{"start":{"line":43,"column":2},"end":{"line":43,"column":50}},"25":{"start":{"line":45,"column":2},"end":{"line":45,"column":65}},"26":{"start":{"line":49,"column":23},"end":{"line":49,"column":61}},"27":{"start":{"line":50,"column":2},"end":{"line":50,"column":78}},"28":{"start":{"line":50,"column":21},"end":{"line":50,"column":78}},"29":{"start":{"line":52,"column":21},"end":{"line":52,"column":53}},"30":{"start":{"line":53,"column":15},"end":{"line":53,"column":70}},"31":{"start":{"line":54,"column":2},"end":{"line":54,"column":70}},"32":{"start":{"line":54,"column":13},"end":{"line":54,"column":70}},"33":{"start":{"line":56,"column":57},"end":{"line":57,"column":null}},"34":{"start":{"line":59,"column":2},"end":{"line":59,"column":53}},"35":{"start":{"line":60,"column":2},"end":{"line":60,"column":25}},"36":{"start":{"line":64,"column":2},"end":{"line":64,"column":25}},"37":{"start":{"line":65,"column":2},"end":{"line":65,"column":47}},"38":{"start":{"line":73,"column":2},"end":{"line":77,"column":5}},"39":{"start":{"line":78,"column":2},"end":{"line":83,"column":5}},"40":{"start":{"line":87,"column":2},"end":{"line":87,"column":44}},"41":{"start":{"line":88,"column":2},"end":{"line":88,"column":45}},"42":{"start":{"line":91,"column":0},"end":{"line":91,"column":22}}},"fnMap":{"0":{"name":"register","decl":{"start":{"line":19,"column":15},"end":{"line":19,"column":23}},"loc":{"start":{"line":19,"column":71},"end":{"line":30,"column":1}}},"1":{"name":"login","decl":{"start":{"line":32,"column":15},"end":{"line":32,"column":20}},"loc":{"start":{"line":32,"column":69},"end":{"line":46,"column":1}}},"2":{"name":"refreshTokens","decl":{"start":{"line":48,"column":15},"end":{"line":48,"column":28}},"loc":{"start":{"line":48,"column":56},"end":{"line":61,"column":1}}},"3":{"name":"logout","decl":{"start":{"line":63,"column":15},"end":{"line":63,"column":21}},"loc":{"start":{"line":63,"column":49},"end":{"line":66,"column":1}}},"4":{"name":"setTokenCookies","decl":{"start":{"line":68,"column":9},"end":{"line":68,"column":24}},"loc":{"start":{"line":71,"column":22},"end":{"line":84,"column":1}}},"5":{"name":"clearTokenCookies","decl":{"start":{"line":86,"column":9},"end":{"line":86,"column":26}},"loc":{"start":{"line":86,"column":40},"end":{"line":89,"column":1}}}},"branchMap":{"0":{"loc":{"start":{"line":35,"column":2},"end":{"line":37,"column":3}},"type":"if","locations":[{"start":{"line":35,"column":2},"end":{"line":37,"column":3}},{"start":{},"end":{}}]},"1":{"loc":{"start":{"line":39,"column":2},"end":{"line":40,"column":61}},"type":"if","locations":[{"start":{"line":39,"column":2},"end":{"line":40,"column":61}},{"start":{},"end":{}}]},"2":{"loc":{"start":{"line":50,"column":2},"end":{"line":50,"column":78}},"type":"if","locations":[{"start":{"line":50,"column":2},"end":{"line":50,"column":78}},{"start":{},"end":{}}]},"3":{"loc":{"start":{"line":54,"column":2},"end":{"line":54,"column":70}},"type":"if","locations":[{"start":{"line":54,"column":2},"end":{"line":54,"column":70}},{"start":{},"end":{}}]}},"s":{"0":3,"1":3,"2":3,"3":3,"4":3,"5":3,"6":3,"7":3,"8":3,"9":3,"10":3,"11":3,"12":3,"13":3,"14":1,"15":1,"16":3,"17":3,"18":3,"19":0,"20":3,"21":3,"22":0,"23":3,"24":3,"25":3,"26":0,"27":0,"28":0,"29":0,"30":0,"31":0,"32":0,"33":0,"34":0,"35":0,"36":0,"37":0,"38":3,"39":3,"40":0,"41":0,"42":3},"f":{"0":3,"1":3,"2":0,"3":0,"4":3,"5":0},"b":{"0":[0,3],"1":[0,3],"2":[0,0],"3":[0,0]}}
,"/Users/apple/4-sprint-mission/8/src/routes/notification_router.ts": {"path":"/Users/apple/4-sprint-mission/8/src/routes/notification_router.ts","statementMap":{"0":{"start":{"line":1,"column":0},"end":{"line":1,"column":30}},"1":{"start":{"line":2,"column":0},"end":{"line":2,"column":71}},"2":{"start":{"line":3,"column":0},"end":{"line":3,"column":54}},"3":{"start":{"line":5,"column":15},"end":{"line":5,"column":31}},"4":{"start":{"line":7,"column":0},"end":{"line":13,"column":4}},"5":{"start":{"line":14,"column":0},"end":{"line":14,"column":22}}},"fnMap":{},"branchMap":{},"s":{"0":3,"1":3,"2":3,"3":3,"4":3,"5":3},"f":{},"b":{}}
,"/Users/apple/4-sprint-mission/8/src/routes/product_router.ts": {"path":"/Users/apple/4-sprint-mission/8/src/routes/product_router.ts","statementMap":{"0":{"start":{"line":1,"column":0},"end":{"line":1,"column":30}},"1":{"start":{"line":3,"column":0},"end":{"line":3,"column":51}},"2":{"start":{"line":4,"column":0},"end":{"line":4,"column":54}},"3":{"start":{"line":6,"column":0},"end":{"line":6,"column":null}},"4":{"start":{"line":14,"column":0},"end":{"line":14,"column":null}},"5":{"start":{"line":21,"column":0},"end":{"line":21,"column":71}},"6":{"start":{"line":23,"column":15},"end":{"line":23,"column":31}},"7":{"start":{"line":25,"column":0},"end":{"line":28,"column":73}},"8":{"start":{"line":29,"column":0},"end":{"line":33,"column":49}},"9":{"start":{"line":35,"column":0},"end":{"line":35,"column":62}},"10":{"start":{"line":37,"column":0},"end":{"line":40,"column":80}},"11":{"start":{"line":41,"column":0},"end":{"line":44,"column":49}},"12":{"start":{"line":46,"column":0},"end":{"line":46,"column":22}}},"fnMap":{},"branchMap":{},"s":{"0":3,"1":3,"2":3,"3":3,"4":3,"5":3,"6":3,"7":3,"8":3,"9":3,"10":3,"11":3,"12":3},"f":{},"b":{}}
,"/Users/apple/4-sprint-mission/8/src/routes/upload_router.ts": {"path":"/Users/apple/4-sprint-mission/8/src/routes/upload_router.ts","statementMap":{"0":{"start":{"line":1,"column":0},"end":{"line":1,"column":30}},"1":{"start":{"line":2,"column":0},"end":{"line":2,"column":24}},"2":{"start":{"line":3,"column":0},"end":{"line":3,"column":28}},"3":{"start":{"line":4,"column":0},"end":{"line":4,"column":20}},"4":{"start":{"line":6,"column":15},"end":{"line":6,"column":31}},"5":{"start":{"line":7,"column":23},"end":{"line":7,"column":58}},"6":{"start":{"line":8,"column":0},"end":{"line":9,"column":52}},"7":{"start":{"line":9,"column":2},"end":{"line":9,"column":52}},"8":{"start":{"line":11,"column":16},"end":{"line":19,"column":2}},"9":{"start":{"line":13,"column":4},"end":{"line":13,"column":29}},"10":{"start":{"line":16,"column":25},"end":{"line":16,"column":75}},"11":{"start":{"line":17,"column":4},"end":{"line":17,"column":61}},"12":{"start":{"line":21,"column":15},"end":{"line":21,"column":34}},"13":{"start":{"line":23,"column":0},"end":{"line":32,"column":3}},"14":{"start":{"line":24,"column":16},"end":{"line":24,"column":50}},"15":{"start":{"line":25,"column":2},"end":{"line":27,"column":3}},"16":{"start":{"line":26,"column":4},"end":{"line":26,"column":63}},"17":{"start":{"line":28,"column":15},"end":{"line":29,"column":null}},"18":{"start":{"line":29,"column":14},"end":{"line":29,"column":62}},"19":{"start":{"line":31,"column":2},"end":{"line":31,"column":33}},"20":{"start":{"line":34,"column":0},"end":{"line":34,"column":22}}},"fnMap":{"0":{"name":"(anonymous_1)","decl":{"start":{"line":12,"column":15},"end":{"line":12,"column":16}},"loc":{"start":{"line":12,"column":33},"end":{"line":14,"column":3}}},"1":{"name":"(anonymous_2)","decl":{"start":{"line":15,"column":12},"end":{"line":15,"column":13}},"loc":{"start":{"line":15,"column":30},"end":{"line":18,"column":3}}},"2":{"name":"(anonymous_3)","decl":{"start":{"line":23,"column":43},"end":{"line":23,"column":44}},"loc":{"start":{"line":23,"column":56},"end":{"line":32,"column":1}}},"3":{"name":"(anonymous_4)","decl":{"start":{"line":29,"column":4},"end":{"line":29,"column":5}},"loc":{"start":{"line":29,"column":14},"end":{"line":29,"column":62}}}},"branchMap":{"0":{"loc":{"start":{"line":8,"column":0},"end":{"line":9,"column":52}},"type":"if","locations":[{"start":{"line":8,"column":0},"end":{"line":9,"column":52}},{"start":{},"end":{}}]},"1":{"loc":{"start":{"line":25,"column":2},"end":{"line":27,"column":3}},"type":"if","locations":[{"start":{"line":25,"column":2},"end":{"line":27,"column":3}},{"start":{},"end":{}}]},"2":{"loc":{"start":{"line":25,"column":6},"end":{"line":25,"column":34}},"type":"binary-expr","locations":[{"start":{"line":25,"column":6},"end":{"
[...]
,"/Users/apple/4-sprint-mission/8/src/services/notification_service.ts": {"path":"/Users/apple/4-sprint-mission/8/src/services/notification_service.ts","statementMap":{"0":{"start":{"line":5,"column":0},"end":{"line":5,"column":7}},"1":{"start":{"line":18,"column":0},"end":{"line":18,"column":7}},"2":{"start":{"line":27,"column":0},"end":{"line":27,"column":7}},"3":{"start":{"line":1,"column":0},"end":{"line":1,"column":74}},"4":{"start":{"line":2,"column":0},"end":{"line":2,"column":42}},"5":{"start":{"line":9,"column":23},"end":{"line":11,"column":null}},"6":{"start":{"line":13,"column":2},"end":{"line":13,"column":36}},"7":{"start":{"line":14,"column":2},"end":{"line":14,"column":22}},"8":{"start":{"line":19,"column":24},"end":{"line":19,"column":71}},"9":{"start":{"line":20,"column":30},"end":{"line":21,"column":null}},"10":{"start":{"line":23,"column":2},"end":{"line":23,"column":48}},"11":{"start":{"line":28,"column":23},"end":{"line":28,"column":78}},"12":{"start":{"line":29,"column":2},"end":{"line":29,"column":22}}},"fnMap":{"0":{"name":"createNotificationService","decl":{"start":{"line":5,"column":22},"end":{"line":5,"column":47}},"loc":{"start":{"line":7,"column":17},"end":{"line":15,"column":1}}},"1":{"name":"getNotificationsService","decl":{"start":{"line":18,"column":22},"end":{"line":18,"column":45}},"loc":{"start":{"line":18,"column":60},"end":{"line":24,"column":1}}},"2":{"name":"readNotificationService","decl":{"start":{"line":27,"column":22},"end":{"line":27,"column":45}},"loc":{"start":{"line":27,"column":68},"end":{"line":30,"column":1}}}},"branchMap":{},"s":{"0":3,"1":3,"2":3,"3":3,"4":3,"5":0,"6":0,"7":0,"8":0,"9":0,"10":0,"11":0,"12":0},"f":{"0":0,"1":0,"2":0},"b":{}}
,"/Users/apple/4-sprint-mission/8/src/services/product_service.ts": {"path":"/Users/apple/4-sprint-mission/8/src/services/product_service.ts","statementMap":{"0":{"start":{"line":5,"column":0},"end":{"line":5,"column":7}},"1":{"start":{"line":10,"column":0},"end":{"line":10,"column":7}},"2":{"start":{"line":17,"column":0},"end":{"line":17,"column":7}},"3":{"start":{"line":30,"column":0},"end":{"line":30,"column":7}},"4":{"start":{"line":44,"column":0},"end":{"line":44,"column":7}},"5":{"start":{"line":1,"column":0},"end":{"line":1,"column":64}},"6":{"start":{"line":2,"column":0},"end":{"line":2,"column":67}},"7":{"start":{"line":3,"column":0},"end":{"line":3,"column":42}},"8":{"start":{"line":6,"column":18},"end":{"line":6,"column":69}},"9":{"start":{"line":7,"column":2},"end":{"line":7,"column":17}},"10":{"start":{"line":11,"column":18},"end":{"line":11,"column":57}},"11":{"start":{"line":12,"column":2},"end":{"line":12,"column":58}},"12":{"start":{"line":12,"column":16},"end":{"line":12,"column":58}},"13":{"start":{"line":13,"column":2},"end":{"line":13,"column":71}},"14":{"start":{"line":13,"column":34},"end":{"line":13,"column":71}},"15":{"start":{"line":14,"column":2},"end":{"line":14,"column":38}},"16":{"start":{"line":18,"column":18},"end":{"line":18,"column":58}},"17":{"start":{"line":19,"column":2},"end":{"line":21,"column":3}},"18":{"start":{"line":20,"column":4},"end":{"line":20,"column":46}},"19":{"start":{"line":22,"column":36},"end":{"line":22,"column":43}},"20":{"start":{"line":23,"column":2},"end":{"line":27,"column":4}},"21":{"start":{"line":26,"column":43},"end":{"line":26,"column":63}},"22":{"start":{"line":36,"column":19},"end":{"line":36,"column":74}},"23":{"start":{"line":37,"column":2},"end":{"line":41,"column":6}},"24":{"start":{"line":37,"column":54},"end":{"line":41,"column":4}},"25":{"start":{"line":40,"column":43},"end":{"line":40,"column":63}},"26":{"start":{"line":49,"column":18},"end":{"line":49,"column":57}},"27":{"start":{"line":50,"column":2},"end":{"line":50,"column":58}},"28":{"start":{"line":50,"column":16},"end":{"line":50,"column":58}},"29":{"start":{"line":51,"column":2},"end":{"line":51,"column":71}},"30":{"start":{"line":51,"column":34},"end":{"line":51,"column":71}},"31":{"start":{"line":52,"column":25},"end":{"line":56,"column":4}},"32":{"start":{"line":59,"column":2},"end":{"line":67,"column":3}},"33":{"start":{"line":60,"column":23},"end":{"line":60,"column":65}},"34":{"start":{"line":61,"column":4},"end":{"line":66,"column":5}},"35":{"start":{"line":62,"column":22},"end":{"line":62,"column":86}},"36":{"start":{"line":63,"column":6},"end":{"line":65,"column":7}},"37":{"start":{"line":64,"column":8},"end":{"line":64,"column":59}},"38":{"start":{"line":68,"column":2},"end":{"line":68,"column":24}}},"fnMap":{"0":{"name":"createProductService","decl":{"start":{"line":5,"column":22},"end":{"line":5,"column":42}},"loc":{"start":{"line":5,"column":73},"end":{"line":8,"column":1}}},"1":{"name":"deleteProductService","decl":{"start":{"line":10,"column":22},"end":{"line":10,"column":42}},"loc":{"start":{"line":10,"column":71},"end":{"line":15,"column":1}}},"2":{"name":"getProductByIdService","decl":{"start":{"line":17,"column":22},"end":{"line":17,"column":43}},"loc":{"start":{"line":17,"column":72},"end":{"line":28,"column":1}}},"3":{"name":"(anonymous_12)","decl":{"start":{"line":26,"column":36},"end":{"line":26,"column":37}},"loc":{"start":{"line":26,"column":43},"end":{"line":26,"column":63}}},"4":{"name":"getProductService","decl":{"start":{"line":30,"column":22},"end":{"line":30,"column":39}},"loc":{"start":{"line":35,"column":14},"end":{"line":42,"column":1}}},"5":{"name":"(anonymous_14)","decl":{"start":{"line":37,"column":22},"end":{"line":37,"column":23}},"loc":{"start":{"line":37,"column":54},"end":{"line":41,"column":4}}},"6":{"name":"(anonymous_15)","decl":{"start":{"line":40,"column":36},"end":{"line":40,"column":37}},"loc":{"start":{"line":40,"column":43},"end":{"line":40,"column":63}}},"7":{"name":"updateProductService","decl":{"start":{"line":44,"column":22},"end":{"line":44,"column":42}},"loc":{"start":{"line":48,"column":17},"end":{"line":69,"column":1}}}},"branchMap":{"0":{"loc":{"start":{"line":12,"column":2},"end":{"line":12,"column":58}},"type":"if","locations":[{"start":{"line":12,"column":2},"end":{"line":12,"column":58}},{"start":{},"end":{}}]},"1":{"loc":{"start":{"line":13,"column":2},"end":{"line":13,"column":71}},"type":"if","locations":[{"start":{"line":13,"column":2},"end":{"line":13,"column":71}},{"start":{},"end":{}}]},"2":{"loc":{"start":{"line":19,"column":2},"end":{"line":21,"column":3}},"type":"if","locations":[{"start":{"line":19,"column":2},"end":{"line":21,"column":3}},{"start":{},"end":{}}]},"3":{"loc":{"start":{"line":26,"column":13},"end":{"line":26,"column":64}},"type":"binary-expr","locations":[{"start":{"line":26,"column":13},"end":{"line":26,"column":22}},{"start":{"line":26,"column":26},"end":{"line":26,"column":64}}]},"4":{"loc":{"start":{"line":40,"column":13},"end":{"line":40,"column":64}},"type":"binary-expr","locations":[{"start":{"line":40,"column":13},"end":{"line":40,"column":22}},{"start":{"line":40,"column":26},"end":{"line":40,"column":64}}]},"5":{"loc":{"start":{"line":50,"column":2},"end":{"line":50,"column":58}},"type":"if","locations":[{"start":{"line":50,"column":2},"end":{"line":50,"column":58}},{"start":{},"end":{}}]},"6":{"loc":{"start":{"line":51,"column":2},"end":{"line":51,"column":71}},"type":"if","locations":[{"start":{"line":51,"column":2},"end":{"line":51,"column":71}},{"start":{},"end":{}}]},"7":{"loc":{"start":{"line":59,"column":2},"end":{"line":67,"column":3}},"type":"if","locations":[{"start":{"line":59,"column":2},"end":{"line":67,"column":3}},{"start":{},"end":{}}]},"8":{"loc":{"start":{"line":59,"column":6},"end":{"line":59,"column":74}},"type":"binary-expr","locations":[{"start":{"line":59,"column":6},"end":{"line":59,"column":36}},{"start":{"line":59,"column":40},"end":{"line":59,"column":74}}]},"9":{"loc":{"start":{"line":61,"column":4},"end":{"line":66,"column":5}},"type":"if","locations":[{"start":{"line":61,"column":4},"end":{"line":66,"column":5}},{"start":{},"end":{}}]},"10":{"loc":{"start":{"line":61,"column":8},"end":{"line":61,"column":43}},"type":"binary-expr","locations":[{"start":{"line":61,"column":8},"end":{"line":61,"column":18}},{"start":{"line":61,"column":22},"end":{"line":61,"column":43}}]}},"s":{"0":3,"1":3,"2":3,"3":3,"4":3,"5":3,"6":3,"7":3,"8":1,"9":1,"10":1,"11":1,"12":0,"13":1,"14":0,"15":1,"16":2,"17":2,"18":1,"19":1,"20":1,"21":0,"22":1,"23":1,"24":0,"25":0,"26":1,"27":1,"28":0,"29":1,"30":0,"31":1,"32":1,"33":0,"34":0,"35":0,"36":0,"37":0,"38":1},"f":{"0":1,"1":1,"2":2,"3":0,"4":1,"5":0,"6":0,"7":1},"b":{"0":[0,1],"1":[0,1],"2":[1,1],"3":[1,1],"4":[0,0],"5":[0,1],"6":[0,1],"7":[0,1],"8":[1,0],"9":[0,0],"10":[0,0]}}
,"/Users/apple/4-sprint-mission/8/src/services/user_service.ts": {"path":"/Users/apple/4-sprint-mission/8/src/services/user_service.ts","statementMap":{"0":{"start":{"line":5,"column":0},"end":{"line":5,"column":7}},"1":{"start":{"line":11,"column":0},"end":{"line":11,"column":7}},"2":{"start":{"line":28,"column":0},"end":{"line":28,"column":7}},"3":{"start":{"line":36,"column":0},"end":{"line":36,"column":7}},"4":{"start":{"line":2,"column":0},"end":{"line":2,"column":58}},"5":{"start":{"line":3,"column":0},"end":{"line":3,"column":42}},"6":{"start":{"line":6,"column":15},"end":{"line":6,"column":45}},"7":{"start":{"line":7,"column":2},"end":{"line":7,"column":56}},"8":{"start":{"line":7,"column":13},"end":{"line":7,"column":56}},"9":{"start":{"line":8,"column":2},"end":{"line":8,"column":14}},"10":{"start":{"line":12,"column":17},"end":{"line":12,"column":24}},"11":{"start":{"line":13,"column":19},"end":{"line":13,"column":53}},"12":{"start":{"line":15,"column":23},"end":{"line":17,"column":42}},"13":{"start":{"line":16,"column":16},"end":{"line":16,"column":25}},"14":{"start":{"line":17,"column":25},"end":{"line":17,"column":41}},"15":{"start":{"line":19,"column":19},"end":{"line":19,"column":53}},"16":{"start":{"line":21,"column":23},"end":{"line":23,"column":42}},"17":{"start":{"line":22,"column":16},"end":{"line":22,"column":25}},"18":{"start":{"line":23,"column":25},"end":{"line":23,"column":41}},"19":{"start":{"line":25,"column":2},"end":{"line":25,"column":40}},"20":{"start":{"line":29,"column":15},"end":{"line":29,"column":39}},"21":{"start":{"line":30,"column":2},"end":{"line":31,"column":47}},"22":{"start":{"line":31,"column":4},"end":{"line":31,"column":47}},"23":{"start":{"line":33,"column":2},"end":{"line":33,"column":14}},"24":{"start":{"line":37,"column":15},"end":{"line":37,"column":48}},"25":{"start":{"line":38,"column":2},"end":{"line":38,"column":56}},"26":{"start":{"line":38,"column":13},"end":{"line":38,"column":56}},"27":{"start":{"line":39,"column":22},"end":{"line":39,"column":67}},"28":{"start":{"line":40,"column":2},"end":{"line":40,"column":21}}},"fnMap":{"0":{"name":"getUserByIdService","decl":{"start":{"line":5,"column":22},"end":{"line":5,"column":40}},"loc":{"start":{"line":5,"column":51},"end":{"line":9,"column":1}}},"1":{"name":"getUserLikeService","decl":{"start":{"line":11,"column":22},"end":{"line":11,"column":40}},"loc":{"start":{"line":11,"column":51},"end":{"line":26,"column":1}}},"2":{"name":"(anonymous_11)","decl":{"start":{"line":16,"column":9},"end":{"line":16,"column":10}},"loc":{"start":{"line":16,"column":16},"end":{"line":16,"column":25}}},"3":{"name":"(anonymous_12)","decl":{"start":{"line":17,"column":12},"end":{"line":17,"column":13}},"loc":{"start":{"line":17,"column":25},"end":{"line":17,"column":41}}},"4":{"name":"(anonymous_13)","decl":{"start":{"line":22,"column":9},"end":{"line":22,"column":10}},"loc":{"start":{"line":22,"column":16},"end":{"line":22,"column":25}}},"5":{"name":"(anonymous_14)","decl":{"start":{"line":23,"column":12},"end":{"line":23,"column":13}},"loc":{"start":{"line":23,"column":25},"end":{"line":23,"column":41}}},"6":{"name":"getUserService","decl":{"start":{"line":28,"column":22},"end":{"line":28,"column":36}},"loc":{"start":{"line":28,"column":36},"end":{"line":34,"column":1}}},"7":{"name":"updateUserService","decl":{"start":{"line":36,"column":22},"end":{"line":36,"column":39}},"loc":{"start":{"line":36,"column":72},"end":{"line":41,"column":1}}}},"branchMap":{"0":{"loc":{"start":{"line":7,"column":2},"end":{"line":7,"column":56}},"type":"if","locations":[{"start":{"line":7,"column":2},"end":{"line":7,"column":56}},{"start":{},"end":{}}]},"1":{"loc":{"start":{"line":30,"column":2},"end":{"line":31,"column":47}},"type":"if","locations":[{"start":{"line":30,"column":2},"end":{"line":31,"column":47}},{"start":{},"end":{}}]},"2":{"loc":{"start":{"line":30,"column":6},"end":{"line":30,"column":32}},"type":"binary-expr","locations":[{"start":{"line":30,"column":6},"end":{"line":30,"column":11}},{"start":{"line":30,"column":15},"end":{"line":30,"column":32}}]},"3":{"loc":{"start":{"line":38,"column":2},"end":{"line":38,"column":56}},"type":"if","locations":[{"start":{"line":38,"column":2},"end":{"line":38,"column":56}},{"start":{},"end":{}}]}},"s":{"0":3,"1":3,"2":3,"3":3,"4":3,"5":3,"6":0,"7":0,"8":0,"9":0,"10":0,"11":0,"12":0,"13":0,"14":0,"15":0,"16":0,"17":0,"18":0,"19":0,"20":0,"21":0,"22":0,"23":0,"24":0,"25":0,"26":0,"27":0,"28":0},"f":{"0":0,"1":0,"2":0,"3":0,"4":0,"5":0,"6":0,"7":0},"b":{"0":[0,0],"1":[0,0],"2":[0,0],"3":[0,0]}}
,"/Users/apple/4-sprint-mission/8/src/utils/decorators.ts": {"path":"/Users/apple/4-sprint-mission/8/src/utils/decorators.ts","statementMap":{"0":{"start":{"line":10,"column":0},"end":{"line":10,"column":16}},"1":{"start":{"line":28,"column":0},"end":{"line":28,"column":16}},"2":{"start":{"line":42,"column":0},"end":{"line":42,"column":16}},"3":{"start":{"line":1,"column":0},"end":{"line":1,"column":null}},"4":{"start":{"line":11,"column":20},"end":{"line":11,"column":66}},"5":{"start":{"line":12,"column":21},"end":{"line":14,"column":4}},"6":{"start":{"line":15,"column":19},"end":{"line":15,"column":69}},"7":{"start":{"line":16,"column":17},"end":{"line":18,"column":4}},"8":{"start":{"line":20,"column":2},"end":{"line":25,"column":4}},"9":{"start":{"line":21,"column":4},"end":{"line":21,"column":35}},"10":{"start":{"line":22,"column":4},"end":{"line":22,"column":36}},"11":{"start":{"line":23,"column":4},"end":{"line":23,"column":34}},"12":{"start":{"line":24,"column":4},"end":{"line":24,"column":32}},"13":{"start":{"line":29,"column":20},"end":{"line":29,"column":66}},"14":{"start":{"line":30,"column":21},"end":{"line":32,"column":4}},"15":{"start":{"line":33,"column":16},"end":{"line":33,"column":61}},"16":{"start":{"line":35,"column":2},"end":{"line":39,"column":4}},"17":{"start":{"line":36,"column":4},"end":{"line":36,"column":35}},"18":{"start":{"line":37,"column":4},"end":{"line":37,"column":36}},"19":{"start":{"line":38,"column":4},"end":{"line":38,"column":31}},"20":{"start":{"line":43,"column":20},"end":{"line":43,"column":66}},"21":{"start":{"line":44,"column":21},"end":{"line":46,"column":4}},"22":{"start":{"line":47,"column":18},"end":{"line":47,"column":66}},"23":{"start":{"line":48,"column":2},"end":{"line":52,"column":4}},"24":{"start":{"line":49,"column":4},"end":{"line":49,"column":35}},"25":{"start":{"line":50,"column":4},"end":{"line":50,"column":36}},"26":{"start":{"line":51,"column":4},"end":{"line":51,"column":33}}},"fnMap":{"0":{"name":"RequiredString","decl":{"start":{"line":10,"column":16},"end":{"line":10,"column":30}},"loc":{"start":{"line":10,"column":74},"end":{"line":26,"column":1}}},"1":{"name":"(anonymous_1)","decl":{"start":{"line":20,"column":9},"end":{"line":20,"column":19}},"loc":{"start":{"line":20,"column":51},"end":{"line":25,"column":3}}},"2":{"name":"RequiredInt","decl":{"start":{"line":28,"column":16},"end":{"line":28,"column":27}},"loc":{"start":{"line":28,"column":45},"end":{"line":40,"column":1}}},"3":{"name":"(anonymous_3)","decl":{"start":{"line":35,"column":9},"end":{"line":35,"column":19}},"loc":{"start":{"line":35,"column":51},"end":{"line":39,"column":3}}},"4":{"name":"RequiredArray","decl":{"start":{"line":42,"column":16},"end":{"line":42,"column":29}},"loc":{"start":{"line":42,"column":47},"end":{"line":53,"column":1}}},"5":{"name":"(anonymous_5)","decl":{"start":{"line":48,"column":9},"end":{"line":48,"column":19}},"loc":{"start":{"line":48,"column":51},"end":{"line":52,"column":3}}}},"branchMap":{},"s":{"0":3,"1":3,"2":3,"3":3,"4":15,"5":15,"6":15,"7":15,"8":15,"9":15,"10":15,"11":15,"12":15,"13":3,"14":3,"15":3,"16":3,"17":3,"18":3,"19":3,"20":3,"21":3,"22":3,"23":3,"24":3,"25":3,"26":3},"f":{"0":15,"1":15,"2":3,"3":3,"4":3,"5":3},"b":{}}
,"/Users/apple/4-sprint-mission/8/src/utils/dto.ts": {"path":"/Users/apple/4-sprint-mission/8/src/utils/dto.ts","statementMap":{"0":{"start":{"line":1,"column":0},"end":{"line":1,"column":74}},"1":{"start":{"line":3,"column":0},"end":{"line":3,"column":13}},"2":{"start":{"line":5,"column":2},"end":{"line":5,"column":null}},"3":{"start":{"line":8,"column":2},"end":{"line":8,"column":null}},"4":{"start":{"line":11,"column":0},"end":{"line":11,"column":13}},"5":{"start":{"line":13,"column":2},"end":{"line":13,"column":null}},"6":{"start":{"line":16,"column":2},"end":{"line":16,"column":null}},"7":{"start":{"line":19,"column":2},"end":{"line":19,"column":null}},"8":{"start":{"line":22,"column":2},"end":{"line":22,"column":null}},"9":{"start":{"line":25,"column":0},"end":{"line":25,"column":13}},"10":{"start":{"line":27,"column":2},"end":{"line":27,"column":null}}},"fnMap":{},"branchMap":{},"s":{"0":3,"1":3,"2":3,"3":3,"4":3,"5":3,"6":3,"7":3,"8":3,"9":3,"10":3},"f":{},"b":{}}
,"/Users/apple/4-sprint-mission/8/src/utils/error.ts": {"path":"/Users/apple/4-sprint-mission/8/src/utils/error.ts","statementMap":{"0":{"start":{"line":3,"column":4},"end":{"line":3,"column":19}},"1":{"start":{"line":2,"column":21},"end":{"line":2,"column":36}},"2":{"start":{"line":2,"column":45},"end":{"line":2,"column":63}},"3":{"start":{"line":4,"column":4},"end":{"line":4,"column":33}},"4":{"start":{"line":5,"column":4},"end":{"line":5,"column":52}},"5":{"start":{"line":1,"column":0},"end":{"line":1,"column":13}}},"fnMap":{"0":{"name":"(anonymous_0)","decl":{"start":{"line":2,"column":2},"end":{"line":2,"column":21}},"loc":{"start":{"line":2,"column":63},"end":{"line":6,"column":3}}}},"branchMap":{},"s":{"0":2,"1":2,"2":2,"3":2,"4":2,"5":3},"f":{"0":2},"b":{}}
}
