TN:
SF:src/app.ts
FN:34,(anonymous_1)
FN:37,(anonymous_2)
FN:42,(anonymous_3)
FN:47,sendNotification
FNF:4
FNH:0
FNDA:0,(anonymous_1)
FNDA:0,(anonymous_2)
FNDA:0,(anonymous_3)
FNDA:0,sendNotification
DA:1,3
DA:2,3
DA:3,3
DA:4,3
DA:6,3
DA:7,3
DA:8,3
DA:9,3
DA:10,3
DA:11,3
DA:13,3
DA:14,3
DA:16,3
DA:17,3
DA:19,3
DA:20,3
DA:21,3
DA:22,3
DA:23,3
DA:24,3
DA:25,3
DA:27,3
DA:34,3
DA:35,0
DA:37,0
DA:38,0
DA:39,0
DA:42,0
DA:43,0
DA:47,3
DA:48,0
DA:51,3
DA:57,3
LF:33
LH:26
BRDA:51,0,0,3
BRDA:51,0,1,0
BRF:2
BRH:1
end_of_record
TN:
SF:src/controllers/article_controller.ts
FN:21,createArticleController
FN:43,deleteArticleController
FN:64,getArticleByIdController
FN:85,getArticleController
FN:108,updateArticleController
FNF:5
FNH:5
FNDA:1,createArticleController
FNDA:1,deleteArticleController
FNDA:1,getArticleByIdController
FNDA:1,getArticleController
FNDA:1,updateArticleController
DA:2,3
DA:9,3
DA:21,3
DA:25,1
DA:26,1
DA:27,1
DA:29,1
DA:30,0
DA:32,1
DA:33,1
DA:35,0
DA:36,0
DA:38,0
DA:43,3
DA:47,1
DA:48,1
DA:49,1
DA:50,1
DA:51,0
DA:53,1
DA:54,1
DA:56,0
DA:57,0
DA:59,0
DA:64,3
DA:68,1
DA:69,1
DA:70,1
DA:71,1
DA:72,0
DA:74,1
DA:75,0
DA:77,1
DA:78,1
DA:80,0
DA:85,3
DA:89,1
DA:90,1
DA:91,1
DA:92,1
DA:93,1
DA:94,1
DA:95,0
DA:97,1
DA:98,1
DA:100,0
DA:101,0
DA:103,0
DA:108,3
DA:112,1
DA:113,1
DA:114,1
DA:115,1
DA:116,1
DA:118,1
DA:119,1
DA:120,1
DA:121,0
DA:123,1
DA:124,1
DA:126,0
DA:127,0
DA:129,0
LF:63
LH:44
BRDA:29,0,0,0
BRDA:29,0,1,1
BRDA:35,1,0,0
BRDA:35,1,1,0
BRDA:50,2,0,0
BRDA:50,2,1,1
BRDA:56,3,0,0
BRDA:56,3,1,0
BRDA:71,4,0,0
BRDA:71,4,1,1
BRDA:77,5,0,1
BRDA:77,5,1,0
BRDA:90,6,0,1
BRDA:90,6,1,1
BRDA:91,7,0,1
BRDA:91,7,1,1
BRDA:92,8,0,1
BRDA:92,8,1,1
BRDA:94,9,0,0
BRDA:94,9,1,1
BRDA:100,10,0,0
BRDA:100,10,1,0
BRDA:118,11,0,1
BRDA:118,11,1,0
BRDA:119,12,0,0
BRDA:119,12,1,1
BRDA:120,13,0,0
BRDA:120,13,1,1
BRDA:126,14,0,0
BRDA:126,14,1,0
BRF:30
BRH:14
end_of_record
TN:
SF:src/controllers/comment_controller.ts
FN:25,createArticleCommentController
FN:43,createProductCommentController
FN:60,deleteCommentController
FN:81,getArticleCommentController
FN:97,getProductCommentController
FN:113,updateCommentController
FNF:6
FNH:0
FNDA:0,createArticleCommentController
FNDA:0,createProductCommentController
FNDA:0,deleteCommentController
FNDA:0,getArticleCommentController
FNDA:0,getProductCommentController
FNDA:0,updateCommentController
DA:2,3
DA:10,3
DA:25,3
DA:29,0
DA:30,0
DA:31,0
DA:32,0
DA:33,0
DA:34,0
DA:36,0
DA:37,0
DA:39,0
DA:43,3
DA:47,0
DA:48,0
DA:49,0
DA:50,0
DA:51,0
DA:52,0
DA:54,0
DA:55,0
DA:57,0
DA:60,3
DA:64,0
DA:65,0
DA:66,0
DA:67,0
DA:68,0
DA:70,0
DA:71,0
DA:73,0
DA:74,0
DA:76,0
DA:81,3
DA:85,0
DA:86,0
DA:87,0
DA:88,0
DA:90,0
DA:91,0
DA:93,0
DA:97,3
DA:101,0
DA:102,0
DA:103,0
DA:104,0
DA:106,0
DA:107,0
DA:109,0
DA:113,3
DA:117,0
DA:118,0
DA:119,0
DA:120,0
DA:121,0
DA:122,0
DA:124,0
DA:125,0
DA:127,0
DA:128,0
DA:130,0
LF:61
LH:8
BRDA:33,0,0,0
BRDA:33,0,1,0
BRDA:51,1,0,0
BRDA:51,1,1,0
BRDA:67,2,0,0
BRDA:67,2,1,0
BRDA:73,3,0,0
BRDA:73,3,1,0
BRDA:87,4,0,0
BRDA:87,4,1,0
BRDA:88,5,0,0
BRDA:88,5,1,0
BRDA:103,6,0,0
BRDA:103,6,1,0
BRDA:104,7,0,0
BRDA:104,7,1,0
BRDA:121,8,0,0
BRDA:121,8,1,0
BRDA:127,9,0,0
BRDA:127,9,1,0
BRF:20
BRH:0
end_of_record
TN:
SF:src/controllers/like_controller.ts
FN:11,ArticleLikeController
FN:28,ProductLikeController
FNF:2
FNH:0
FNDA:0,ArticleLikeController
FNDA:0,ProductLikeController
DA:2,3
DA:11,3
DA:15,0
DA:16,0
DA:17,0
DA:18,0
DA:19,0
DA:21,0
DA:22,0
DA:24,0
DA:28,3
DA:32,0
DA:33,0
DA:34,0
DA:35,0
DA:36,0
DA:38,0
DA:39,0
DA:41,0
LF:19
LH:3
BRDA:18,0,0,0
BRDA:18,0,1,0
BRDA:35,1,0,0
BRDA:35,1,1,0
BRF:4
BRH:0
end_of_record
TN:
SF:src/controllers/notification_controller.ts
FN:5,getNotificationsController
FN:17,readNotificationController
FNF:2
FNH:0
FNDA:0,getNotificationsController
FNDA:0,readNotificationController
DA:2,3
DA:5,3
DA:6,0
DA:7,0
DA:8,0
DA:10,0
DA:13,0
DA:17,3
DA:18,0
DA:19,0
DA:20,0
DA:21,0
DA:23,0
DA:26,0
LF:14
LH:3
BRDA:7,0,0,0
BRDA:7,0,1,0
BRDA:20,1,0,0
BRDA:20,1,1,0
BRF:4
BRH:0
end_of_record
TN:
SF:src/controllers/product_controller.ts
FN:21,createProductController
FN:42,deleteProductController
FN:63,getProductByIdController
FN:84,getProductController
FN:107,updateProductController
FNF:5
FNH:5
FNDA:1,createProductController
FNDA:1,deleteProductController
FNDA:2,getProductByIdController
FNDA:1,getProductController
FNDA:1,updateProductController
DA:2,3
DA:9,3
DA:21,3
DA:25,1
DA:26,1
DA:27,1
DA:28,1
DA:29,0
DA:31,1
DA:32,1
DA:34,0
DA:35,0
DA:37,0
DA:42,3
DA:46,1
DA:47,1
DA:48,1
DA:49,1
DA:50,0
DA:52,1
DA:53,1
DA:55,0
DA:56,0
DA:58,0
DA:63,3
DA:67,2
DA:68,2
DA:69,2
DA:70,2
DA:71,0
DA:73,2
DA:74,1
DA:76,1
DA:77,1
DA:79,0
DA:84,3
DA:88,1
DA:89,1
DA:90,1
DA:91,1
DA:92,1
DA:93,1
DA:94,0
DA:96,1
DA:97,1
DA:99,0
DA:100,0
DA:102,0
DA:107,3
DA:111,1
DA:112,1
DA:113,1
DA:114,1
DA:115,1
DA:117,1
DA:118,1
DA:119,1
DA:120,1
DA:122,1
DA:123,0
DA:125,1
DA:126,1
DA:128,0
DA:129,0
DA:131,0
LF:65
LH:47
BRDA:28,0,0,0
BRDA:28,0,1,1
BRDA:34,1,0,0
BRDA:34,1,1,0
BRDA:49,2,0,0
BRDA:49,2,1,1
BRDA:55,3,0,0
BRDA:55,3,1,0
BRDA:70,4,0,0
BRDA:70,4,1,2
BRDA:76,5,0,1
BRDA:76,5,1,0
BRDA:89,6,0,1
BRDA:89,6,1,1
BRDA:90,7,0,1
BRDA:90,7,1,1
BRDA:91,8,0,1
BRDA:91,8,1,1
BRDA:93,9,0,0
BRDA:93,9,1,1
BRDA:99,10,0,0
BRDA:99,10,1,0
BRDA:117,11,0,1
BRDA:117,11,1,0
BRDA:118,12,0,0
BRDA:118,12,1,1
BRDA:119,13,0,0
BRDA:119,13,1,1
BRDA:120,14,0,0
BRDA:120,14,1,1
BRDA:122,15,0,0
BRDA:122,15,1,1
BRDA:128,16,0,0
BRDA:128,16,1,0
BRF:34
BRH:16
end_of_record
TN:
SF:src/controllers/user_controller.ts
FN:15,getUserByIdController
FN:39,getUserController
FN:52,getUserLikeController
FN:72,updateUserController
FNF:4
FNH:0
FNDA:0,getUserByIdController
FNDA:0,getUserController
FNDA:0,getUserLikeController
FNDA:0,updateUserController
DA:2,3
DA:8,3
DA:9,3
DA:15,3
DA:19,0
DA:20,0
DA:21,0
DA:22,0
DA:24,0
DA:25,0
DA:26,0
DA:28,0
DA:29,0
DA:31,0
DA:32,0
DA:34,0
DA:39,3
DA:40,0
DA:41,0
DA:42,0
DA:44,0
DA:45,0
DA:47,0
DA:52,3
DA:56,0
DA:57,0
DA:58,0
DA:59,0
DA:60,0
DA:62,0
DA:63,0
DA:64,0
DA:65,0
DA:66,0
DA:68,0
DA:72,3
DA:76,0
DA:77,0
DA:78,0
DA:79,0
DA:81,0
DA:82,0
DA:83,0
DA:84,0
DA:85,0
DA:87,0
DA:88,0
DA:90,0
DA:91,0
DA:93,0
DA:94,0
DA:96,0
DA:97,0
DA:99,0
LF:54
LH:7
BRDA:21,0,0,0
BRDA:21,0,1,0
BRDA:25,1,0,0
BRDA:25,1,1,0
BRDA:31,2,0,0
BRDA:31,2,1,0
BRDA:44,3,0,0
BRDA:44,3,1,0
BRDA:59,4,0,0
BRDA:59,4,1,0
BRDA:63,5,0,0
BRDA:63,5,1,0
BRDA:78,6,0,0
BRDA:78,6,1,0
BRDA:82,7,0,0
BRDA:82,7,1,0
BRDA:90,8,0,0
BRDA:90,8,1,0
BRDA:91,9,0,0
BRDA:91,9,1,0
BRDA:96,10,0,0
BRDA:96,10,1,0
BRF:22
BRH:0
end_of_record
TN:
SF:src/lib/constants.ts
FNF:0
FNH:0
DA:1,3
DA:3,3
DA:5,3
DA:6,3
DA:8,3
DA:10,3
DA:11,3
DA:12,3
DA:15,3
DA:16,3
DA:17,3
DA:18,3
DA:19,3
DA:20,3
LF:14
LH:14
BRDA:5,0,0,3
BRDA:5,0,1,0
BRDA:6,1,0,3
BRDA:6,1,1,0
BRDA:8,2,0,3
BRDA:8,2,1,3
BRDA:10,3,0,3
BRDA:10,3,1,3
BRF:8
BRH:6
end_of_record
TN:
SF:src/lib/token.ts
FN:4,generateTokens
FN:14,verifyAccessToken
FN:19,verifyRefreshToken
FNF:3
FNH:2
FNDA:3,generateTokens
FNDA:11,verifyAccessToken
FNDA:0,verifyRefreshToken
DA:1,3
DA:2,3
DA:5,3
DA:8,3
DA:11,3
DA:15,11
DA:16,11
DA:20,0
DA:21,0
DA:24,3
LF:10
LH:8
BRF:0
BRH:0
end_of_record
TN:
SF:src/middleware/authenticate.ts
FN:6,authenticate
FNF:1
FNH:1
FNDA:21,authenticate
DA:1,3
DA:3,3
DA:4,3
DA:7,21
DA:8,21
DA:9,10
DA:11,11
DA:12,11
DA:13,11
DA:14,11
DA:16,0
DA:18,11
DA:21,3
LF:13
LH:12
BRDA:8,0,0,10
BRDA:8,0,1,11
BRF:2
BRH:2
end_of_record
TN:
SF:src/middleware/validate.ts
FN:10,validateArticle
FN:20,(anonymous_1)
FN:30,validateProduct
FN:40,(anonymous_3)
FN:49,validateContent
FN:59,(anonymous_5)
FN:68,validateId
FNF:7
FNH:2
FNDA:1,validateArticle
FNDA:0,(anonymous_1)
FNDA:1,validateProduct
FNDA:0,(anonymous_3)
FNDA:0,validateContent
FNDA:0,(anonymous_5)
FNDA:0,validateId
DA:2,3
DA:3,3
DA:4,3
DA:10,3
DA:15,1
DA:16,1
DA:18,1
DA:19,0
DA:20,0
DA:27,1
DA:30,3
DA:35,1
DA:36,1
DA:38,1
DA:39,0
DA:40,0
DA:46,1
DA:49,3
DA:54,0
DA:55,0
DA:57,0
DA:58,0
DA:59,0
DA:65,0
DA:68,3
DA:73,0
DA:74,0
DA:75,0
DA:77,0
DA:78,0
LF:30
LH:15
BRDA:18,0,0,0
BRDA:18,0,1,1
BRDA:22,1,0,0
BRDA:22,1,1,0
BRDA:38,2,0,0
BRDA:38,2,1,1
BRDA:42,3,0,0
BRDA:42,3,1,0
BRDA:57,4,0,0
BRDA:57,4,1,0
BRDA:61,5,0,0
BRDA:61,5,1,0
BRDA:74,6,0,0
BRDA:74,6,1,0
BRF:14
BRH:2
end_of_record
TN:
SF:src/repository/article_repository.ts
FN:3,findUniqueRepo
FN:7,createArticleRepo
FN:17,deleteArticleRepo
FN:23,getArticleByIdRepo
FN:43,getArticleRepo
FN:72,updateArticleRepo
FNF:6
FNH:6
FNDA:2,findUniqueRepo
FNDA:1,createArticleRepo
FNDA:1,deleteArticleRepo
FNDA:1,getArticleByIdRepo
FNDA:1,getArticleRepo
FNDA:1,updateArticleRepo
DA:1,3
DA:3,3
DA:4,2
DA:7,3
DA:12,1
DA:17,3
DA:18,1
DA:23,3
DA:24,1
DA:43,3
DA:48,1
DA:72,3
DA:77,1
LF:13
LH:13
BRF:0
BRH:0
end_of_record
TN:
SF:src/repository/comment_repository.ts
FN:3,findUniqueRepo
FN:7,createArticleCommentRepo
FN:22,createProductCommentRepo
FN:37,deleteCommentRepo
FN:43,getArticleRepo
FN:58,getProductRepo
FN:73,updateCommentRepo
FN:86,findArticleAuthor
FNF:8
FNH:0
FNDA:0,findUniqueRepo
FNDA:0,createArticleCommentRepo
FNDA:0,createProductCommentRepo
FNDA:0,deleteCommentRepo
FNDA:0,getArticleRepo
FNDA:0,getProductRepo
FNDA:0,updateCommentRepo
FNDA:0,findArticleAuthor
DA:1,3
DA:3,3
DA:4,0
DA:7,3
DA:12,0
DA:13,0
DA:22,3
DA:27,0
DA:28,0
DA:37,3
DA:38,0
DA:43,3
DA:44,0
DA:58,3
DA:59,0
DA:73,3
DA:78,0
DA:79,0
DA:86,3
DA:87,0
LF:20
LH:9
BRDA:47,0,0,0
BRDA:47,0,1,0
BRDA:48,1,0,0
BRDA:48,1,1,0
BRDA:62,2,0,0
BRDA:62,2,1,0
BRDA:63,3,0,0
BRDA:63,3,1,0
BRF:8
BRH:0
end_of_record
TN:
SF:src/repository/like_repository.ts
FN:3,findUniqueArticle
FN:10,deleteArticleLikeRepo
FN:17,ArticleLikeRepo
FN:27,findUniqeProduct
FN:34,deleteProductLikeRepo
FN:41,ProductLikeRepo
FNF:6
FNH:0
FNDA:0,findUniqueArticle
FNDA:0,deleteArticleLikeRepo
FNDA:0,ArticleLikeRepo
FNDA:0,findUniqeProduct
FNDA:0,deleteProductLikeRepo
FNDA:0,ProductLikeRepo
DA:1,3
DA:3,3
DA:4,0
DA:5,0
DA:10,3
DA:11,0
DA:12,0
DA:17,3
DA:18,0
DA:19,0
DA:27,3
DA:28,0
DA:29,0
DA:34,3
DA:35,0
DA:36,0
DA:41,3
DA:42,0
DA:43,0
LF:19
LH:7
BRF:0
BRH:0
end_of_record
TN:
SF:src/repository/notification_repository.ts
FN:4,createNotification
FN:14,getNotifications
FN:21,readNotification
FN:29,getNotreadNotifications
FNF:4
FNH:0
FNDA:0,createNotification
FNDA:0,getNotifications
FNDA:0,readNotification
FNDA:0,getNotreadNotifications
DA:1,3
DA:4,3
DA:5,0
DA:14,3
DA:15,0
DA:21,3
DA:22,0
DA:29,3
DA:30,0
LF:9
LH:5
BRF:0
BRH:0
end_of_record
TN:
SF:src/repository/prisma.ts
FNF:0
FNH:0
DA:1,3
DA:3,3
DA:5,3
LF:3
LH:3
BRF:0
BRH:0
end_of_record
TN:
SF:src/repository/product_repository.ts
FN:3,findUniqueProduct
FN:7,createProductRepo
FN:19,deleteProduct
FN:25,getProductByIdRepo
FN:47,getProductRepo
FN:81,updateProduct
FN:89,findUserLikedProduct
FNF:7
FNH:6
FNDA:2,findUniqueProduct
FNDA:1,createProductRepo
FNDA:1,deleteProduct
FNDA:2,getProductByIdRepo
FNDA:1,getProductRepo
FNDA:1,updateProduct
FNDA:0,findUserLikedProduct
DA:1,3
DA:3,3
DA:4,2
DA:7,3
DA:8,1
DA:19,3
DA:20,1
DA:25,3
DA:26,2
DA:47,3
DA:52,1
DA:81,3
DA:82,1
DA:89,3
DA:90,0
LF:15
LH:14
BRF:0
BRH:0
end_of_record
TN:
SF:src/repository/user_repository.ts
FN:3,getUserById
FN:14,getArticles
FN:21,getProducts
FN:28,getUser
FN:38,findUniqueUser
FN:42,updateUser
FNF:6
FNH:0
FNDA:0,getUserById
FNDA:0,getArticles
FNDA:0,getProducts
FNDA:0,getUser
FNDA:0,findUniqueUser
FNDA:0,updateUser
DA:1,3
DA:3,3
DA:4,0
DA:14,3
DA:15,0
DA:21,3
DA:22,0
DA:28,3
DA:29,0
DA:38,3
DA:39,0
DA:42,3
DA:43,0
LF:13
LH:7
BRF:0
BRH:0
end_of_record
TN:
SF:src/routes/article_router.ts
FNF:0
FNH:0
DA:1,3
DA:2,3
DA:9,3
DA:10,3
DA:12,3
DA:19,3
DA:21,3
DA:23,3
DA:27,3
DA:33,3
DA:35,3
DA:39,3
DA:44,3
LF:13
LH:13
BRF:0
BRH:0
end_of_record
TN:
SF:src/routes/login_router.ts
FN:19,register
FN:32,login
FN:48,refreshTokens
FN:63,logout
FN:68,setTokenCookies
FN:86,clearTokenCookies
FNF:6
FNH:3
FNDA:3,register
FNDA:3,login
FNDA:0,refreshTokens
FNDA:0,logout
FNDA:3,setTokenCookies
FNDA:0,clearTokenCookies
DA:1,3
DA:2,3
DA:4,3
DA:5,3
DA:6,3
DA:12,3
DA:14,3
DA:15,3
DA:16,3
DA:17,3
DA:20,3
DA:22,3
DA:23,3
DA:24,3
DA:28,1
DA:29,1
DA:33,3
DA:34,3
DA:35,3
DA:36,0
DA:38,3
DA:39,3
DA:40,0
DA:42,3
DA:43,3
DA:45,3
DA:49,0
DA:50,0
DA:52,0
DA:53,0
DA:54,0
DA:56,0
DA:59,0
DA:60,0
DA:64,0
DA:65,0
DA:73,3
DA:78,3
DA:87,0
DA:88,0
DA:91,3
LF:41
LH:27
BRDA:35,0,0,0
BRDA:35,0,1,3
BRDA:39,1,0,0
BRDA:39,1,1,3
BRDA:50,2,0,0
BRDA:50,2,1,0
BRDA:54,3,0,0
BRDA:54,3,1,0
BRF:8
BRH:2
end_of_record
TN:
SF:src/routes/notification_router.ts
FNF:0
FNH:0
DA:1,3
DA:2,3
DA:3,3
DA:5,3
DA:7,3
DA:14,3
LF:6
LH:6
BRF:0
BRH:0
end_of_record
TN:
SF:src/routes/product_router.ts
FNF:0
FNH:0
DA:1,3
DA:3,3
DA:4,3
DA:6,3
DA:14,3
DA:21,3
DA:23,3
DA:25,3
DA:29,3
DA:35,3
DA:37,3
DA:41,3
DA:46,3
LF:13
LH:13
BRF:0
BRH:0
end_of_record
TN:
SF:src/routes/upload_router.ts
FN:12,(anonymous_1)
FN:15,(anonymous_2)
FN:23,(anonymous_3)
FN:29,(anonymous_4)
FNF:4
FNH:0
FNDA:0,(anonymous_1)
FNDA:0,(anonymous_2)
FNDA:0,(anonymous_3)
FNDA:0,(anonymous_4)
DA:1,3
DA:2,3
DA:3,3
DA:4,3
DA:6,3
DA:7,3
DA:8,3
DA:9,0
DA:11,3
DA:13,0
DA:16,0
DA:17,0
DA:21,3
DA:23,3
DA:24,0
DA:25,0
DA:26,0
DA:28,0
DA:29,0
DA:31,0
DA:34,3
LF:21
LH:11
BRDA:8,0,0,0
BRDA:8,0,1,3
BRDA:25,1,0,0
BRDA:25,1,1,0
BRDA:25,2,0,0
BRDA:25,2,1,0
BRF:6
BRH:1
end_of_record
TN:
SF:src/routes/user_router.ts
FNF:0
FNH:0
DA:1,3
DA:3,3
DA:5,3
DA:11,3
DA:13,3
DA:14,3
DA:19,3
DA:21,3
LF:8
LH:8
BRF:0
BRH:0
end_of_record
TN:
SF:src/services/article_service.ts
FN:4,createArticleService
FN:17,deleteArticleService
FN:24,getArticleByIdService
FN:33,(anonymous_12)
FN:37,getArticleService
FN:45,(anonymous_14)
FN:48,(anonymous_15)
FN:55,updateArticleService
FNF:8
FNH:5
FNDA:1,createArticleService
FNDA:1,deleteArticleService
FNDA:1,getArticleByIdService
FNDA:0,(anonymous_12)
FNDA:1,getArticleService
FNDA:0,(anonymous_14)
FNDA:0,(anonymous_15)
FNDA:1,updateArticleService
DA:1,3
DA:2,3
DA:4,3
DA:9,1
DA:14,1
DA:17,3
DA:18,1
DA:19,1
DA:20,1
DA:21,1
DA:24,3
DA:25,1
DA:26,1
DA:27,1
DA:29,0
DA:30,0
DA:33,0
DA:37,3
DA:43,1
DA:44,1
DA:45,1
DA:48,0
DA:51,0
DA:55,3
DA:60,1
DA:61,1
DA:62,0
DA:64,1
DA:65,0
DA:67,1
DA:72,1
LF:31
LH:24
BRDA:19,0,0,0
BRDA:19,0,1,1
BRDA:20,1,0,0
BRDA:20,1,1,1
BRDA:26,2,0,1
BRDA:26,2,1,0
BRDA:32,3,0,0
BRDA:32,3,1,0
BRDA:33,4,0,0
BRDA:33,4,1,0
BRDA:48,5,0,0
BRDA:48,5,1,0
BRDA:61,6,0,0
BRDA:61,6,1,1
BRDA:64,7,0,0
BRDA:64,7,1,1
BRF:16
BRH:5
end_of_record
TN:
SF:src/services/comment_service.ts
FN:5,createArticleCommentService
FN:22,createProductCommentService
FN:35,deleteCommentService
FN:46,getArticleCommentService
FN:55,getProductCommentService
FN:64,updateCommentService
FNF:6
FNH:0
FNDA:0,createArticleCommentService
FNDA:0,createProductCommentService
FNDA:0,deleteCommentService
FNDA:0,getArticleCommentService
FNDA:0,getProductCommentService
FNDA:0,updateCommentService
DA:1,3
DA:2,3
DA:3,3
DA:5,3
DA:10,0
DA:15,0
DA:16,0
DA:17,0
DA:19,0
DA:22,3
DA:27,0
DA:32,0
DA:35,3
DA:39,0
DA:40,0
DA:41,0
DA:42,0
DA:43,0
DA:46,3
DA:51,0
DA:52,0
DA:55,3
DA:60,0
DA:61,0
DA:64,3
DA:69,0
DA:70,0
DA:71,0
DA:72,0
DA:73,0
DA:78,0
LF:31
LH:9
BRDA:41,0,0,0
BRDA:41,0,1,0
BRDA:42,1,0,0
BRDA:42,1,1,0
BRDA:71,2,0,0
BRDA:71,2,1,0
BRDA:72,3,0,0
BRDA:72,3,1,0
BRF:8
BRH:0
end_of_record
TN:
SF:src/services/like_service.ts
FN:3,ArticleLikeService
FN:14,ProductLikeService
FNF:2
FNH:0
FNDA:0,ArticleLikeService
FNDA:0,ProductLikeService
DA:1,3
DA:3,3
DA:4,0
DA:5,0
DA:6,0
DA:7,0
DA:9,0
DA:10,0
DA:14,3
DA:15,0
DA:16,0
DA:17,0
DA:18,0
DA:20,0
DA:21,0
LF:15
LH:3
BRDA:5,0,0,0
BRDA:5,0,1,0
BRDA:16,1,0,0
BRDA:16,1,1,0
BRF:4
BRH:0
end_of_record
TN:
SF:src/services/notification_service.ts
FN:5,createNotificationService
FN:18,getNotificationsService
FN:27,readNotificationService
FNF:3
FNH:0
FNDA:0,createNotificationService
FNDA:0,getNotificationsService
FNDA:0,readNotificationService
DA:1,3
DA:2,3
DA:5,3
DA:9,0
DA:13,0
DA:14,0
DA:18,3
DA:19,0
DA:20,0
DA:23,0
DA:27,3
DA:28,0
DA:29,0
LF:13
LH:5
BRF:0
BRH:0
end_of_record
TN:
SF:src/services/product_service.ts
FN:5,createProductService
FN:10,deleteProductService
FN:17,getProductByIdService
FN:26,(anonymous_12)
FN:30,getProductService
FN:37,(anonymous_14)
FN:40,(anonymous_15)
FN:44,updateProductService
FNF:8
FNH:5
FNDA:1,createProductService
FNDA:1,deleteProductService
FNDA:2,getProductByIdService
FNDA:0,(anonymous_12)
FNDA:1,getProductService
FNDA:0,(anonymous_14)
FNDA:0,(anonymous_15)
FNDA:1,updateProductService
DA:1,3
DA:2,3
DA:3,3
DA:5,3
DA:6,1
DA:7,1
DA:10,3
DA:11,1
DA:12,1
DA:13,1
DA:14,1
DA:17,3
DA:18,2
DA:19,2
DA:20,1
DA:22,1
DA:23,1
DA:26,0
DA:30,3
DA:36,1
DA:37,1
DA:40,0
DA:44,3
DA:49,1
DA:50,1
DA:51,1
DA:52,1
DA:59,1
DA:60,0
DA:61,0
DA:62,0
DA:63,0
DA:64,0
DA:68,1
LF:34
LH:27
BRDA:12,0,0,0
BRDA:12,0,1,1
BRDA:13,1,0,0
BRDA:13,1,1,1
BRDA:19,2,0,1
BRDA:19,2,1,1
BRDA:26,3,0,1
BRDA:26,3,1,1
BRDA:40,4,0,0
BRDA:40,4,1,0
BRDA:50,5,0,0
BRDA:50,5,1,1
BRDA:51,6,0,0
BRDA:51,6,1,1
BRDA:59,7,0,0
BRDA:59,7,1,1
BRDA:59,8,0,1
BRDA:59,8,1,0
BRDA:61,9,0,0
BRDA:61,9,1,0
BRDA:61,10,0,0
BRDA:61,10,1,0
BRF:22
BRH:10
end_of_record
TN:
SF:src/services/user_service.ts
FN:5,getUserByIdService
FN:11,getUserLikeService
FN:16,(anonymous_11)
FN:17,(anonymous_12)
FN:22,(anonymous_13)
FN:23,(anonymous_14)
FN:28,getUserService
FN:36,updateUserService
FNF:8
FNH:0
FNDA:0,getUserByIdService
FNDA:0,getUserLikeService
FNDA:0,(anonymous_11)
FNDA:0,(anonymous_12)
FNDA:0,(anonymous_13)
FNDA:0,(anonymous_14)
FNDA:0,getUserService
FNDA:0,updateUserService
DA:2,3
DA:3,3
DA:5,3
DA:6,0
DA:7,0
DA:8,0
DA:11,3
DA:12,0
DA:13,0
DA:15,0
DA:16,0
DA:17,0
DA:19,0
DA:21,0
DA:22,0
DA:23,0
DA:25,0
DA:28,3
DA:29,0
DA:30,0
DA:31,0
DA:33,0
DA:36,3
DA:37,0
DA:38,0
DA:39,0
DA:40,0
LF:27
LH:6
BRDA:7,0,0,0
BRDA:7,0,1,0
BRDA:30,1,0,0
BRDA:30,1,1,0
BRDA:30,2,0,0
BRDA:30,2,1,0
BRDA:38,3,0,0
BRDA:38,3,1,0
BRF:8
BRH:0
end_of_record
TN:
SF:src/utils/decorators.ts
FN:10,RequiredString
FN:20,(anonymous_1)
FN:28,RequiredInt
FN:35,(anonymous_3)
FN:42,RequiredArray
FN:48,(anonymous_5)
FNF:6
FNH:6
FNDA:15,RequiredString
FNDA:15,(anonymous_1)
FNDA:3,RequiredInt
FNDA:3,(anonymous_3)
FNDA:3,RequiredArray
FNDA:3,(anonymous_5)
DA:1,3
DA:10,3
DA:11,15
DA:12,15
DA:15,15
DA:16,15
DA:20,15
DA:21,15
DA:22,15
DA:23,15
DA:24,15
DA:28,3
DA:29,3
DA:30,3
DA:33,3
DA:35,3
DA:36,3
DA:37,3
DA:38,3
DA:42,3
DA:43,3
DA:44,3
DA:47,3
DA:48,3
DA:49,3
DA:50,3
DA:51,3
LF:27
LH:27
BRF:0
BRH:0
end_of_record
TN:
SF:src/utils/dto.ts
FNF:0
FNH:0
DA:1,3
DA:3,3
DA:5,3
DA:8,3
DA:11,3
DA:13,3
DA:16,3
DA:19,3
DA:22,3
DA:25,3
DA:27,3
LF:11
LH:11
BRF:0
BRH:0
end_of_record
TN:
SF:src/utils/error.ts
FN:2,(anonymous_0)
FNF:1
FNH:1
FNDA:2,(anonymous_0)
DA:1,3
DA:2,2
DA:3,2
DA:4,2
DA:5,2
LF:5
LH:5
BRF:0
BRH:0
end_of_record
